#
# A fatal error has been detected by the Java Runtime Environment:
#
#  SIGSEGV (0xb) at pc=0x00007f9d2c927cd8, pid=4620, tid=140312732976896
#
# JRE version: Java(TM) SE Runtime Environment (7.0_45-b18) (build 1.7.0_45-b18)
# Java VM: Java HotSpot(TM) 64-Bit Server VM (24.45-b08 mixed mode linux-amd64 compressed oops)
# Problematic frame:
# C  [libSpidrTpx3Lib.so.1.0.0+0x8cd8]  SpidrController::requestSetInt(int, int, int)+0x8
#
# Failed to write core dump. Core dumps have been disabled. To enable core dumping, try "ulimit -c unlimited" before starting Java again
#
# If you would like to submit a bug report, please visit:
#   http://bugreport.sun.com/bugreport/crash.jsp
# The crash happened outside the Java Virtual Machine in native code.
# See problematic frame for where to report the bug.
#

---------------  T H R E A D  ---------------

Current thread (0x00007f9d1c251000):  JavaThread "Thread-4" daemon [_thread_in_native, id=4647, stack(0x00007f9d1a8b4000,0x00007f9d1a9b5000)]

siginfo:si_signo=SIGSEGV: si_errno=0, si_code=1 (SEGV_MAPERR), si_addr=0x000000000000001c

Registers:
RAX=0x0000000000000000, RBX=0x000000078019f068, RCX=0x0000000001000000, RDX=0x0000000000000000
RSP=0x00007f9d1a9b3648, RBP=0x00007f9d1a9b3680, RSI=0x0000000000000338, RDI=0x0000000000000000
R8 =0x0000000000000014, R9 =0x0000000000000000, R10=0x00007f9d1a9b33e0, R11=0x00007f9d2c927cd0
R12=0x0000000000000000, R13=0x000000078019f068, R14=0x00007f9d1a9b3718, R15=0x00007f9d1c251000
RIP=0x00007f9d2c927cd8, EFLAGS=0x0000000000010206, CSGSFS=0x0000000000000033, ERR=0x0000000000000006
  TRAPNO=0x000000000000000e

Top of Stack: (sp=0x00007f9d1a9b3648)
0x00007f9d1a9b3648:   00007f9d1bdfd90f 000000078019f068
0x00007f9d1a9b3658:   0000000000000001 00007f9d1a9b3718
0x00007f9d1a9b3668:   00007f9d1c2511e8 00007f9d1a9b36e8
0x00007f9d1a9b3678:   00007f9d7d012b6d 00007f9d1a9b36e8
0x00007f9d1a9b3688:   00007f9d7d012cd8 00007f9d50413968
0x00007f9d1a9b3698:   00007f9d1a9b36b0 00007f9d1c251000
0x00007f9d1a9b36a8:   00007f9d1a9b36a8 000000078019f068
0x00007f9d1a9b36b8:   00007f9d1a9b3718 00000007801a0038
0x00007f9d1a9b36c8:   0000000000000000 000000078019f068
0x00007f9d1a9b36d8:   0000000000000000 00007f9d1a9b3708
0x00007f9d1a9b36e8:   00007f9d1a9b3760 00007f9d7d006350
0x00007f9d1a9b36f8:   0000000000000000 00007f9d7d00ecc0
0x00007f9d1a9b3708:   0000000000000001 0000000000000000
0x00007f9d1a9b3718:   00000007d8fb65c0 00007f9d1a9b3720
0x00007f9d1a9b3728:   000000078018fb92 00007f9d1a9b37c8
0x00007f9d1a9b3738:   0000000780be1f58 0000000000000000
0x00007f9d1a9b3748:   000000078018fdb0 00007f9d1a9b3708
0x00007f9d1a9b3758:   00007f9d1a9b37c8 00007f9d1a9b3810
0x00007f9d1a9b3768:   00007f9d7d006233 0000000000000000
0x00007f9d1a9b3778:   00000007d8a16de8 0000000000000001
0x00007f9d1a9b3788:   0000000000000001 00000007d8a16dc8
0x00007f9d1a9b3798:   0000000000000288 0000000000000006
0x00007f9d1a9b37a8:   0000000000000000 00000000000000ff
0x00007f9d1a9b37b8:   0000000000000000 0000000000000000
0x00007f9d1a9b37c8:   00000007d89b1660 00007f9d1a9b37d0
0x00007f9d1a9b37d8:   000000078018fe71 00007f9d1a9b3820
0x00007f9d1a9b37e8:   0000000780be1f58 0000000000000000
0x00007f9d1a9b37f8:   000000078018fe90 00007f9d1a9b37c8
0x00007f9d1a9b3808:   00007f9d1a9b3820 00007f9d1a9b3868
0x00007f9d1a9b3818:   00007f9d7d006233 00000007d89b1660
0x00007f9d1a9b3828:   00007f9d1a9b3828 0000000780be279b
0x00007f9d1a9b3838:   00007f9d1a9b3880 0000000780be2d90 

Instructions: (pc=0x00007f9d2c927cd8)
0x00007f9d2c927cb8:   0c b9 04 00 00 00 49 89 e0 31 d2 e8 08 e7 ff ff
0x00007f9d2c927cc8:   48 83 c4 18 c3 90 66 90 0f c9 41 b8 14 00 00 00
0x00007f9d2c927cd8:   89 4f 1c b9 14 00 00 00 e9 2b e7 ff ff 90 66 2e
0x00007f9d2c927ce8:   0f 1f 84 00 00 00 00 00 89 f2 31 c9 be 63 05 00 

Register to memory mapping:

RAX=0x0000000000000000 is an unknown value
RBX=0x000000078019f068 is an oop
{method} 
 - klass: {other class}
RCX=0x0000000001000000 is an unknown value
RDX=0x0000000000000000 is an unknown value
RSP=0x00007f9d1a9b3648 is pointing into the stack for thread: 0x00007f9d1c251000
RBP=0x00007f9d1a9b3680 is pointing into the stack for thread: 0x00007f9d1c251000
RSI=0x0000000000000338 is an unknown value
RDI=0x0000000000000000 is an unknown value
R8 =0x0000000000000014 is an unknown value
R9 =0x0000000000000000 is an unknown value
R10=0x00007f9d1a9b33e0 is pointing into the stack for thread: 0x00007f9d1c251000
R11=0x00007f9d2c927cd0: _ZN15SpidrController13requestSetIntEiii+0 in /home/idarraga/daq/SPIDR/software/trunk/Release/libSpidrTpx3Lib.so.1.0.0 at 0x00007f9d2c91f000
R12=0x0000000000000000 is an unknown value
R13=0x000000078019f068 is an oop
{method} 
 - klass: {other class}
R14=0x00007f9d1a9b3718 is pointing into the stack for thread: 0x00007f9d1c251000
R15=0x00007f9d1c251000 is a thread


Stack: [0x00007f9d1a8b4000,0x00007f9d1a9b5000],  sp=0x00007f9d1a9b3648,  free space=1021k
Native frames: (J=compiled Java code, j=interpreted, Vv=VM code, C=native code)
C  [libSpidrTpx3Lib.so.1.0.0+0x8cd8]  SpidrController::requestSetInt(int, int, int)+0x8
j  tpx3jui.SpidrDaqJ.setSenseDac(II)Z+0
j  tpx3jui.FXMLDocumentController$1$1.call()Ljavafx/collections/ObservableList;+122
j  tpx3jui.FXMLDocumentController$1$1.call()Ljava/lang/Object;+1
j  javafx.concurrent.Task$TaskCallable.call()Ljava/lang/Object;+19
j  java.util.concurrent.FutureTask.run()V+42
j  java.util.concurrent.ThreadPoolExecutor.runWorker(Ljava/util/concurrent/ThreadPoolExecutor$Worker;)V+95
j  java.util.concurrent.ThreadPoolExecutor$Worker.run()V+5
j  java.lang.Thread.run()V+11
v  ~StubRoutines::call_stub
V  [libjvm.so+0x5f8485]  JavaCalls::call_helper(JavaValue*, methodHandle*, JavaCallArguments*, Thread*)+0x365
V  [libjvm.so+0x5f6ee8]  JavaCalls::call(JavaValue*, methodHandle, JavaCallArguments*, Thread*)+0x28
V  [libjvm.so+0x5f71b7]  JavaCalls::call_virtual(JavaValue*, KlassHandle, Symbol*, Symbol*, JavaCallArguments*, Thread*)+0x197
V  [libjvm.so+0x5f72d7]  JavaCalls::call_virtual(JavaValue*, Handle, KlassHandle, Symbol*, Symbol*, Thread*)+0x47
V  [libjvm.so+0x6731e5]  thread_entry(JavaThread*, Thread*)+0xe5
V  [libjvm.so+0x94d38f]  JavaThread::thread_main_inner()+0xdf
V  [libjvm.so+0x94d495]  JavaThread::run()+0xf5
V  [libjvm.so+0x815288]  java_start(Thread*)+0x108

Java frames: (J=compiled Java code, j=interpreted, Vv=VM code)
j  tpx3jui.SpidrDaqJ.setSenseDac(II)Z+0
j  tpx3jui.FXMLDocumentController$1$1.call()Ljavafx/collections/ObservableList;+122
j  tpx3jui.FXMLDocumentController$1$1.call()Ljava/lang/Object;+1
j  javafx.concurrent.Task$TaskCallable.call()Ljava/lang/Object;+19
j  java.util.concurrent.FutureTask.run()V+42
j  java.util.concurrent.ThreadPoolExecutor.runWorker(Ljava/util/concurrent/ThreadPoolExecutor$Worker;)V+95
j  java.util.concurrent.ThreadPoolExecutor$Worker.run()V+5
j  java.lang.Thread.run()V+11
v  ~StubRoutines::call_stub

---------------  P R O C E S S  ---------------

Java Threads: ( => current thread )
=>0x00007f9d1c251000 JavaThread "Thread-4" daemon [_thread_in_native, id=4647, stack(0x00007f9d1a8b4000,0x00007f9d1a9b5000)]
  0x00007f9d302ab800 JavaThread "Java2D Disposer" daemon [_thread_blocked, id=4646, stack(0x00007f9d1b576000,0x00007f9d1b677000)]
  0x00007f9d1c13b800 JavaThread "Prism Font Disposer" daemon [_thread_blocked, id=4645, stack(0x00007f9d2c000000,0x00007f9d2c101000)]
  0x00007f9d3c0e6000 JavaThread "JavaFX Application Thread" [_thread_in_vm, id=4644, stack(0x00007f9d2cb31000,0x00007f9d2cc32000)]
  0x00007f9d3c0e5000 JavaThread "Thread-3" daemon [_thread_blocked, id=4643, stack(0x00007f9d48078000,0x00007f9d48179000)]
  0x00007f9d3c03e000 JavaThread "Disposer" daemon [_thread_blocked, id=4640, stack(0x00007f9d580a2000,0x00007f9d581a3000)]
  0x00007f9d3c03d000 JavaThread "QuantumRenderer-0" daemon [_thread_blocked, id=4639, stack(0x00007f9d5b5c8000,0x00007f9d5b6c9000)]
  0x00007f9d80260000 JavaThread "JavaFX-Launcher" [_thread_blocked, id=4638, stack(0x00007f9d5b6c9000,0x00007f9d5b7ca000)]
  0x00007f9d80209000 JavaThread "traceMsgQueueThread" daemon [_thread_blocked, id=4637, stack(0x00007f9d5b9fa000,0x00007f9d5bafb000)]
  0x00007f9d8015d800 JavaThread "Service Thread" daemon [_thread_blocked, id=4635, stack(0x00007f9d5bbfc000,0x00007f9d5bcfd000)]
  0x00007f9d8015b000 JavaThread "C2 CompilerThread1" daemon [_thread_in_native, id=4634, stack(0x00007f9d5bcfd000,0x00007f9d5bdfe000)]
  0x00007f9d80158000 JavaThread "C2 CompilerThread0" daemon [_thread_in_vm, id=4633, stack(0x00007f9d5bdfe000,0x00007f9d5beff000)]
  0x00007f9d8014e000 JavaThread "Signal Dispatcher" daemon [_thread_blocked, id=4632, stack(0x00007f9d5beff000,0x00007f9d5c000000)]
  0x00007f9d80137000 JavaThread "Finalizer" daemon [_thread_blocked, id=4631, stack(0x00007f9d787c8000,0x00007f9d788c9000)]
  0x00007f9d80133000 JavaThread "Reference Handler" daemon [_thread_blocked, id=4630, stack(0x00007f9d788c9000,0x00007f9d789ca000)]
  0x00007f9d8000a000 JavaThread "main" [_thread_blocked, id=4624, stack(0x00007f9d88971000,0x00007f9d88a72000)]

Other Threads:
  0x00007f9d80130800 VMThread [stack: 0x00007f9d789ca000,0x00007f9d78acb000] [id=4629]
  0x00007f9d80168000 WatcherThread [stack: 0x00007f9d5bafb000,0x00007f9d5bbfc000] [id=4636]

VM state:not at safepoint (normal execution)

VM Mutex/Monitor currently owned by a thread: None

Heap
 PSYoungGen      total 37376K, used 32605K [0x00000007d6e80000, 0x00000007d9800000, 0x0000000800000000)
  eden space 32256K, 88% used [0x00000007d6e80000,0x00000007d8a4b478,0x00000007d8e00000)
  from space 5120K, 80% used [0x00000007d8e00000,0x00000007d920c078,0x00000007d9300000)
  to   space 5120K, 0% used [0x00000007d9300000,0x00000007d9300000,0x00000007d9800000)
 ParOldGen       total 83968K, used 72K [0x0000000784c00000, 0x0000000789e00000, 0x00000007d6e80000)
  object space 83968K, 0% used [0x0000000784c00000,0x0000000784c12010,0x0000000789e00000)
 PSPermGen       total 21504K, used 18397K [0x000000077fa00000, 0x0000000780f00000, 0x0000000784c00000)
  object space 21504K, 85% used [0x000000077fa00000,0x0000000780bf77a0,0x0000000780f00000)

Card table byte_map: [0x00007f9d8587e000,0x00007f9d85c82000] byte_map_base: 0x00007f9d81c81000

Polling page: 0x00007f9d88a93000

Code Cache  [0x00007f9d7d000000, 0x00007f9d7d270000, 0x00007f9d80000000)
 total_blobs=837 nmethods=265 adapters=525 free_code_cache=47785Kb largest_free_block=48903168

Compilation events (10 events):
Event: 11.234 Thread 0x00007f9d8015b000  262             java.lang.ThreadLocal::get (34 bytes)
Event: 11.235 Thread 0x00007f9d8015b000 nmethod 262 0x00007f9d7d065ed0 code [0x00007f9d7d066020, 0x00007f9d7d066178]
Event: 11.242 Thread 0x00007f9d80158000  263             javafx.scene.Node::getClip (21 bytes)
Event: 11.244 Thread 0x00007f9d80158000 nmethod 263 0x00007f9d7d065b50 code [0x00007f9d7d065ca0, 0x00007f9d7d065d98]
Event: 11.496 Thread 0x00007f9d8015b000  264             javafx.scene.Node::getStyle (23 bytes)
Event: 11.499 Thread 0x00007f9d8015b000 nmethod 264 0x00007f9d7d070290 code [0x00007f9d7d070420, 0x00007f9d7d0705e8]
Event: 12.149 Thread 0x00007f9d80158000  265             java.lang.String::equalsIgnoreCase (48 bytes)
Event: 12.152 Thread 0x00007f9d8015b000  266             java.net.URL::getProtocol (5 bytes)
Event: 12.153 Thread 0x00007f9d8015b000 nmethod 266 0x00007f9d7d154290 code [0x00007f9d7d1543c0, 0x00007f9d7d154438]
Event: 12.157 Thread 0x00007f9d80158000 nmethod 265 0x00007f9d7d15a310 code [0x00007f9d7d15a480, 0x00007f9d7d15a9d8]

GC Heap History (2 events):
Event: 0.679 GC heap before
{Heap before GC invocations=1 (full 0):
 PSYoungGen      total 37376K, used 32256K [0x00000007d6e80000, 0x00000007d9800000, 0x0000000800000000)
  eden space 32256K, 100% used [0x00000007d6e80000,0x00000007d8e00000,0x00000007d8e00000)
  from space 5120K, 0% used [0x00000007d9300000,0x00000007d9300000,0x00000007d9800000)
  to   space 5120K, 0% used [0x00000007d8e00000,0x00000007d8e00000,0x00000007d9300000)
 ParOldGen       total 83968K, used 0K [0x0000000784c00000, 0x0000000789e00000, 0x00000007d6e80000)
  object space 83968K, 0% used [0x0000000784c00000,0x0000000784c00000,0x0000000789e00000)
 PSPermGen       total 21504K, used 11856K [0x000000077fa00000, 0x0000000780f00000, 0x0000000784c00000)
  object space 21504K, 55% used [0x000000077fa00000,0x00000007805943d0,0x0000000780f00000)
Event: 0.684 GC heap after
Heap after GC invocations=1 (full 0):
 PSYoungGen      total 37376K, used 4144K [0x00000007d6e80000, 0x00000007d9800000, 0x0000000800000000)
  eden space 32256K, 0% used [0x00000007d6e80000,0x00000007d6e80000,0x00000007d8e00000)
  from space 5120K, 80% used [0x00000007d8e00000,0x00000007d920c078,0x00000007d9300000)
  to   space 5120K, 0% used [0x00000007d9300000,0x00000007d9300000,0x00000007d9800000)
 ParOldGen       total 83968K, used 72K [0x0000000784c00000, 0x0000000789e00000, 0x00000007d6e80000)
  object space 83968K, 0% used [0x0000000784c00000,0x0000000784c12010,0x0000000789e00000)
 PSPermGen       total 21504K, used 11856K [0x000000077fa00000, 0x0000000780f00000, 0x0000000784c00000)
  object space 21504K, 55% used [0x000000077fa00000,0x00000007805943d0,0x0000000780f00000)
}

Deoptimization events (10 events):
Event: 1.005 Thread 0x00007f9d3c0e6000 Uncommon trap: reason=null_check action=make_not_entrant pc=0x00007f9d7d10490c method=com.sun.javafx.css.SimpleSelector.mightApply(Ljava/lang/String;Ljava/lang/String;Ljava/util/List;)Z @ 29
Event: 1.034 Thread 0x00007f9d3c0e6000 Uncommon trap: reason=class_check action=maybe_recompile pc=0x00007f9d7d0f2dd8 method=com.sun.javafx.css.CompoundSelector.applies(Ljavafx/scene/Node;I)Z @ 46
Event: 1.035 Thread 0x00007f9d3c0e6000 Uncommon trap: reason=class_check action=maybe_recompile pc=0x00007f9d7d0f2e10 method=com.sun.javafx.css.CompoundSelector.applies(Ljavafx/scene/Node;I)Z @ 46
Event: 1.035 Thread 0x00007f9d3c0e6000 Uncommon trap: reason=class_check action=maybe_recompile pc=0x00007f9d7d0f2e10 method=com.sun.javafx.css.CompoundSelector.applies(Ljavafx/scene/Node;I)Z @ 46
Event: 1.035 Thread 0x00007f9d3c0e6000 Uncommon trap: reason=class_check action=maybe_recompile pc=0x00007f9d7d0f2e10 method=com.sun.javafx.css.CompoundSelector.applies(Ljavafx/scene/Node;I)Z @ 46
Event: 1.136 Thread 0x00007f9d3c03d000 Uncommon trap: reason=bimorphic action=maybe_recompile pc=0x00007f9d7d0d6ff8 method=java.util.Collections$UnmodifiableCollection.size()I @ 4
Event: 1.137 Thread 0x00007f9d3c03d000 Uncommon trap: reason=unreached action=reinterpret pc=0x00007f9d7d0f4e14 method=java.lang.ref.ReferenceQueue.poll()Ljava/lang/ref/Reference; @ 4
Event: 1.167 Thread 0x00007f9d3c03d000 Uncommon trap: reason=class_check action=maybe_recompile pc=0x00007f9d7d063f04 method=java.util.Properties$LineReader.readLine()I @ 62
Event: 1.167 Thread 0x00007f9d3c03d000 Uncommon trap: reason=class_check action=maybe_recompile pc=0x00007f9d7d063f04 method=java.util.Properties$LineReader.readLine()I @ 62
Event: 1.204 Thread 0x00007f9d3c03d000 Uncommon trap: reason=unreached action=reinterpret pc=0x00007f9d7d0a73f0 method=java.lang.ref.SoftReference.get()Ljava/lang/Object; @ 6

Internal exceptions (10 events):
Event: 1.137 Thread 0x00007f9d3c03d000 Threw 0x00000007d832f2c8 at /HUDSON/workspace/7u-2-build-linux-amd64/jdk7u45/229/hotspot/src/share/vm/prims/jvm.cpp:1244
Event: 1.137 Thread 0x00007f9d3c03d000 Threw 0x00000007d832f968 at /HUDSON/workspace/7u-2-build-linux-amd64/jdk7u45/229/hotspot/src/share/vm/prims/jvm.cpp:1244
Event: 1.137 Thread 0x00007f9d3c03d000 Threw 0x00000007d8330958 at /HUDSON/workspace/7u-2-build-linux-amd64/jdk7u45/229/hotspot/src/share/vm/prims/jvm.cpp:1244
Event: 1.137 Thread 0x00007f9d3c03d000 Threw 0x00000007d8331010 at /HUDSON/workspace/7u-2-build-linux-amd64/jdk7u45/229/hotspot/src/share/vm/prims/jvm.cpp:1244
Event: 1.212 Thread 0x00007f9d3c03d000 Threw 0x00000007d86985f8 at /HUDSON/workspace/7u-2-build-linux-amd64/jdk7u45/229/hotspot/src/share/vm/prims/jvm.cpp:1244
Event: 1.225 Thread 0x00007f9d3c03d000 Threw 0x00000007d87273b0 at /HUDSON/workspace/7u-2-build-linux-amd64/jdk7u45/229/hotspot/src/share/vm/interpreter/linkResolver.cpp:883
Event: 1.297 Thread 0x00007f9d3c03d000 Threw 0x00000007d8831870 at /HUDSON/workspace/7u-2-build-linux-amd64/jdk7u45/229/hotspot/src/share/vm/interpreter/linkResolver.cpp:883
Event: 10.168 Thread 0x00007f9d3c03d000 Threw 0x00000007d8850148 at /HUDSON/workspace/7u-2-build-linux-amd64/jdk7u45/229/hotspot/src/share/vm/interpreter/linkResolver.cpp:883
Event: 10.396 Thread 0x00007f9d3c03d000 Threw 0x00000007d893e8a0 at /HUDSON/workspace/7u-2-build-linux-amd64/jdk7u45/229/hotspot/src/share/vm/interpreter/linkResolver.cpp:883
Event: 10.569 Thread 0x00007f9d3c03d000 Threw 0x00000007d894cc18 at /HUDSON/workspace/7u-2-build-linux-amd64/jdk7u45/229/hotspot/src/share/vm/interpreter/linkResolver.cpp:883

Events (10 events):
Event: 12.156 loading class 0x00007f9d1c24d1b0 done
Event: 12.156 loading class 0x00007f9d1c24d220
Event: 12.156 loading class 0x00007f9d1c24d220 done
Event: 12.158 loading class 0x00007f9d1c0659b0
Event: 12.158 loading class 0x00007f9d1c0659b0 done
Event: 12.158 loading class 0x00007f9d1c066890
Event: 12.158 loading class 0x00007f9d1c066890 done
Event: 12.159 Thread 0x00007f9d1c251000 Thread added: 0x00007f9d1c251000
Event: 12.159 loading class 0x00007f9d1c24c2a0
Event: 12.159 loading class 0x00007f9d1c24c2a0 done


Dynamic libraries:
00400000-00401000 r-xp 00000000 08:05 274205                             /usr/lib/jvm/jdk1.7.0_45/bin/java
00600000-00601000 rw-p 00000000 08:05 274205                             /usr/lib/jvm/jdk1.7.0_45/bin/java
01294000-012b5000 rw-p 00000000 00:00 0                                  [heap]
77fa00000-780f00000 rw-p 00000000 00:00 0 
780f00000-784c00000 rw-p 00000000 00:00 0 
784c00000-789e00000 rw-p 00000000 00:00 0 
789e00000-7d6e80000 rw-p 00000000 00:00 0 
7d6e80000-7d9800000 rw-p 00000000 00:00 0 
7d9800000-800000000 rw-p 00000000 00:00 0 
7f9d0c000000-7f9d0c021000 rw-p 00000000 00:00 0 
7f9d0c021000-7f9d10000000 ---p 00000000 00:00 0 
7f9d10000000-7f9d1024b000 rw-p 00000000 00:00 0 
7f9d1024b000-7f9d14000000 ---p 00000000 00:00 0 
7f9d14000000-7f9d14021000 rw-p 00000000 00:00 0 
7f9d14021000-7f9d18000000 ---p 00000000 00:00 0 
7f9d1a8b4000-7f9d1a8b7000 ---p 00000000 00:00 0 
7f9d1a8b7000-7f9d1a9b5000 rw-p 00000000 00:00 0                          [stack:4647]
7f9d1a9b5000-7f9d1a9df000 r-xp 00000000 08:05 273940                     /usr/lib/jvm/jdk1.7.0_45/jre/lib/amd64/libdcpr.so
7f9d1a9df000-7f9d1abdf000 ---p 0002a000 08:05 273940                     /usr/lib/jvm/jdk1.7.0_45/jre/lib/amd64/libdcpr.so
7f9d1abdf000-7f9d1abe2000 rw-p 0002a000 08:05 273940                     /usr/lib/jvm/jdk1.7.0_45/jre/lib/amd64/libdcpr.so
7f9d1abe2000-7f9d1ac4a000 r-xp 00000000 08:05 273998                     /usr/lib/jvm/jdk1.7.0_45/jre/lib/amd64/libt2k.so
7f9d1ac4a000-7f9d1ae4a000 ---p 00068000 08:05 273998                     /usr/lib/jvm/jdk1.7.0_45/jre/lib/amd64/libt2k.so
7f9d1ae4a000-7f9d1ae51000 rw-p 00068000 08:05 273998                     /usr/lib/jvm/jdk1.7.0_45/jre/lib/amd64/libt2k.so
7f9d1ae51000-7f9d1ae61000 rw-p 00000000 00:00 0 
7f9d1ae61000-7f9d1ae7a000 r--s 00000000 08:05 527448                     /usr/share/fonts/type1/gsfonts/n022004l.pfb
7f9d1ae7a000-7f9d1ae8d000 r--s 00000000 08:05 531721                     /usr/share/fonts/type1/t1-xfree86-nonfree/l047013t.pfa
7f9d1ae8d000-7f9d1aeab000 r--s 00000000 08:05 531720                     /usr/share/fonts/type1/t1-xfree86-nonfree/couri.pfa
7f9d1aeab000-7f9d1aec4000 r--s 00000000 08:05 527433                     /usr/share/fonts/type1/gsfonts/n021003l.pfb
7f9d1aec4000-7f9d1aeda000 r--s 00000000 08:05 527442                     /usr/share/fonts/type1/gsfonts/n021024l.pfb
7f9d1aeda000-7f9d1aeea000 r-xp 00000000 08:05 273996                     /usr/lib/jvm/jdk1.7.0_45/jre/lib/amd64/libnio.so
7f9d1aeea000-7f9d1b0ea000 ---p 00010000 08:05 273996                     /usr/lib/jvm/jdk1.7.0_45/jre/lib/amd64/libnio.so
7f9d1b0ea000-7f9d1b0eb000 rw-p 00010000 08:05 273996                     /usr/lib/jvm/jdk1.7.0_45/jre/lib/amd64/libnio.so
7f9d1b0eb000-7f9d1b101000 r-xp 00000000 08:05 273997                     /usr/lib/jvm/jdk1.7.0_45/jre/lib/amd64/libnet.so
7f9d1b101000-7f9d1b301000 ---p 00016000 08:05 273997                     /usr/lib/jvm/jdk1.7.0_45/jre/lib/amd64/libnet.so
7f9d1b301000-7f9d1b302000 rw-p 00016000 08:05 273997                     /usr/lib/jvm/jdk1.7.0_45/jre/lib/amd64/libnet.so
7f9d1b302000-7f9d1b362000 r-xp 00000000 08:05 273662                     /usr/lib/jvm/jdk1.7.0_45/jre/lib/amd64/libfontmanager.so
7f9d1b362000-7f9d1b561000 ---p 00060000 08:05 273662                     /usr/lib/jvm/jdk1.7.0_45/jre/lib/amd64/libfontmanager.so
7f9d1b561000-7f9d1b565000 rw-p 0005f000 08:05 273662                     /usr/lib/jvm/jdk1.7.0_45/jre/lib/amd64/libfontmanager.so
7f9d1b565000-7f9d1b576000 rw-p 00000000 00:00 0 
7f9d1b576000-7f9d1b579000 ---p 00000000 00:00 0 
7f9d1b579000-7f9d1b677000 rw-p 00000000 00:00 0                          [stack:4646]
7f9d1b677000-7f9d1b6c7000 r-xp 00000000 08:05 273709                     /usr/lib/jvm/jdk1.7.0_45/jre/lib/amd64/xawt/libmawt.so
7f9d1b6c7000-7f9d1b8c7000 ---p 00050000 08:05 273709                     /usr/lib/jvm/jdk1.7.0_45/jre/lib/amd64/xawt/libmawt.so
7f9d1b8c7000-7f9d1b8cb000 rw-p 00050000 08:05 273709                     /usr/lib/jvm/jdk1.7.0_45/jre/lib/amd64/xawt/libmawt.so
7f9d1b8cb000-7f9d1b8cc000 rw-p 00000000 00:00 0 
7f9d1b8cc000-7f9d1b96e000 r-xp 00000000 08:05 273999                     /usr/lib/jvm/jdk1.7.0_45/jre/lib/amd64/libawt.so
7f9d1b96e000-7f9d1bb6e000 ---p 000a2000 08:05 273999                     /usr/lib/jvm/jdk1.7.0_45/jre/lib/amd64/libawt.so
7f9d1bb6e000-7f9d1bb7a000 rw-p 000a2000 08:05 273999                     /usr/lib/jvm/jdk1.7.0_45/jre/lib/amd64/libawt.so
7f9d1bb7a000-7f9d1bb9e000 rw-p 00000000 00:00 0 
7f9d1bb9e000-7f9d1bbf6000 r-xp 00000000 08:05 273661                     /usr/lib/jvm/jdk1.7.0_45/jre/lib/amd64/libjavafx-font.so
7f9d1bbf6000-7f9d1bdf5000 ---p 00058000 08:05 273661                     /usr/lib/jvm/jdk1.7.0_45/jre/lib/amd64/libjavafx-font.so
7f9d1bdf5000-7f9d1bdfa000 r--p 00057000 08:05 273661                     /usr/lib/jvm/jdk1.7.0_45/jre/lib/amd64/libjavafx-font.so
7f9d1bdfa000-7f9d1bdfb000 rw-p 0005c000 08:05 273661                     /usr/lib/jvm/jdk1.7.0_45/jre/lib/amd64/libjavafx-font.so
7f9d1bdfb000-7f9d1bdfc000 rw-p 00000000 00:00 0 
7f9d1bdfc000-7f9d1bdff000 r-xp 00000000 08:05 7345465                    /home/idarraga/NetBeansProjects/TPX3JUI/src/tpx3jui/libSpidrDaqJ.so
7f9d1bdff000-7f9d1bffe000 ---p 00003000 08:05 7345465                    /home/idarraga/NetBeansProjects/TPX3JUI/src/tpx3jui/libSpidrDaqJ.so
7f9d1bffe000-7f9d1bfff000 r--p 00002000 08:05 7345465                    /home/idarraga/NetBeansProjects/TPX3JUI/src/tpx3jui/libSpidrDaqJ.so
7f9d1bfff000-7f9d1c000000 rw-p 00003000 08:05 7345465                    /home/idarraga/NetBeansProjects/TPX3JUI/src/tpx3jui/libSpidrDaqJ.so
7f9d1c000000-7f9d1c298000 rw-p 00000000 00:00 0 
7f9d1c298000-7f9d20000000 ---p 00000000 00:00 0 
7f9d20000000-7f9d20022000 rw-p 00000000 00:00 0 
7f9d20022000-7f9d24000000 ---p 00000000 00:00 0 
7f9d24000000-7f9d24021000 rw-p 00000000 00:00 0 
7f9d24021000-7f9d28000000 ---p 00000000 00:00 0 
7f9d28000000-7f9d28022000 rw-p 00000000 00:00 0 
7f9d28022000-7f9d2c000000 ---p 00000000 00:00 0 
7f9d2c000000-7f9d2c003000 ---p 00000000 00:00 0 
7f9d2c003000-7f9d2c101000 rw-p 00000000 00:00 0                          [stack:4645]
7f9d2c101000-7f9d2c3c7000 r-xp 00000000 08:05 8655425                    /usr/lib/x86_64-linux-gnu/libQtCore.so.4.8.1
7f9d2c3c7000-7f9d2c5c6000 ---p 002c6000 08:05 8655425                    /usr/lib/x86_64-linux-gnu/libQtCore.so.4.8.1
7f9d2c5c6000-7f9d2c5d1000 r--p 002c5000 08:05 8655425                    /usr/lib/x86_64-linux-gnu/libQtCore.so.4.8.1
7f9d2c5d1000-7f9d2c5d2000 rw-p 002d0000 08:05 8655425                    /usr/lib/x86_64-linux-gnu/libQtCore.so.4.8.1
7f9d2c5d2000-7f9d2c5d3000 rw-p 00000000 00:00 0 
7f9d2c5d3000-7f9d2c717000 r-xp 00000000 08:05 8655420                    /usr/lib/x86_64-linux-gnu/libQtNetwork.so.4.8.1
7f9d2c717000-7f9d2c917000 ---p 00144000 08:05 8655420                    /usr/lib/x86_64-linux-gnu/libQtNetwork.so.4.8.1
7f9d2c917000-7f9d2c91d000 r--p 00144000 08:05 8655420                    /usr/lib/x86_64-linux-gnu/libQtNetwork.so.4.8.1
7f9d2c91d000-7f9d2c91f000 rw-p 0014a000 08:05 8655420                    /usr/lib/x86_64-linux-gnu/libQtNetwork.so.4.8.1
7f9d2c91f000-7f9d2c92f000 r-xp 00000000 08:05 3146545                    /home/idarraga/daq/SPIDR/software/trunk/Release/libSpidrTpx3Lib.so.1.0.0
7f9d2c92f000-7f9d2cb2f000 ---p 00010000 08:05 3146545                    /home/idarraga/daq/SPIDR/software/trunk/Release/libSpidrTpx3Lib.so.1.0.0
7f9d2cb2f000-7f9d2cb30000 r--p 00010000 08:05 3146545                    /home/idarraga/daq/SPIDR/software/trunk/Release/libSpidrTpx3Lib.so.1.0.0
7f9d2cb30000-7f9d2cb31000 rw-p 00011000 08:05 3146545                    /home/idarraga/daq/SPIDR/software/trunk/Release/libSpidrTpx3Lib.so.1.0.0
7f9d2cb31000-7f9d2cb34000 ---p 00000000 00:00 0 
7f9d2cb34000-7f9d2cc32000 rw-p 00000000 00:00 0                          [stack:4644]
7f9d2cc32000-7f9d2cc38000 r-xp 00000000 08:05 8655889                    /usr/lib/x86_64-linux-gnu/libogg.so.0.7.1
7f9d2cc38000-7f9d2ce37000 ---p 00006000 08:05 8655889                    /usr/lib/x86_64-linux-gnu/libogg.so.0.7.1
7f9d2ce37000-7f9d2ce38000 r--p 00005000 08:05 8655889                    /usr/lib/x86_64-linux-gnu/libogg.so.0.7.1
7f9d2ce38000-7f9d2ce39000 rw-p 00006000 08:05 8655889                    /usr/lib/x86_64-linux-gnu/libogg.so.0.7.1
7f9d2ce39000-7f9d2ce64000 r-xp 00000000 08:05 8656039                    /usr/lib/x86_64-linux-gnu/libvorbis.so.0.4.5
7f9d2ce64000-7f9d2d063000 ---p 0002b000 08:05 8656039                    /usr/lib/x86_64-linux-gnu/libvorbis.so.0.4.5
7f9d2d063000-7f9d2d064000 r--p 0002a000 08:05 8656039                    /usr/lib/x86_64-linux-gnu/libvorbis.so.0.4.5
7f9d2d064000-7f9d2d065000 rw-p 0002b000 08:05 8656039                    /usr/lib/x86_64-linux-gnu/libvorbis.so.0.4.5
7f9d2d065000-7f9d2d06d000 r-xp 00000000 08:05 8655847                    /usr/lib/x86_64-linux-gnu/libltdl.so.7.3.0
7f9d2d06d000-7f9d2d26d000 ---p 00008000 08:05 8655847                    /usr/lib/x86_64-linux-gnu/libltdl.so.7.3.0
7f9d2d26d000-7f9d2d26e000 r--p 00008000 08:05 8655847                    /usr/lib/x86_64-linux-gnu/libltdl.so.7.3.0
7f9d2d26e000-7f9d2d26f000 rw-p 00009000 08:05 8655847                    /usr/lib/x86_64-linux-gnu/libltdl.so.7.3.0
7f9d2d26f000-7f9d2d27f000 r-xp 00000000 08:05 8656014                    /usr/lib/x86_64-linux-gnu/libtdb.so.1.2.9
7f9d2d27f000-7f9d2d47e000 ---p 00010000 08:05 8656014                    /usr/lib/x86_64-linux-gnu/libtdb.so.1.2.9
7f9d2d47e000-7f9d2d47f000 r--p 0000f000 08:05 8656014                    /usr/lib/x86_64-linux-gnu/libtdb.so.1.2.9
7f9d2d47f000-7f9d2d480000 rw-p 00010000 08:05 8656014                    /usr/lib/x86_64-linux-gnu/libtdb.so.1.2.9
7f9d2d480000-7f9d2d487000 r-xp 00000000 08:05 8656043                    /usr/lib/x86_64-linux-gnu/libvorbisfile.so.3.3.4
7f9d2d487000-7f9d2d686000 ---p 00007000 08:05 8656043                    /usr/lib/x86_64-linux-gnu/libvorbisfile.so.3.3.4
7f9d2d686000-7f9d2d687000 r--p 00006000 08:05 8656043                    /usr/lib/x86_64-linux-gnu/libvorbisfile.so.3.3.4
7f9d2d687000-7f9d2d688000 rw-p 00007000 08:05 8656043                    /usr/lib/x86_64-linux-gnu/libvorbisfile.so.3.3.4
7f9d2d688000-7f9d2d697000 r-xp 00000000 08:05 8655572                    /usr/lib/x86_64-linux-gnu/libcanberra.so.0.2.5
7f9d2d697000-7f9d2d896000 ---p 0000f000 08:05 8655572                    /usr/lib/x86_64-linux-gnu/libcanberra.so.0.2.5
7f9d2d896000-7f9d2d897000 r--p 0000e000 08:05 8655572                    /usr/lib/x86_64-linux-gnu/libcanberra.so.0.2.5
7f9d2d897000-7f9d2d898000 rw-p 0000f000 08:05 8655572                    /usr/lib/x86_64-linux-gnu/libcanberra.so.0.2.5
7f9d2d898000-7f9d2d89c000 r-xp 00000000 08:05 8655568                    /usr/lib/x86_64-linux-gnu/libcanberra-gtk.so.0.1.8
7f9d2d89c000-7f9d2da9b000 ---p 00004000 08:05 8655568                    /usr/lib/x86_64-linux-gnu/libcanberra-gtk.so.0.1.8
7f9d2da9b000-7f9d2da9c000 r--p 00003000 08:05 8655568                    /usr/lib/x86_64-linux-gnu/libcanberra-gtk.so.0.1.8
7f9d2da9c000-7f9d2da9d000 rw-p 00004000 08:05 8655568                    /usr/lib/x86_64-linux-gnu/libcanberra-gtk.so.0.1.8
7f9d2da9d000-7f9d2daa2000 r-xp 00000000 08:05 3037                       /usr/lib/x86_64-linux-gnu/gtk-2.0/modules/libcanberra-gtk-module.so
7f9d2daa2000-7f9d2dca1000 ---p 00005000 08:05 3037                       /usr/lib/x86_64-linux-gnu/gtk-2.0/modules/libcanberra-gtk-module.so
7f9d2dca1000-7f9d2dca2000 r--p 00004000 08:05 3037                       /usr/lib/x86_64-linux-gnu/gtk-2.0/modules/libcanberra-gtk-module.so
7f9d2dca2000-7f9d2dca3000 rw-p 00005000 08:05 3037                       /usr/lib/x86_64-linux-gnu/gtk-2.0/modules/libcanberra-gtk-module.so
7f9d2dca3000-7f9d2dcd2000 r-xp 00000000 08:05 3015                       /usr/lib/x86_64-linux-gnu/gtk-2.0/2.10.0/engines/libmurrine.so
7f9d2dcd2000-7f9d2ded2000 ---p 0002f000 08:05 3015                       /usr/lib/x86_64-linux-gnu/gtk-2.0/2.10.0/engines/libmurrine.so
7f9d2ded2000-7f9d2ded3000 r--p 0002f000 08:05 3015                       /usr/lib/x86_64-linux-gnu/gtk-2.0/2.10.0/engines/libmurrine.so
7f9d2ded3000-7f9d2ded4000 rw-p 00030000 08:05 3015                       /usr/lib/x86_64-linux-gnu/gtk-2.0/2.10.0/engines/libmurrine.so
7f9d2ded4000-7f9d2ded5000 ---p 00000000 00:00 0 
7f9d2ded5000-7f9d2e6d5000 rw-p 00000000 00:00 0                          [stack:4642]
7f9d2e6d5000-7f9d2e6d6000 ---p 00000000 00:00 0 
7f9d2e6d6000-7f9d2eed6000 rw-p 00000000 00:00 0                          [stack:4641]
7f9d2eed6000-7f9d2eedd000 r-xp 00000000 08:05 2877                       /usr/lib/x86_64-linux-gnu/gio/modules/libdconfsettings.so
7f9d2eedd000-7f9d2f0dc000 ---p 00007000 08:05 2877                       /usr/lib/x86_64-linux-gnu/gio/modules/libdconfsettings.so
7f9d2f0dc000-7f9d2f0dd000 r--p 00006000 08:05 2877                       /usr/lib/x86_64-linux-gnu/gio/modules/libdconfsettings.so
7f9d2f0dd000-7f9d2f0de000 rw-p 00007000 08:05 2877                       /usr/lib/x86_64-linux-gnu/gio/modules/libdconfsettings.so
7f9d2f0de000-7f9d2f0ee000 r-xp 00000000 08:05 8524905                    /usr/lib/liboverlay-scrollbar-0.2.so.0.0.16
7f9d2f0ee000-7f9d2f2ed000 ---p 00010000 08:05 8524905                    /usr/lib/liboverlay-scrollbar-0.2.so.0.0.16
7f9d2f2ed000-7f9d2f2ee000 r--p 0000f000 08:05 8524905                    /usr/lib/liboverlay-scrollbar-0.2.so.0.0.16
7f9d2f2ee000-7f9d2f2ef000 rw-p 00010000 08:05 8524905                    /usr/lib/liboverlay-scrollbar-0.2.so.0.0.16
7f9d2f2ef000-7f9d2f32b000 r-xp 00000000 08:05 8392453                    /lib/x86_64-linux-gnu/libpcre.so.3.12.1
7f9d2f32b000-7f9d2f52a000 ---p 0003c000 08:05 8392453                    /lib/x86_64-linux-gnu/libpcre.so.3.12.1
7f9d2f52a000-7f9d2f52b000 r--p 0003b000 08:05 8392453                    /lib/x86_64-linux-gnu/libpcre.so.3.12.1
7f9d2f52b000-7f9d2f52c000 rw-p 0003c000 08:05 8392453                    /lib/x86_64-linux-gnu/libpcre.so.3.12.1
7f9d2f52c000-7f9d2f533000 r-xp 00000000 08:05 8655656                    /usr/lib/x86_64-linux-gnu/libffi.so.6.0.0
7f9d2f533000-7f9d2f732000 ---p 00007000 08:05 8655656                    /usr/lib/x86_64-linux-gnu/libffi.so.6.0.0
7f9d2f732000-7f9d2f733000 r--p 00006000 08:05 8655656                    /usr/lib/x86_64-linux-gnu/libffi.so.6.0.0
7f9d2f733000-7f9d2f734000 rw-p 00007000 08:05 8655656                    /usr/lib/x86_64-linux-gnu/libffi.so.6.0.0
7f9d2f734000-7f9d2f73c000 r-xp 00000000 08:05 8656062                    /usr/lib/x86_64-linux-gnu/libxcb-render.so.0.0.0
7f9d2f73c000-7f9d2f93c000 ---p 00008000 08:05 8656062                    /usr/lib/x86_64-linux-gnu/libxcb-render.so.0.0.0
7f9d2f93c000-7f9d2f93d000 r--p 00008000 08:05 8656062                    /usr/lib/x86_64-linux-gnu/libxcb-render.so.0.0.0
7f9d2f93d000-7f9d2f93e000 rw-p 00009000 08:05 8656062                    /usr/lib/x86_64-linux-gnu/libxcb-render.so.0.0.0
7f9d2f93e000-7f9d2f940000 r-xp 00000000 08:05 8656066                    /usr/lib/x86_64-linux-gnu/libxcb-shm.so.0.0.0
7f9d2f940000-7f9d2fb3f000 ---p 00002000 08:05 8656066                    /usr/lib/x86_64-linux-gnu/libxcb-shm.so.0.0.0
7f9d2fb3f000-7f9d2fb40000 r--p 00001000 08:05 8656066                    /usr/lib/x86_64-linux-gnu/libxcb-shm.so.0.0.0
7f9d2fb40000-7f9d2fb41000 rw-p 00002000 08:05 8656066                    /usr/lib/x86_64-linux-gnu/libxcb-shm.so.0.0.0
7f9d2fb41000-7f9d2fb67000 r-xp 00000000 08:05 8392457                    /lib/x86_64-linux-gnu/libpng12.so.0.46.0
7f9d2fb67000-7f9d2fd67000 ---p 00026000 08:05 8392457                    /lib/x86_64-linux-gnu/libpng12.so.0.46.0
7f9d2fd67000-7f9d2fd68000 r--p 00026000 08:05 8392457                    /lib/x86_64-linux-gnu/libpng12.so.0.46.0
7f9d2fd68000-7f9d2fd69000 rw-p 00027000 08:05 8392457                    /lib/x86_64-linux-gnu/libpng12.so.0.46.0
7f9d2fd69000-7f9d2fdf9000 r-xp 00000000 08:05 8655481                    /usr/lib/x86_64-linux-gnu/libpixman-1.so.0.30.2
7f9d2fdf9000-7f9d2fff8000 ---p 00090000 08:05 8655481                    /usr/lib/x86_64-linux-gnu/libpixman-1.so.0.30.2
7f9d2fff8000-7f9d2ffff000 r--p 0008f000 08:05 8655481                    /usr/lib/x86_64-linux-gnu/libpixman-1.so.0.30.2
7f9d2ffff000-7f9d30000000 rw-p 00096000 08:05 8655481                    /usr/lib/x86_64-linux-gnu/libpixman-1.so.0.30.2
7f9d30000000-7f9d30451000 rw-p 00000000 00:00 0 
7f9d30451000-7f9d34000000 ---p 00000000 00:00 0 
7f9d34000000-7f9d34021000 rw-p 00000000 00:00 0 
7f9d34021000-7f9d38000000 ---p 00000000 00:00 0 
7f9d38000000-7f9d38021000 rw-p 00000000 00:00 0 
7f9d38021000-7f9d3c000000 ---p 00000000 00:00 0 
7f9d3c000000-7f9d3c0eb000 rw-p 00000000 00:00 0 
7f9d3c0eb000-7f9d40000000 ---p 00000000 00:00 0 
7f9d40000000-7f9d40021000 rw-p 00000000 00:00 0 
7f9d40021000-7f9d44000000 ---p 00000000 00:00 0 
7f9d44000000-7f9d44021000 rw-p 00000000 00:00 0 
7f9d44021000-7f9d48000000 ---p 00000000 00:00 0 
7f9d48012000-7f9d48024000 r--s 00000000 08:05 531726                     /usr/share/fonts/type1/t1-xfree86-nonfree/l048016t.pfa
7f9d48024000-7f9d48036000 r--s 00000000 08:05 531725                     /usr/share/fonts/type1/t1-xfree86-nonfree/l048013t.pfa
7f9d48036000-7f9d48048000 r--s 00000000 08:05 531728                     /usr/share/fonts/type1/t1-xfree86-nonfree/l048036t.pfa
7f9d48048000-7f9d48062000 r--s 00000000 08:05 531731                     /usr/share/fonts/type1/t1-xfree86-nonfree/l049033t.pfa
7f9d48062000-7f9d48078000 r--s 00000000 08:05 527451                     /usr/share/fonts/type1/gsfonts/n022023l.pfb
7f9d48078000-7f9d4807b000 ---p 00000000 00:00 0 
7f9d4807b000-7f9d48179000 rw-p 00000000 00:00 0                          [stack:4643]
7f9d48179000-7f9d48191000 r-xp 00000000 08:05 8388822                    /lib/x86_64-linux-gnu/libresolv-2.15.so
7f9d48191000-7f9d48391000 ---p 00018000 08:05 8388822                    /lib/x86_64-linux-gnu/libresolv-2.15.so
7f9d48391000-7f9d48392000 r--p 00018000 08:05 8388822                    /lib/x86_64-linux-gnu/libresolv-2.15.so
7f9d48392000-7f9d48393000 rw-p 00019000 08:05 8388822                    /lib/x86_64-linux-gnu/libresolv-2.15.so
7f9d48393000-7f9d48395000 rw-p 00000000 00:00 0 
7f9d48395000-7f9d483b2000 r-xp 00000000 08:05 8392468                    /lib/x86_64-linux-gnu/libselinux.so.1
7f9d483b2000-7f9d485b1000 ---p 0001d000 08:05 8392468                    /lib/x86_64-linux-gnu/libselinux.so.1
7f9d485b1000-7f9d485b2000 r--p 0001c000 08:05 8392468                    /lib/x86_64-linux-gnu/libselinux.so.1
7f9d485b2000-7f9d485b3000 rw-p 0001d000 08:05 8392468                    /lib/x86_64-linux-gnu/libselinux.so.1
7f9d485b3000-7f9d485b4000 rw-p 00000000 00:00 0 
7f9d485b4000-7f9d485b6000 r-xp 00000000 08:05 8655468                    /usr/lib/x86_64-linux-gnu/libXcomposite.so.1.0.0
7f9d485b6000-7f9d487b5000 ---p 00002000 08:05 8655468                    /usr/lib/x86_64-linux-gnu/libXcomposite.so.1.0.0
7f9d487b5000-7f9d487b6000 r--p 00001000 08:05 8655468                    /usr/lib/x86_64-linux-gnu/libXcomposite.so.1.0.0
7f9d487b6000-7f9d487b7000 rw-p 00002000 08:05 8655468                    /usr/lib/x86_64-linux-gnu/libXcomposite.so.1.0.0
7f9d487b7000-7f9d487c0000 r-xp 00000000 08:05 8655470                    /usr/lib/x86_64-linux-gnu/libXcursor.so.1.0.2
7f9d487c0000-7f9d489bf000 ---p 00009000 08:05 8655470                    /usr/lib/x86_64-linux-gnu/libXcursor.so.1.0.2
7f9d489bf000-7f9d489c0000 r--p 00008000 08:05 8655470                    /usr/lib/x86_64-linux-gnu/libXcursor.so.1.0.2
7f9d489c0000-7f9d489c1000 rw-p 00009000 08:05 8655470                    /usr/lib/x86_64-linux-gnu/libXcursor.so.1.0.2
7f9d489c1000-7f9d489c8000 r-xp 00000000 08:05 8655494                    /usr/lib/x86_64-linux-gnu/libXrandr.so.2.2.0
7f9d489c8000-7f9d48bc7000 ---p 00007000 08:05 8655494                    /usr/lib/x86_64-linux-gnu/libXrandr.so.2.2.0
7f9d48bc7000-7f9d48bc8000 r--p 00006000 08:05 8655494                    /usr/lib/x86_64-linux-gnu/libXrandr.so.2.2.0
7f9d48bc8000-7f9d48bc9000 rw-p 00007000 08:05 8655494                    /usr/lib/x86_64-linux-gnu/libXrandr.so.2.2.0
7f9d48bc9000-7f9d48bd8000 r-xp 00000000 08:05 8655477                    /usr/lib/x86_64-linux-gnu/libXi.so.6.1.0
7f9d48bd8000-7f9d48dd7000 ---p 0000f000 08:05 8655477                    /usr/lib/x86_64-linux-gnu/libXi.so.6.1.0
7f9d48dd7000-7f9d48dd8000 r--p 0000e000 08:05 8655477                    /usr/lib/x86_64-linux-gnu/libXi.so.6.1.0
7f9d48dd8000-7f9d48dd9000 rw-p 0000f000 08:05 8655477                    /usr/lib/x86_64-linux-gnu/libXi.so.6.1.0
7f9d48dd9000-7f9d48ddb000 r-xp 00000000 08:05 8655484                    /usr/lib/x86_64-linux-gnu/libXinerama.so.1.0.0
7f9d48ddb000-7f9d48fda000 ---p 00002000 08:05 8655484                    /usr/lib/x86_64-linux-gnu/libXinerama.so.1.0.0
7f9d48fda000-7f9d48fdb000 r--p 00001000 08:05 8655484                    /usr/lib/x86_64-linux-gnu/libXinerama.so.1.0.0
7f9d48fdb000-7f9d48fdc000 rw-p 00002000 08:05 8655484                    /usr/lib/x86_64-linux-gnu/libXinerama.so.1.0.0
7f9d48fdc000-7f9d48fe5000 r-xp 00000000 08:05 8655498                    /usr/lib/x86_64-linux-gnu/libXrender.so.1.3.0
7f9d48fe5000-7f9d491e4000 ---p 00009000 08:05 8655498                    /usr/lib/x86_64-linux-gnu/libXrender.so.1.3.0
7f9d491e4000-7f9d491e5000 r--p 00008000 08:05 8655498                    /usr/lib/x86_64-linux-gnu/libXrender.so.1.3.0
7f9d491e5000-7f9d491e6000 rw-p 00009000 08:05 8655498                    /usr/lib/x86_64-linux-gnu/libXrender.so.1.3.0
7f9d491e6000-7f9d491eb000 r-xp 00000000 08:05 8655502                    /usr/lib/x86_64-linux-gnu/libXtst.so.6.1.0
7f9d491eb000-7f9d493ea000 ---p 00005000 08:05 8655502                    /usr/lib/x86_64-linux-gnu/libXtst.so.6.1.0
7f9d493ea000-7f9d493eb000 r--p 00004000 08:05 8655502                    /usr/lib/x86_64-linux-gnu/libXtst.so.6.1.0
7f9d493eb000-7f9d493ec000 rw-p 00005000 08:05 8655502                    /usr/lib/x86_64-linux-gnu/libXtst.so.6.1.0
7f9d493ec000-7f9d494de000 r-xp 00000000 08:05 8388612                    /lib/x86_64-linux-gnu/libglib-2.0.so.0.3200.4
7f9d494de000-7f9d496de000 ---p 000f2000 08:05 8388612                    /lib/x86_64-linux-gnu/libglib-2.0.so.0.3200.4
7f9d496de000-7f9d496df000 r--p 000f2000 08:05 8388612                    /lib/x86_64-linux-gnu/libglib-2.0.so.0.3200.4
7f9d496df000-7f9d496e0000 rw-p 000f3000 08:05 8388612                    /lib/x86_64-linux-gnu/libglib-2.0.so.0.3200.4
7f9d496e0000-7f9d496e1000 rw-p 00000000 00:00 0 
7f9d496e1000-7f9d496e2000 r-xp 00000000 08:05 8655038                    /usr/lib/x86_64-linux-gnu/libgthread-2.0.so.0.3200.4
7f9d496e2000-7f9d498e1000 ---p 00001000 08:05 8655038                    /usr/lib/x86_64-linux-gnu/libgthread-2.0.so.0.3200.4
7f9d498e1000-7f9d498e2000 r--p 00000000 08:05 8655038                    /usr/lib/x86_64-linux-gnu/libgthread-2.0.so.0.3200.4
7f9d498e2000-7f9d498e3000 rw-p 00001000 08:05 8655038                    /usr/lib/x86_64-linux-gnu/libgthread-2.0.so.0.3200.4
7f9d498e3000-7f9d498e6000 r-xp 00000000 08:05 8655037                    /usr/lib/x86_64-linux-gnu/libgmodule-2.0.so.0.3200.4
7f9d498e6000-7f9d49ae5000 ---p 00003000 08:05 8655037                    /usr/lib/x86_64-linux-gnu/libgmodule-2.0.so.0.3200.4
7f9d49ae5000-7f9d49ae6000 r--p 00002000 08:05 8655037                    /usr/lib/x86_64-linux-gnu/libgmodule-2.0.so.0.3200.4
7f9d49ae6000-7f9d49ae7000 rw-p 00003000 08:05 8655037                    /usr/lib/x86_64-linux-gnu/libgmodule-2.0.so.0.3200.4
7f9d49ae7000-7f9d49b34000 r-xp 00000000 08:05 8655040                    /usr/lib/x86_64-linux-gnu/libgobject-2.0.so.0.3200.4
7f9d49b34000-7f9d49d34000 ---p 0004d000 08:05 8655040                    /usr/lib/x86_64-linux-gnu/libgobject-2.0.so.0.3200.4
7f9d49d34000-7f9d49d35000 r--p 0004d000 08:05 8655040                    /usr/lib/x86_64-linux-gnu/libgobject-2.0.so.0.3200.4
7f9d49d35000-7f9d49d36000 rw-p 0004e000 08:05 8655040                    /usr/lib/x86_64-linux-gnu/libgobject-2.0.so.0.3200.4
7f9d49d36000-7f9d49d6a000 r-xp 00000000 08:05 8655658                    /usr/lib/x86_64-linux-gnu/libfontconfig.so.1.4.4
7f9d49d6a000-7f9d49f6a000 ---p 00034000 08:05 8655658                    /usr/lib/x86_64-linux-gnu/libfontconfig.so.1.4.4
7f9d49f6a000-7f9d49f6b000 r--p 00034000 08:05 8655658                    /usr/lib/x86_64-linux-gnu/libfontconfig.so.1.4.4
7f9d49f6b000-7f9d49f6c000 rw-p 00035000 08:05 8655658                    /usr/lib/x86_64-linux-gnu/libfontconfig.so.1.4.4
7f9d49f6c000-7f9d4a002000 r-xp 00000000 08:05 8655666                    /usr/lib/x86_64-linux-gnu/libfreetype.so.6.8.0
7f9d4a002000-7f9d4a201000 ---p 00096000 08:05 8655666                    /usr/lib/x86_64-linux-gnu/libfreetype.so.6.8.0
7f9d4a201000-7f9d4a207000 r--p 00095000 08:05 8655666                    /usr/lib/x86_64-linux-gnu/libfreetype.so.6.8.0
7f9d4a207000-7f9d4a208000 rw-p 0009b000 08:05 8655666                    /usr/lib/x86_64-linux-gnu/libfreetype.so.6.8.0
7f9d4a208000-7f9d4a24e000 r-xp 00000000 08:05 8655901                    /usr/lib/x86_64-linux-gnu/libpango-1.0.so.0.3000.0
7f9d4a24e000-7f9d4a44e000 ---p 00046000 08:05 8655901                    /usr/lib/x86_64-linux-gnu/libpango-1.0.so.0.3000.0
7f9d4a44e000-7f9d4a450000 r--p 00046000 08:05 8655901                    /usr/lib/x86_64-linux-gnu/libpango-1.0.so.0.3000.0
7f9d4a450000-7f9d4a451000 rw-p 00048000 08:05 8655901                    /usr/lib/x86_64-linux-gnu/libpango-1.0.so.0.3000.0
7f9d4a451000-7f9d4a50a000 r-xp 00000000 08:05 8655564                    /usr/lib/x86_64-linux-gnu/libcairo.so.2.11000.2
7f9d4a50a000-7f9d4a709000 ---p 000b9000 08:05 8655564                    /usr/lib/x86_64-linux-gnu/libcairo.so.2.11000.2
7f9d4a709000-7f9d4a70b000 r--p 000b8000 08:05 8655564                    /usr/lib/x86_64-linux-gnu/libcairo.so.2.11000.2
7f9d4a70b000-7f9d4a70c000 rw-p 000ba000 08:05 8655564                    /usr/lib/x86_64-linux-gnu/libcairo.so.2.11000.2
7f9d4a70c000-7f9d4a70f000 rw-p 00000000 00:00 0 
7f9d4a70f000-7f9d4a71a000 r-xp 00000000 08:05 8655903                    /usr/lib/x86_64-linux-gnu/libpangocairo-1.0.so.0.3000.0
7f9d4a71a000-7f9d4a919000 ---p 0000b000 08:05 8655903                    /usr/lib/x86_64-linux-gnu/libpangocairo-1.0.so.0.3000.0
7f9d4a919000-7f9d4a91a000 r--p 0000a000 08:05 8655903                    /usr/lib/x86_64-linux-gnu/libpangocairo-1.0.so.0.3000.0
7f9d4a91a000-7f9d4a91b000 rw-p 0000b000 08:05 8655903                    /usr/lib/x86_64-linux-gnu/libpangocairo-1.0.so.0.3000.0
7f9d4a91b000-7f9d4a939000 r-xp 00000000 08:05 8655687                    /usr/lib/x86_64-linux-gnu/libgdk_pixbuf-2.0.so.0.2600.1
7f9d4a939000-7f9d4ab39000 ---p 0001e000 08:05 8655687                    /usr/lib/x86_64-linux-gnu/libgdk_pixbuf-2.0.so.0.2600.1
7f9d4ab39000-7f9d4ab3a000 r--p 0001e000 08:05 8655687                    /usr/lib/x86_64-linux-gnu/libgdk_pixbuf-2.0.so.0.2600.1
7f9d4ab3a000-7f9d4ab3b000 rw-p 0001f000 08:05 8655687                    /usr/lib/x86_64-linux-gnu/libgdk_pixbuf-2.0.so.0.2600.1
7f9d4ab3b000-7f9d4ab64000 r-xp 00000000 08:05 8655905                    /usr/lib/x86_64-linux-gnu/libpangoft2-1.0.so.0.3000.0
7f9d4ab64000-7f9d4ad63000 ---p 00029000 08:05 8655905                    /usr/lib/x86_64-linux-gnu/libpangoft2-1.0.so.0.3000.0
7f9d4ad63000-7f9d4ad64000 r--p 00028000 08:05 8655905                    /usr/lib/x86_64-linux-gnu/libpangoft2-1.0.so.0.3000.0
7f9d4ad64000-7f9d4ad65000 rw-p 00029000 08:05 8655905                    /usr/lib/x86_64-linux-gnu/libpangoft2-1.0.so.0.3000.0
7f9d4ad65000-7f9d4aead000 r-xp 00000000 08:05 8655039                    /usr/lib/x86_64-linux-gnu/libgio-2.0.so.0.3200.4
7f9d4aead000-7f9d4b0ac000 ---p 00148000 08:05 8655039                    /usr/lib/x86_64-linux-gnu/libgio-2.0.so.0.3200.4
7f9d4b0ac000-7f9d4b0b0000 r--p 00147000 08:05 8655039                    /usr/lib/x86_64-linux-gnu/libgio-2.0.so.0.3200.4
7f9d4b0b0000-7f9d4b0b2000 rw-p 0014b000 08:05 8655039                    /usr/lib/x86_64-linux-gnu/libgio-2.0.so.0.3200.4
7f9d4b0b2000-7f9d4b0b4000 rw-p 00000000 00:00 0 
7f9d4b0b4000-7f9d4b0d3000 r-xp 00000000 08:05 8655526                    /usr/lib/x86_64-linux-gnu/libatk-1.0.so.0.20409.1
7f9d4b0d3000-7f9d4b2d3000 ---p 0001f000 08:05 8655526                    /usr/lib/x86_64-linux-gnu/libatk-1.0.so.0.20409.1
7f9d4b2d3000-7f9d4b2d5000 r--p 0001f000 08:05 8655526                    /usr/lib/x86_64-linux-gnu/libatk-1.0.so.0.20409.1
7f9d4b2d5000-7f9d4b2d6000 rw-p 00021000 08:05 8655526                    /usr/lib/x86_64-linux-gnu/libatk-1.0.so.0.20409.1
7f9d4b2d6000-7f9d4b383000 r-xp 00000000 08:05 8655685                    /usr/lib/x86_64-linux-gnu/libgdk-x11-2.0.so.0.2400.10
7f9d4b383000-7f9d4b582000 ---p 000ad000 08:05 8655685                    /usr/lib/x86_64-linux-gnu/libgdk-x11-2.0.so.0.2400.10
7f9d4b582000-7f9d4b586000 r--p 000ac000 08:05 8655685                    /usr/lib/x86_64-linux-gnu/libgdk-x11-2.0.so.0.2400.10
7f9d4b586000-7f9d4b588000 rw-p 000b0000 08:05 8655685                    /usr/lib/x86_64-linux-gnu/libgdk-x11-2.0.so.0.2400.10
7f9d4b588000-7f9d4b9b5000 r-xp 00000000 08:05 8655784                    /usr/lib/x86_64-linux-gnu/libgtk-x11-2.0.so.0.2400.10
7f9d4b9b5000-7f9d4bbb5000 ---p 0042d000 08:05 8655784                    /usr/lib/x86_64-linux-gnu/libgtk-x11-2.0.so.0.2400.10
7f9d4bbb5000-7f9d4bbbc000 r--p 0042d000 08:05 8655784                    /usr/lib/x86_64-linux-gnu/libgtk-x11-2.0.so.0.2400.10
7f9d4bbbc000-7f9d4bbc0000 rw-p 00434000 08:05 8655784                    /usr/lib/x86_64-linux-gnu/libgtk-x11-2.0.so.0.2400.10
7f9d4bbc0000-7f9d4bbc2000 rw-p 00000000 00:00 0 
7f9d4bbc2000-7f9d4bbe7000 r-xp 00000000 08:05 273881                     /usr/lib/jvm/jdk1.7.0_45/jre/lib/amd64/libglass.so
7f9d4bbe7000-7f9d4bde7000 ---p 00025000 08:05 273881                     /usr/lib/jvm/jdk1.7.0_45/jre/lib/amd64/libglass.so
7f9d4bde7000-7f9d4bde8000 r--p 00025000 08:05 273881                     /usr/lib/jvm/jdk1.7.0_45/jre/lib/amd64/libglass.so
7f9d4bde8000-7f9d4bde9000 rw-p 00026000 08:05 273881                     /usr/lib/jvm/jdk1.7.0_45/jre/lib/amd64/libglass.so
7f9d4bde9000-7f9d4bdff000 r-xp 00000000 08:05 8392491                    /lib/x86_64-linux-gnu/libz.so.1.2.3.4
7f9d4bdff000-7f9d4bffe000 ---p 00016000 08:05 8392491                    /lib/x86_64-linux-gnu/libz.so.1.2.3.4
7f9d4bffe000-7f9d4bfff000 r--p 00015000 08:05 8392491                    /lib/x86_64-linux-gnu/libz.so.1.2.3.4
7f9d4bfff000-7f9d4c000000 rw-p 00016000 08:05 8392491                    /lib/x86_64-linux-gnu/libz.so.1.2.3.4
7f9d4c000000-7f9d4cd92000 rw-p 00000000 00:00 0 
7f9d4cd92000-7f9d50000000 ---p 00000000 00:00 0 
7f9d50000000-7f9d50a2c000 rw-p 00000000 00:00 0 
7f9d50a2c000-7f9d54000000 ---p 00000000 00:00 0 
7f9d54000000-7f9d54021000 rw-p 00000000 00:00 0 
7f9d54021000-7f9d58000000 ---p 00000000 00:00 0 
7f9d58010000-7f9d5802f000 r--s 00000000 08:05 531719                     /usr/share/fonts/type1/t1-xfree86-nonfree/courbi.pfa
7f9d5802f000-7f9d58043000 r--s 00000000 08:05 531724                     /usr/share/fonts/type1/t1-xfree86-nonfree/l047036t.pfa
7f9d58043000-7f9d5805a000 r--s 00000000 08:05 531730                     /usr/share/fonts/type1/t1-xfree86-nonfree/l049016t.pfa
7f9d5805a000-7f9d58071000 r--s 00000000 08:05 527439                     /usr/share/fonts/type1/gsfonts/n021023l.pfb
7f9d58071000-7f9d58083000 r--s 00000000 08:05 531727                     /usr/share/fonts/type1/t1-xfree86-nonfree/l048033t.pfa
7f9d58083000-7f9d580a2000 r--s 00000000 08:05 531717                     /usr/share/fonts/type1/t1-xfree86-nonfree/cour.pfa
7f9d580a2000-7f9d580a5000 ---p 00000000 00:00 0 
7f9d580a5000-7f9d581a3000 rw-p 00000000 00:00 0                          [stack:4640]
7f9d581a3000-7f9d581ab000 r-xp 00000000 08:05 8655915                    /usr/lib/x86_64-linux-gnu/libpciaccess.so.0.11.0
7f9d581ab000-7f9d583aa000 ---p 00008000 08:05 8655915                    /usr/lib/x86_64-linux-gnu/libpciaccess.so.0.11.0
7f9d583aa000-7f9d583ab000 r--p 00007000 08:05 8655915                    /usr/lib/x86_64-linux-gnu/libpciaccess.so.0.11.0
7f9d583ab000-7f9d583ac000 rw-p 00008000 08:05 8655915                    /usr/lib/x86_64-linux-gnu/libpciaccess.so.0.11.0
7f9d583ac000-7f9d583c1000 r-xp 00000000 08:05 8392401                    /lib/x86_64-linux-gnu/libgcc_s.so.1
7f9d583c1000-7f9d585c0000 ---p 00015000 08:05 8392401                    /lib/x86_64-linux-gnu/libgcc_s.so.1
7f9d585c0000-7f9d585c1000 r--p 00014000 08:05 8392401                    /lib/x86_64-linux-gnu/libgcc_s.so.1
7f9d585c1000-7f9d585c2000 rw-p 00015000 08:05 8392401                    /lib/x86_64-linux-gnu/libgcc_s.so.1
7f9d585c2000-7f9d586a4000 r-xp 00000000 08:05 8656006                    /usr/lib/x86_64-linux-gnu/libstdc++.so.6.0.16
7f9d586a4000-7f9d588a3000 ---p 000e2000 08:05 8656006                    /usr/lib/x86_64-linux-gnu/libstdc++.so.6.0.16
7f9d588a3000-7f9d588ab000 r--p 000e1000 08:05 8656006                    /usr/lib/x86_64-linux-gnu/libstdc++.so.6.0.16
7f9d588ab000-7f9d588ad000 rw-p 000e9000 08:05 8656006                    /usr/lib/x86_64-linux-gnu/libstdc++.so.6.0.16
7f9d588ad000-7f9d588c2000 rw-p 00000000 00:00 0 
7f9d588c2000-7f9d588e2000 r-xp 00000000 08:05 8657513                    /usr/lib/x86_64-linux-gnu/libdrm_intel.so.1.0.0
7f9d588e2000-7f9d58ae1000 ---p 00020000 08:05 8657513                    /usr/lib/x86_64-linux-gnu/libdrm_intel.so.1.0.0
7f9d58ae1000-7f9d58ae2000 r--p 0001f000 08:05 8657513                    /usr/lib/x86_64-linux-gnu/libdrm_intel.so.1.0.0
7f9d58ae2000-7f9d58ae3000 rw-p 00020000 08:05 8657513                    /usr/lib/x86_64-linux-gnu/libdrm_intel.so.1.0.0
7f9d58ae3000-7f9d58b0a000 r-xp 00000000 08:05 8392398                    /lib/x86_64-linux-gnu/libexpat.so.1.5.2
7f9d58b0a000-7f9d58d0a000 ---p 00027000 08:05 8392398                    /lib/x86_64-linux-gnu/libexpat.so.1.5.2
7f9d58d0a000-7f9d58d0c000 r--p 00027000 08:05 8392398                    /lib/x86_64-linux-gnu/libexpat.so.1.5.2
7f9d58d0c000-7f9d58d0d000 rw-p 00029000 08:05 8392398                    /lib/x86_64-linux-gnu/libexpat.so.1.5.2
7f9d58d0d000-7f9d590a2000 r-xp 00000000 08:05 8655329                    /usr/lib/x86_64-linux-gnu/libdricore9.1.7.so.1.0.0
7f9d590a2000-7f9d592a1000 ---p 00395000 08:05 8655329                    /usr/lib/x86_64-linux-gnu/libdricore9.1.7.so.1.0.0
7f9d592a1000-7f9d592b2000 r--p 00394000 08:05 8655329                    /usr/lib/x86_64-linux-gnu/libdricore9.1.7.so.1.0.0
7f9d592b2000-7f9d592ba000 rw-p 003a5000 08:05 8655329                    /usr/lib/x86_64-linux-gnu/libdricore9.1.7.so.1.0.0
7f9d592ba000-7f9d592d0000 rw-p 00000000 00:00 0 
7f9d592d0000-7f9d5938f000 r-xp 00000000 08:05 2829                       /usr/lib/x86_64-linux-gnu/dri/i965_dri.so
7f9d5938f000-7f9d5958f000 ---p 000bf000 08:05 2829                       /usr/lib/x86_64-linux-gnu/dri/i965_dri.so
7f9d5958f000-7f9d59592000 r--p 000bf000 08:05 2829                       /usr/lib/x86_64-linux-gnu/dri/i965_dri.so
7f9d59592000-7f9d59594000 rw-p 000c2000 08:05 2829                       /usr/lib/x86_64-linux-gnu/dri/i965_dri.so
7f9d59594000-7f9d59595000 rw-p 00000000 00:00 0 
7f9d59595000-7f9d5959a000 r-xp 00000000 08:05 8655474                    /usr/lib/x86_64-linux-gnu/libXdmcp.so.6.0.0
7f9d5959a000-7f9d59799000 ---p 00005000 08:05 8655474                    /usr/lib/x86_64-linux-gnu/libXdmcp.so.6.0.0
7f9d59799000-7f9d5979a000 r--p 00004000 08:05 8655474                    /usr/lib/x86_64-linux-gnu/libXdmcp.so.6.0.0
7f9d5979a000-7f9d5979b000 rw-p 00005000 08:05 8655474                    /usr/lib/x86_64-linux-gnu/libXdmcp.so.6.0.0
7f9d5979b000-7f9d5979d000 r-xp 00000000 08:05 8655463                    /usr/lib/x86_64-linux-gnu/libXau.so.6.0.0
7f9d5979d000-7f9d5999c000 ---p 00002000 08:05 8655463                    /usr/lib/x86_64-linux-gnu/libXau.so.6.0.0
7f9d5999c000-7f9d5999d000 r--p 00001000 08:05 8655463                    /usr/lib/x86_64-linux-gnu/libXau.so.6.0.0
7f9d5999d000-7f9d5999e000 rw-p 00002000 08:05 8655463                    /usr/lib/x86_64-linux-gnu/libXau.so.6.0.0
7f9d5999e000-7f9d599a8000 r-xp 00000000 08:05 8661130                    /usr/lib/x86_64-linux-gnu/libdrm.so.2.4.0
7f9d599a8000-7f9d59ba7000 ---p 0000a000 08:05 8661130                    /usr/lib/x86_64-linux-gnu/libdrm.so.2.4.0
7f9d59ba7000-7f9d59ba8000 r--p 00009000 08:05 8661130                    /usr/lib/x86_64-linux-gnu/libdrm.so.2.4.0
7f9d59ba8000-7f9d59ba9000 rw-p 0000a000 08:05 8661130                    /usr/lib/x86_64-linux-gnu/libdrm.so.2.4.0
7f9d59ba9000-7f9d59bac000 r-xp 00000000 08:05 8656058                    /usr/lib/x86_64-linux-gnu/libxcb-dri2.so.0.0.0
7f9d59bac000-7f9d59dac000 ---p 00003000 08:05 8656058                    /usr/lib/x86_64-linux-gnu/libxcb-dri2.so.0.0.0
7f9d59dac000-7f9d59dad000 r--p 00003000 08:05 8656058                    /usr/lib/x86_64-linux-gnu/libxcb-dri2.so.0.0.0
7f9d59dad000-7f9d59dae000 rw-p 00004000 08:05 8656058                    /usr/lib/x86_64-linux-gnu/libxcb-dri2.so.0.0.0
7f9d59dae000-7f9d59dc3000 r-xp 00000000 08:05 8656060                    /usr/lib/x86_64-linux-gnu/libxcb-glx.so.0.0.0
7f9d59dc3000-7f9d59fc2000 ---p 00015000 08:05 8656060                    /usr/lib/x86_64-linux-gnu/libxcb-glx.so.0.0.0
7f9d59fc2000-7f9d59fc4000 r--p 00014000 08:05 8656060                    /usr/lib/x86_64-linux-gnu/libxcb-glx.so.0.0.0
7f9d59fc4000-7f9d59fc5000 rw-p 00016000 08:05 8656060                    /usr/lib/x86_64-linux-gnu/libxcb-glx.so.0.0.0
7f9d59fc5000-7f9d59fc6000 r-xp 00000000 08:05 8655102                    /usr/lib/x86_64-linux-gnu/libX11-xcb.so.1.0.0
7f9d59fc6000-7f9d5a1c5000 ---p 00001000 08:05 8655102                    /usr/lib/x86_64-linux-gnu/libX11-xcb.so.1.0.0
7f9d5a1c5000-7f9d5a1c6000 r--p 00000000 08:05 8655102                    /usr/lib/x86_64-linux-gnu/libX11-xcb.so.1.0.0
7f9d5a1c6000-7f9d5a1c7000 rw-p 00001000 08:05 8655102                    /usr/lib/x86_64-linux-gnu/libX11-xcb.so.1.0.0
7f9d5a1c7000-7f9d5a1cc000 r-xp 00000000 08:05 8655682                    /usr/lib/x86_64-linux-gnu/libXfixes.so.3.1.0
7f9d5a1cc000-7f9d5a3cb000 ---p 00005000 08:05 8655682                    /usr/lib/x86_64-linux-gnu/libXfixes.so.3.1.0
7f9d5a3cb000-7f9d5a3cc000 r--p 00004000 08:05 8655682                    /usr/lib/x86_64-linux-gnu/libXfixes.so.3.1.0
7f9d5a3cc000-7f9d5a3cd000 rw-p 00005000 08:05 8655682                    /usr/lib/x86_64-linux-gnu/libXfixes.so.3.1.0
7f9d5a3cd000-7f9d5a3cf000 r-xp 00000000 08:05 8655472                    /usr/lib/x86_64-linux-gnu/libXdamage.so.1.1.0
7f9d5a3cf000-7f9d5a5ce000 ---p 00002000 08:05 8655472                    /usr/lib/x86_64-linux-gnu/libXdamage.so.1.1.0
7f9d5a5ce000-7f9d5a5cf000 r--p 00001000 08:05 8655472                    /usr/lib/x86_64-linux-gnu/libXdamage.so.1.1.0
7f9d5a5cf000-7f9d5a5d0000 rw-p 00002000 08:05 8655472                    /usr/lib/x86_64-linux-gnu/libXdamage.so.1.1.0
7f9d5a5d0000-7f9d5a5f1000 r-xp 00000000 08:05 8655088                    /usr/lib/x86_64-linux-gnu/libglapi.so.0.0.0
7f9d5a5f1000-7f9d5a7f0000 ---p 00021000 08:05 8655088                    /usr/lib/x86_64-linux-gnu/libglapi.so.0.0.0
7f9d5a7f0000-7f9d5a7f3000 r--p 00020000 08:05 8655088                    /usr/lib/x86_64-linux-gnu/libglapi.so.0.0.0
7f9d5a7f3000-7f9d5a7f4000 rw-p 00023000 08:05 8655088                    /usr/lib/x86_64-linux-gnu/libglapi.so.0.0.0
7f9d5a7f4000-7f9d5a7f5000 rw-p 00000000 00:00 0 
7f9d5a7f5000-7f9d5a805000 r-xp 00000000 08:05 8655476                    /usr/lib/x86_64-linux-gnu/libXext.so.6.4.0
7f9d5a805000-7f9d5aa04000 ---p 00010000 08:05 8655476                    /usr/lib/x86_64-linux-gnu/libXext.so.6.4.0
7f9d5aa04000-7f9d5aa05000 r--p 0000f000 08:05 8655476                    /usr/lib/x86_64-linux-gnu/libXext.so.6.4.0
7f9d5aa05000-7f9d5aa06000 rw-p 00010000 08:05 8655476                    /usr/lib/x86_64-linux-gnu/libXext.so.6.4.0
7f9d5aa06000-7f9d5aa23000 r-xp 00000000 08:05 8656070                    /usr/lib/x86_64-linux-gnu/libxcb.so.1.1.0
7f9d5aa23000-7f9d5ac22000 ---p 0001d000 08:05 8656070                    /usr/lib/x86_64-linux-gnu/libxcb.so.1.1.0
7f9d5ac22000-7f9d5ac23000 r--p 0001c000 08:05 8656070                    /usr/lib/x86_64-linux-gnu/libxcb.so.1.1.0
7f9d5ac23000-7f9d5ac24000 rw-p 0001d000 08:05 8656070                    /usr/lib/x86_64-linux-gnu/libxcb.so.1.1.0
7f9d5ac24000-7f9d5ac80000 r-xp 00000000 08:05 48                         /usr/lib/x86_64-linux-gnu/mesa/libGL.so.1.2.0
7f9d5ac80000-7f9d5ae80000 ---p 0005c000 08:05 48                         /usr/lib/x86_64-linux-gnu/mesa/libGL.so.1.2.0
7f9d5ae80000-7f9d5ae82000 r--p 0005c000 08:05 48                         /usr/lib/x86_64-linux-gnu/mesa/libGL.so.1.2.0
7f9d5ae82000-7f9d5ae83000 rw-p 0005e000 08:05 48                         /usr/lib/x86_64-linux-gnu/mesa/libGL.so.1.2.0
7f9d5ae83000-7f9d5ae84000 rw-p 00000000 00:00 0 
7f9d5ae84000-7f9d5ae88000 r-xp 00000000 08:05 8655506                    /usr/lib/x86_64-linux-gnu/libXxf86vm.so.1.0.0
7f9d5ae88000-7f9d5b087000 ---p 00004000 08:05 8655506                    /usr/lib/x86_64-linux-gnu/libXxf86vm.so.1.0.0
7f9d5b087000-7f9d5b088000 r--p 00003000 08:05 8655506                    /usr/lib/x86_64-linux-gnu/libXxf86vm.so.1.0.0
7f9d5b088000-7f9d5b089000 rw-p 00004000 08:05 8655506                    /usr/lib/x86_64-linux-gnu/libXxf86vm.so.1.0.0
7f9d5b089000-7f9d5b1b9000 r-xp 00000000 08:05 8655629                    /usr/lib/x86_64-linux-gnu/libX11.so.6.3.0
7f9d5b1b9000-7f9d5b3b9000 ---p 00130000 08:05 8655629                    /usr/lib/x86_64-linux-gnu/libX11.so.6.3.0
7f9d5b3b9000-7f9d5b3ba000 r--p 00130000 08:05 8655629                    /usr/lib/x86_64-linux-gnu/libX11.so.6.3.0
7f9d5b3ba000-7f9d5b3be000 rw-p 00131000 08:05 8655629                    /usr/lib/x86_64-linux-gnu/libX11.so.6.3.0
7f9d5b3be000-7f9d5b3c7000 r-xp 00000000 08:05 273707                     /usr/lib/jvm/jdk1.7.0_45/jre/lib/amd64/libprism-es2.so
7f9d5b3c7000-7f9d5b5c6000 ---p 00009000 08:05 273707                     /usr/lib/jvm/jdk1.7.0_45/jre/lib/amd64/libprism-es2.so
7f9d5b5c6000-7f9d5b5c7000 r--p 00008000 08:05 273707                     /usr/lib/jvm/jdk1.7.0_45/jre/lib/amd64/libprism-es2.so
7f9d5b5c7000-7f9d5b5c8000 rw-p 00009000 08:05 273707                     /usr/lib/jvm/jdk1.7.0_45/jre/lib/amd64/libprism-es2.so
7f9d5b5c8000-7f9d5b5cb000 ---p 00000000 00:00 0 
7f9d5b5cb000-7f9d5b6c9000 rw-p 00000000 00:00 0                          [stack:4639]
7f9d5b6c9000-7f9d5b6cc000 ---p 00000000 00:00 0 
7f9d5b6cc000-7f9d5b7ca000 rw-p 00000000 00:00 0                          [stack:4638]
7f9d5b7ca000-7f9d5b7e8000 r-xp 00000000 08:05 273838                     /usr/lib/jvm/jdk1.7.0_45/jre/lib/amd64/libdeploy.so
7f9d5b7e8000-7f9d5b9e8000 ---p 0001e000 08:05 273838                     /usr/lib/jvm/jdk1.7.0_45/jre/lib/amd64/libdeploy.so
7f9d5b9e8000-7f9d5b9ea000 rw-p 0001e000 08:05 273838                     /usr/lib/jvm/jdk1.7.0_45/jre/lib/amd64/libdeploy.so
7f9d5b9ea000-7f9d5b9fa000 rw-p 00000000 00:00 0 
7f9d5b9fa000-7f9d5b9fd000 ---p 00000000 00:00 0 
7f9d5b9fd000-7f9d5bafb000 rw-p 00000000 00:00 0                          [stack:4637]
7f9d5bafb000-7f9d5bafc000 ---p 00000000 00:00 0 
7f9d5bafc000-7f9d5bbfc000 rw-p 00000000 00:00 0                          [stack:4636]
7f9d5bbfc000-7f9d5bbff000 ---p 00000000 00:00 0 
7f9d5bbff000-7f9d5bcfd000 rw-p 00000000 00:00 0                          [stack:4635]
7f9d5bcfd000-7f9d5bd00000 ---p 00000000 00:00 0 
7f9d5bd00000-7f9d5bdfe000 rw-p 00000000 00:00 0                          [stack:4634]
7f9d5bdfe000-7f9d5be01000 ---p 00000000 00:00 0 
7f9d5be01000-7f9d5beff000 rw-p 00000000 00:00 0                          [stack:4633]
7f9d5beff000-7f9d5bf02000 ---p 00000000 00:00 0 
7f9d5bf02000-7f9d5c000000 rw-p 00000000 00:00 0                          [stack:4632]
7f9d5c000000-7f9d5c021000 rw-p 00000000 00:00 0 
7f9d5c021000-7f9d60000000 ---p 00000000 00:00 0 
7f9d60000000-7f9d60021000 rw-p 00000000 00:00 0 
7f9d60021000-7f9d64000000 ---p 00000000 00:00 0 
7f9d64000000-7f9d64021000 rw-p 00000000 00:00 0 
7f9d64021000-7f9d68000000 ---p 00000000 00:00 0 
7f9d68000000-7f9d68021000 rw-p 00000000 00:00 0 
7f9d68021000-7f9d6c000000 ---p 00000000 00:00 0 
7f9d6c000000-7f9d6c021000 rw-p 00000000 00:00 0 
7f9d6c021000-7f9d70000000 ---p 00000000 00:00 0 
7f9d70000000-7f9d70021000 rw-p 00000000 00:00 0 
7f9d70021000-7f9d74000000 ---p 00000000 00:00 0 
7f9d74000000-7f9d74021000 rw-p 00000000 00:00 0 
7f9d74021000-7f9d78000000 ---p 00000000 00:00 0 
7f9d78001000-7f9d78002000 rw-p 00000000 00:00 0 
7f9d78002000-7f9d7800c000 r--s 00000000 08:05 527475                     /usr/share/fonts/type1/mathml/Symbol.pfb
7f9d7800c000-7f9d7801d000 r--s 00000000 08:05 527415                     /usr/share/fonts/type1/gsfonts/n019023l.pfb
7f9d7801d000-7f9d78031000 r--s 00000000 08:05 527409                     /usr/share/fonts/type1/gsfonts/n019003l.pfb
7f9d78031000-7f9d78050000 r--s 00000000 08:05 531718                     /usr/share/fonts/type1/t1-xfree86-nonfree/courb.pfa
7f9d78050000-7f9d78054000 r--s 000f7000 08:05 273618                     /usr/lib/jvm/jdk1.7.0_45/jre/lib/ext/localedata.jar
7f9d78054000-7f9d78058000 r--s 00000000 08:05 2228442                    /var/cache/fontconfig/5e10083637a12ecd1bff191eb66bfa2f-le64.cache-3
7f9d78058000-7f9d78059000 r--s 00000000 08:05 2228438                    /var/cache/fontconfig/c05880de57d1f5e948fdfacc138775d9-le64.cache-3
7f9d78059000-7f9d78062000 r--s 00000000 08:05 2228433                    /var/cache/fontconfig/945677eb7aeaf62f1d50efc3fb3ec7d8-le64.cache-3
7f9d78062000-7f9d78064000 r--s 00000000 08:05 2228434                    /var/cache/fontconfig/99e8ed0e538f840c565b6ed5dad60d56-le64.cache-3
7f9d78064000-7f9d78068000 r--s 00000000 08:05 2228420                    /var/cache/fontconfig/2cd17615ca594fa2959ae173292e504c-le64.cache-3
7f9d78068000-7f9d7806f000 r--s 00000000 08:05 2240007                    /var/cache/fontconfig/bddabcf04192498a6a74911686fc6962-le64.cache-3
7f9d7806f000-7f9d78073000 r--s 00000000 08:05 2239934                    /var/cache/fontconfig/a46337af8a0b4c9b317ad981ec3bdf87-le64.cache-3
7f9d78073000-7f9d78074000 r--s 00000000 08:05 2228445                    /var/cache/fontconfig/e7071f4a29fa870f4323321c154eba04-le64.cache-3
7f9d78074000-7f9d78077000 r--s 00000000 08:05 2241843                    /var/cache/fontconfig/b5ea634b0fb353b8ea17632d1f9ef766-le64.cache-3
7f9d78077000-7f9d78078000 r--s 00000000 08:05 2228418                    /var/cache/fontconfig/0d8c3b2ac0904cb8a57a757ad11a4a08-le64.cache-3
7f9d78078000-7f9d7807e000 r--s 00000000 08:05 2228435                    /var/cache/fontconfig/a755afe4a08bf5b97852ceb7400b47bc-le64.cache-3
7f9d7807e000-7f9d78087000 r--s 00000000 08:05 2241500                    /var/cache/fontconfig/6d41288fd70b0be22e8c3a91e032eec0-le64.cache-3
7f9d78087000-7f9d78097000 r--s 00000000 08:05 2228417                    /var/cache/fontconfig/04aabc0a78ac019cf9454389977116d2-le64.cache-3
7f9d78097000-7f9d7809a000 r--s 00000000 08:05 2228423                    /var/cache/fontconfig/385c0604a188198f04d133e54aba7fe7-le64.cache-3
7f9d7809a000-7f9d7809b000 r--s 00000000 08:05 2234328                    /var/cache/fontconfig/4794a0821666d79190d59a36cb4f44b5-le64.cache-3
7f9d7809b000-7f9d7809e000 r--s 00000000 08:05 2228432                    /var/cache/fontconfig/8801497958630a81b71ace7c5f9b32a8-le64.cache-3
7f9d7809e000-7f9d780a3000 r--s 00000000 08:05 2228421                    /var/cache/fontconfig/3047814df9a2f067bd2d96a2b9c36e5a-le64.cache-3
7f9d780a3000-7f9d780a4000 r--s 00000000 08:05 2228426                    /var/cache/fontconfig/56cf4f4769d0f4abc89a4895d7bd3ae1-le64.cache-3
7f9d780a4000-7f9d780a5000 r--s 00000000 08:05 2228437                    /var/cache/fontconfig/b9d506c9ac06c20b433354fa67a72993-le64.cache-3
7f9d780a5000-7f9d780b5000 r--s 00000000 08:05 2228441                    /var/cache/fontconfig/d52a8644073d54c13679302ca1180695-le64.cache-3
7f9d780b5000-7f9d780bf000 r--s 00250000 08:05 8672025                    /usr/lib/jvm/jdk1.7.0_45/jre/lib/resources.jar
7f9d780bf000-7f9d780e5000 r--p 00000000 08:05 525768                     /usr/share/glib-2.0/schemas/gschemas.compiled
7f9d780e5000-7f9d787c8000 r--p 00000000 08:05 8654417                    /usr/lib/locale/locale-archive
7f9d787c8000-7f9d787cb000 ---p 00000000 00:00 0 
7f9d787cb000-7f9d788c9000 rw-p 00000000 00:00 0                          [stack:4631]
7f9d788c9000-7f9d788cc000 ---p 00000000 00:00 0 
7f9d788cc000-7f9d789ca000 rw-p 00000000 00:00 0                          [stack:4630]
7f9d789ca000-7f9d789cb000 ---p 00000000 00:00 0 
7f9d789cb000-7f9d7d000000 rw-p 00000000 00:00 0                          [stack:4629]
7f9d7d000000-7f9d7d270000 rwxp 00000000 00:00 0 
7f9d7d270000-7f9d80294000 rw-p 00000000 00:00 0 
7f9d80294000-7f9d84000000 ---p 00000000 00:00 0 
7f9d84000000-7f9d84005000 r--s 00000000 08:05 2228436                    /var/cache/fontconfig/b47c4e1ecd0709278f4910c18777a504-le64.cache-3
7f9d84005000-7f9d84009000 r--s 00000000 08:05 2241841                    /var/cache/fontconfig/7ef2298fde41cc6eeb7af42e48b7d293-le64.cache-3
7f9d84009000-7f9d84010000 r--s 00000000 08:05 6673                       /usr/lib/x86_64-linux-gnu/gconv/gconv-modules.cache
7f9d84010000-7f9d84023000 r--s 000d0000 08:05 8672033                    /usr/lib/jvm/jdk1.7.0_45/jre/lib/plugin.jar
7f9d84023000-7f9d840b1000 r--s 00ddd000 08:05 8672039                    /usr/lib/jvm/jdk1.7.0_45/jre/lib/jfxrt.jar
7f9d840b1000-7f9d84b06000 rw-p 00000000 00:00 0 
7f9d84b06000-7f9d84cc2000 r--s 039b2000 08:05 8672055                    /usr/lib/jvm/jdk1.7.0_45/jre/lib/rt.jar
7f9d84cc2000-7f9d851bf000 rw-p 00000000 00:00 0 
7f9d851bf000-7f9d851c0000 ---p 00000000 00:00 0 
7f9d851c0000-7f9d852c0000 rw-p 00000000 00:00 0                          [stack:4628]
7f9d852c0000-7f9d852c1000 ---p 00000000 00:00 0 
7f9d852c1000-7f9d853c1000 rw-p 00000000 00:00 0                          [stack:4627]
7f9d853c1000-7f9d853c2000 ---p 00000000 00:00 0 
7f9d853c2000-7f9d854c2000 rw-p 00000000 00:00 0                          [stack:4626]
7f9d854c2000-7f9d854c3000 ---p 00000000 00:00 0 
7f9d854c3000-7f9d855ce000 rw-p 00000000 00:00 0                          [stack:4625]
7f9d855ce000-7f9d855ec000 rw-p 00000000 00:00 0 
7f9d855ec000-7f9d85615000 rw-p 00000000 00:00 0 
7f9d85615000-7f9d8587e000 rw-p 00000000 00:00 0 
7f9d8587e000-7f9d85889000 rw-p 00000000 00:00 0 
7f9d85889000-7f9d858a7000 rw-p 00000000 00:00 0 
7f9d858a7000-7f9d858d0000 rw-p 00000000 00:00 0 
7f9d858d0000-7f9d85b38000 rw-p 00000000 00:00 0 
7f9d85b38000-7f9d85b4d000 rw-p 00000000 00:00 0 
7f9d85b4d000-7f9d85c81000 rw-p 00000000 00:00 0 
7f9d85c81000-7f9d85c82000 rw-p 00000000 00:00 0 
7f9d85c82000-7f9d85c9c000 r-xp 00000000 08:05 273995                     /usr/lib/jvm/jdk1.7.0_45/jre/lib/amd64/libzip.so
7f9d85c9c000-7f9d85e9c000 ---p 0001a000 08:05 273995                     /usr/lib/jvm/jdk1.7.0_45/jre/lib/amd64/libzip.so
7f9d85e9c000-7f9d85e9d000 rw-p 0001a000 08:05 273995                     /usr/lib/jvm/jdk1.7.0_45/jre/lib/amd64/libzip.so
7f9d85e9d000-7f9d85ea9000 r-xp 00000000 08:05 8388821                    /lib/x86_64-linux-gnu/libnss_files-2.15.so
7f9d85ea9000-7f9d860a8000 ---p 0000c000 08:05 8388821                    /lib/x86_64-linux-gnu/libnss_files-2.15.so
7f9d860a8000-7f9d860a9000 r--p 0000b000 08:05 8388821                    /lib/x86_64-linux-gnu/libnss_files-2.15.so
7f9d860a9000-7f9d860aa000 rw-p 0000c000 08:05 8388821                    /lib/x86_64-linux-gnu/libnss_files-2.15.so
7f9d860aa000-7f9d860b4000 r-xp 00000000 08:05 8388825                    /lib/x86_64-linux-gnu/libnss_nis-2.15.so
7f9d860b4000-7f9d862b4000 ---p 0000a000 08:05 8388825                    /lib/x86_64-linux-gnu/libnss_nis-2.15.so
7f9d862b4000-7f9d862b5000 r--p 0000a000 08:05 8388825                    /lib/x86_64-linux-gnu/libnss_nis-2.15.so
7f9d862b5000-7f9d862b6000 rw-p 0000b000 08:05 8388825                    /lib/x86_64-linux-gnu/libnss_nis-2.15.so
7f9d862b6000-7f9d862cd000 r-xp 00000000 08:05 8388837                    /lib/x86_64-linux-gnu/libnsl-2.15.so
7f9d862cd000-7f9d864cc000 ---p 00017000 08:05 8388837                    /lib/x86_64-linux-gnu/libnsl-2.15.so
7f9d864cc000-7f9d864cd000 r--p 00016000 08:05 8388837                    /lib/x86_64-linux-gnu/libnsl-2.15.so
7f9d864cd000-7f9d864ce000 rw-p 00017000 08:05 8388837                    /lib/x86_64-linux-gnu/libnsl-2.15.so
7f9d864ce000-7f9d864d0000 rw-p 00000000 00:00 0 
7f9d864d0000-7f9d864d8000 r-xp 00000000 08:05 8388819                    /lib/x86_64-linux-gnu/libnss_compat-2.15.so
7f9d864d8000-7f9d866d7000 ---p 00008000 08:05 8388819                    /lib/x86_64-linux-gnu/libnss_compat-2.15.so
7f9d866d7000-7f9d866d8000 r--p 00007000 08:05 8388819                    /lib/x86_64-linux-gnu/libnss_compat-2.15.so
7f9d866d8000-7f9d866d9000 rw-p 00008000 08:05 8388819                    /lib/x86_64-linux-gnu/libnss_compat-2.15.so
7f9d866d9000-7f9d86702000 r-xp 00000000 08:05 273942                     /usr/lib/jvm/jdk1.7.0_45/jre/lib/amd64/libjava.so
7f9d86702000-7f9d86902000 ---p 00029000 08:05 273942                     /usr/lib/jvm/jdk1.7.0_45/jre/lib/amd64/libjava.so
7f9d86902000-7f9d86904000 rw-p 00029000 08:05 273942                     /usr/lib/jvm/jdk1.7.0_45/jre/lib/amd64/libjava.so
7f9d86904000-7f9d86911000 r-xp 00000000 08:05 273837                     /usr/lib/jvm/jdk1.7.0_45/jre/lib/amd64/libverify.so
7f9d86911000-7f9d86b10000 ---p 0000d000 08:05 273837                     /usr/lib/jvm/jdk1.7.0_45/jre/lib/amd64/libverify.so
7f9d86b10000-7f9d86b12000 rw-p 0000c000 08:05 273837                     /usr/lib/jvm/jdk1.7.0_45/jre/lib/amd64/libverify.so
7f9d86b12000-7f9d86b19000 r-xp 00000000 08:05 8388824                    /lib/x86_64-linux-gnu/librt-2.15.so
7f9d86b19000-7f9d86d18000 ---p 00007000 08:05 8388824                    /lib/x86_64-linux-gnu/librt-2.15.so
7f9d86d18000-7f9d86d19000 r--p 00006000 08:05 8388824                    /lib/x86_64-linux-gnu/librt-2.15.so
7f9d86d19000-7f9d86d1a000 rw-p 00007000 08:05 8388824                    /lib/x86_64-linux-gnu/librt-2.15.so
7f9d86d1a000-7f9d86e15000 r-xp 00000000 08:05 8388828                    /lib/x86_64-linux-gnu/libm-2.15.so
7f9d86e15000-7f9d87014000 ---p 000fb000 08:05 8388828                    /lib/x86_64-linux-gnu/libm-2.15.so
7f9d87014000-7f9d87015000 r--p 000fa000 08:05 8388828                    /lib/x86_64-linux-gnu/libm-2.15.so
7f9d87015000-7f9d87016000 rw-p 000fb000 08:05 8388828                    /lib/x86_64-linux-gnu/libm-2.15.so
7f9d87016000-7f9d87b78000 r-xp 00000000 08:05 273676                     /usr/lib/jvm/jdk1.7.0_45/jre/lib/amd64/server/libjvm.so
7f9d87b78000-7f9d87d78000 ---p 00b62000 08:05 273676                     /usr/lib/jvm/jdk1.7.0_45/jre/lib/amd64/server/libjvm.so
7f9d87d78000-7f9d87e3b000 rw-p 00b62000 08:05 273676                     /usr/lib/jvm/jdk1.7.0_45/jre/lib/amd64/server/libjvm.so
7f9d87e3b000-7f9d87e7c000 rw-p 00000000 00:00 0 
7f9d87e7c000-7f9d88031000 r-xp 00000000 08:05 8388817                    /lib/x86_64-linux-gnu/libc-2.15.so
7f9d88031000-7f9d88231000 ---p 001b5000 08:05 8388817                    /lib/x86_64-linux-gnu/libc-2.15.so
7f9d88231000-7f9d88235000 r--p 001b5000 08:05 8388817                    /lib/x86_64-linux-gnu/libc-2.15.so
7f9d88235000-7f9d88237000 rw-p 001b9000 08:05 8388817                    /lib/x86_64-linux-gnu/libc-2.15.so
7f9d88237000-7f9d8823c000 rw-p 00000000 00:00 0 
7f9d8823c000-7f9d8823e000 r-xp 00000000 08:05 8388832                    /lib/x86_64-linux-gnu/libdl-2.15.so
7f9d8823e000-7f9d8843e000 ---p 00002000 08:05 8388832                    /lib/x86_64-linux-gnu/libdl-2.15.so
7f9d8843e000-7f9d8843f000 r--p 00002000 08:05 8388832                    /lib/x86_64-linux-gnu/libdl-2.15.so
7f9d8843f000-7f9d88440000 rw-p 00003000 08:05 8388832                    /lib/x86_64-linux-gnu/libdl-2.15.so
7f9d88440000-7f9d88456000 r-xp 00000000 08:05 14692                      /usr/lib/jvm/jdk1.7.0_45/lib/amd64/jli/libjli.so
7f9d88456000-7f9d88656000 ---p 00016000 08:05 14692                      /usr/lib/jvm/jdk1.7.0_45/lib/amd64/jli/libjli.so
7f9d88656000-7f9d88657000 rw-p 00016000 08:05 14692                      /usr/lib/jvm/jdk1.7.0_45/lib/amd64/jli/libjli.so
7f9d88657000-7f9d8866f000 r-xp 00000000 08:05 8388826                    /lib/x86_64-linux-gnu/libpthread-2.15.so
7f9d8866f000-7f9d8886e000 ---p 00018000 08:05 8388826                    /lib/x86_64-linux-gnu/libpthread-2.15.so
7f9d8886e000-7f9d8886f000 r--p 00017000 08:05 8388826                    /lib/x86_64-linux-gnu/libpthread-2.15.so
7f9d8886f000-7f9d88870000 rw-p 00018000 08:05 8388826                    /lib/x86_64-linux-gnu/libpthread-2.15.so
7f9d88870000-7f9d88874000 rw-p 00000000 00:00 0 
7f9d88874000-7f9d88896000 r-xp 00000000 08:05 8388829                    /lib/x86_64-linux-gnu/ld-2.15.so
7f9d88896000-7f9d88899000 r--s 00000000 08:05 2235401                    /var/cache/fontconfig/e13b20fdb08344e0e664864cc2ede53d-le64.cache-3
7f9d88899000-7f9d888b1000 r--s 001cd000 08:05 8672034                    /usr/lib/jvm/jdk1.7.0_45/jre/lib/deploy.jar
7f9d888b1000-7f9d888bb000 rw-p 00000000 00:00 0 
7f9d888bb000-7f9d88971000 rw-p 00000000 00:00 0 
7f9d88971000-7f9d88974000 ---p 00000000 00:00 0 
7f9d88974000-7f9d88a76000 rw-p 00000000 00:00 0                          [stack:4624]
7f9d88a76000-7f9d88a7a000 r--p 00000000 08:05 787932                     /home/idarraga/.config/dconf/user
7f9d88a7a000-7f9d88a7b000 r--s 00000000 08:05 664601                     /home/idarraga/.cache/dconf/user
7f9d88a7b000-7f9d88a84000 r--s 00064000 08:05 8672035                    /usr/lib/jvm/jdk1.7.0_45/jre/lib/javaws.jar
7f9d88a84000-7f9d88a88000 r--s 0008a000 08:05 8672042                    /usr/lib/jvm/jdk1.7.0_45/jre/lib/jsse.jar
7f9d88a88000-7f9d88a8a000 r--s 00025000 08:05 7471262                    /home/idarraga/NetBeansProjects/TPX3JUI/dist/run1916421981/TPX3JUI.jar
7f9d88a8a000-7f9d88a92000 rw-s 00000000 08:05 3679342                    /tmp/hsperfdata_idarraga/4620
7f9d88a92000-7f9d88a93000 rw-p 00000000 00:00 0 
7f9d88a93000-7f9d88a94000 r--p 00000000 00:00 0 
7f9d88a94000-7f9d88a96000 rw-p 00000000 00:00 0 
7f9d88a96000-7f9d88a97000 r--p 00022000 08:05 8388829                    /lib/x86_64-linux-gnu/ld-2.15.so
7f9d88a97000-7f9d88a99000 rw-p 00023000 08:05 8388829                    /lib/x86_64-linux-gnu/ld-2.15.so
7fff60696000-7fff606b7000 rw-p 00000000 00:00 0                          [stack]
7fff606f6000-7fff606f8000 r-xp 00000000 00:00 0                          [vdso]
ffffffffff600000-ffffffffff601000 r-xp 00000000 00:00 0                  [vsyscall]

VM Arguments:
jvm_args: -Dfile.encoding=UTF-8 -Djava.library.path=/home/idarraga/daq/SPIDR/software/trunk/Release:/home/idarraga/NetBeansProjects/TPX3JUI/src/tpx3jui 
java_command: /home/idarraga/NetBeansProjects/TPX3JUI/dist/run1916421981/TPX3JUI.jar
Launcher Type: SUN_STANDARD

Environment Variables:
PATH=/usr/lib/lightdm/lightdm:/usr/local/sbin:/usr/local/bin:/usr/sbin:/usr/bin:/sbin:/bin:/usr/games
LD_LIBRARY_PATH=/usr/lib/jvm/java-7-openjdk-amd64/jre/lib/amd64:/usr/lib/jvm/java-7-openjdk-amd64/jre/lib/i386:
SHELL=/bin/bash
DISPLAY=:0.0

Signal Handlers:
SIGSEGV: [libjvm.so+0x9935b0], sa_mask[0]=0x7ffbfeff, sa_flags=0x10000004
SIGBUS: [libjvm.so+0x9935b0], sa_mask[0]=0x7ffbfeff, sa_flags=0x10000004
SIGFPE: [libjvm.so+0x810330], sa_mask[0]=0x7ffbfeff, sa_flags=0x10000004
SIGPIPE: SIG_IGN, sa_mask[0]=0x00001000, sa_flags=0x10000000
SIGXFSZ: [libjvm.so+0x810330], sa_mask[0]=0x7ffbfeff, sa_flags=0x10000004
SIGILL: [libjvm.so+0x810330], sa_mask[0]=0x7ffbfeff, sa_flags=0x10000004
SIGUSR1: SIG_DFL, sa_mask[0]=0x00000000, sa_flags=0x00000000
SIGUSR2: [libjvm.so+0x811820], sa_mask[0]=0x00000004, sa_flags=0x10000004
SIGHUP: [libjvm.so+0x812790], sa_mask[0]=0x7ffbfeff, sa_flags=0x10000004
SIGINT: SIG_IGN, sa_mask[0]=0x00000000, sa_flags=0x00000000
SIGTERM: [libjvm.so+0x812790], sa_mask[0]=0x7ffbfeff, sa_flags=0x10000004
SIGQUIT: [libjvm.so+0x812790], sa_mask[0]=0x7ffbfeff, sa_flags=0x10000004


---------------  S Y S T E M  ---------------

OS:wheezy/sid

uname:Linux 3.8.0-35-generic #50~precise1-Ubuntu SMP Wed Dec 4 17:25:51 UTC 2013 x86_64
libc:glibc 2.15 NPTL 2.15 
rlimit: STACK 8192k, CORE 0k, NPROC 62922, NOFILE 4096, AS infinity
load average:0.45 0.28 0.28

/proc/meminfo:
MemTotal:        8073024 kB
MemFree:          176928 kB
Buffers:           83528 kB
Cached:           828608 kB
SwapCached:         8296 kB
Active:          5935496 kB
Inactive:        1574868 kB
Active(anon):    5556160 kB
Inactive(anon):  1250744 kB
Active(file):     379336 kB
Inactive(file):   324124 kB
Unevictable:          16 kB
Mlocked:              16 kB
SwapTotal:       8282108 kB
SwapFree:        8184168 kB
Dirty:               648 kB
Writeback:             0 kB
AnonPages:       6590344 kB
Mapped:           208952 kB
Shmem:            208652 kB
Slab:             230536 kB
SReclaimable:     196624 kB
SUnreclaim:        33912 kB
KernelStack:        5608 kB
PageTables:        47012 kB
NFS_Unstable:          0 kB
Bounce:                0 kB
WritebackTmp:          0 kB
CommitLimit:    12318620 kB
Committed_AS:    9051884 kB
VmallocTotal:   34359738367 kB
VmallocUsed:      361232 kB
VmallocChunk:   34359374000 kB
HardwareCorrupted:     0 kB
AnonHugePages:         0 kB
HugePages_Total:       0
HugePages_Free:        0
HugePages_Rsvd:        0
HugePages_Surp:        0
Hugepagesize:       2048 kB
DirectMap4k:       53248 kB
DirectMap2M:     8243200 kB


CPU:total 4 (4 cores per cpu, 2 threads per core) family 6 model 58 stepping 9, cmov, cx8, fxsr, mmx, sse, sse2, sse3, ssse3, sse4.1, sse4.2, popcnt, avx, aes, erms, ht, tsc, tscinvbit, tscinv

/proc/cpuinfo:
processor	: 0
vendor_id	: GenuineIntel
cpu family	: 6
model		: 58
model name	: Intel(R) Core(TM) i7-3770 CPU @ 3.40GHz
stepping	: 9
microcode	: 0x16
cpu MHz		: 3401.000
cache size	: 8192 KB
physical id	: 0
siblings	: 4
core id		: 0
cpu cores	: 4
apicid		: 0
initial apicid	: 0
fpu		: yes
fpu_exception	: yes
cpuid level	: 13
wp		: yes
flags		: fpu vme de pse tsc msr pae mce cx8 apic sep mtrr pge mca cmov pat pse36 clflush dts acpi mmx fxsr sse sse2 ss ht tm pbe syscall nx rdtscp lm constant_tsc arch_perfmon pebs bts rep_good nopl xtopology nonstop_tsc aperfmperf eagerfpu pni pclmulqdq dtes64 monitor ds_cpl vmx smx est tm2 ssse3 cx16 xtpr pdcm pcid sse4_1 sse4_2 x2apic popcnt tsc_deadline_timer aes xsave avx f16c rdrand lahf_lm ida arat epb xsaveopt pln pts dtherm tpr_shadow vnmi flexpriority ept vpid fsgsbase smep erms
bogomips	: 6799.82
clflush size	: 64
cache_alignment	: 64
address sizes	: 36 bits physical, 48 bits virtual
power management:

processor	: 1
vendor_id	: GenuineIntel
cpu family	: 6
model		: 58
model name	: Intel(R) Core(TM) i7-3770 CPU @ 3.40GHz
stepping	: 9
microcode	: 0x16
cpu MHz		: 3401.000
cache size	: 8192 KB
physical id	: 0
siblings	: 4
core id		: 1
cpu cores	: 4
apicid		: 2
initial apicid	: 2
fpu		: yes
fpu_exception	: yes
cpuid level	: 13
wp		: yes
flags		: fpu vme de pse tsc msr pae mce cx8 apic sep mtrr pge mca cmov pat pse36 clflush dts acpi mmx fxsr sse sse2 ss ht tm pbe syscall nx rdtscp lm constant_tsc arch_perfmon pebs bts rep_good nopl xtopology nonstop_tsc aperfmperf eagerfpu pni pclmulqdq dtes64 monitor ds_cpl vmx smx est tm2 ssse3 cx16 xtpr pdcm pcid sse4_1 sse4_2 x2apic popcnt tsc_deadline_timer aes xsave avx f16c rdrand lahf_lm ida arat epb xsaveopt pln pts dtherm tpr_shadow vnmi flexpriority ept vpid fsgsbase smep erms
bogomips	: 6799.82
clflush size	: 64
cache_alignment	: 64
address sizes	: 36 bits physical, 48 bits virtual
power management:

processor	: 2
vendor_id	: GenuineIntel
cpu family	: 6
model		: 58
model name	: Intel(R) Core(TM) i7-3770 CPU @ 3.40GHz
stepping	: 9
microcode	: 0x16
cpu MHz		: 3401.000
cache size	: 8192 KB
physical id	: 0
siblings	: 4
core id		: 2
cpu cores	: 4
apicid		: 4
initial apicid	: 4
fpu		: yes
fpu_exception	: yes
cpuid level	: 13
wp		: yes
flags		: fpu vme de pse tsc msr pae mce cx8 apic sep mtrr pge mca cmov pat pse36 clflush dts acpi mmx fxsr sse sse2 ss ht tm pbe syscall nx rdtscp lm constant_tsc arch_perfmon pebs bts rep_good nopl xtopology nonstop_tsc aperfmperf eagerfpu pni pclmulqdq dtes64 monitor ds_cpl vmx smx est tm2 ssse3 cx16 xtpr pdcm pcid sse4_1 sse4_2 x2apic popcnt tsc_deadline_timer aes xsave avx f16c rdrand lahf_lm ida arat epb xsaveopt pln pts dtherm tpr_shadow vnmi flexpriority ept vpid fsgsbase smep erms
bogomips	: 6799.82
clflush size	: 64
cache_alignment	: 64
address sizes	: 36 bits physical, 48 bits virtual
power management:

processor	: 3
vendor_id	: GenuineIntel
cpu family	: 6
model		: 58
model name	: Intel(R) Core(TM) i7-3770 CPU @ 3.40GHz
stepping	: 9
microcode	: 0x16
cpu MHz		: 3401.000
cache size	: 8192 KB
physical id	: 0
siblings	: 4
core id		: 3
cpu cores	: 4
apicid		: 6
initial apicid	: 6
fpu		: yes
fpu_exception	: yes
cpuid level	: 13
wp		: yes
flags		: fpu vme de pse tsc msr pae mce cx8 apic sep mtrr pge mca cmov pat pse36 clflush dts acpi mmx fxsr sse sse2 ss ht tm pbe syscall nx rdtscp lm constant_tsc arch_perfmon pebs bts rep_good nopl xtopology nonstop_tsc aperfmperf eagerfpu pni pclmulqdq dtes64 monitor ds_cpl vmx smx est tm2 ssse3 cx16 xtpr pdcm pcid sse4_1 sse4_2 x2apic popcnt tsc_deadline_timer aes xsave avx f16c rdrand lahf_lm ida arat epb xsaveopt pln pts dtherm tpr_shadow vnmi flexpriority ept vpid fsgsbase smep erms
bogomips	: 6799.82
clflush size	: 64
cache_alignment	: 64
address sizes	: 36 bits physical, 48 bits virtual
power management:



Memory: 4k page, physical 8073024k(176928k free), swap 8282108k(8184168k free)

vm_info: Java HotSpot(TM) 64-Bit Server VM (24.45-b08) for linux-amd64 JRE (1.7.0_45-b18), built on Oct  8 2013 05:44:25 by "java_re" with gcc 4.3.0 20080428 (Red Hat 4.3.0-8)

time: Wed Jan 15 16:54:51 2014
elapsed time: 12 seconds

