#
# A fatal error has been detected by the Java Runtime Environment:
#
#  SIGSEGV (0xb) at pc=0x00007f279f9c3cd8, pid=2520, tid=139809039128320
#
# JRE version: Java(TM) SE Runtime Environment (7.0_45-b18) (build 1.7.0_45-b18)
# Java VM: Java HotSpot(TM) 64-Bit Server VM (24.45-b08 mixed mode linux-amd64 compressed oops)
# Problematic frame:
# C  [libSpidrTpx3Lib.so.1.0.0+0x8cd8]  SpidrController::requestSetInt(int, int, int)+0x8
#
# Failed to write core dump. Core dumps have been disabled. To enable core dumping, try "ulimit -c unlimited" before starting Java again
#
# If you would like to submit a bug report, please visit:
#   http://bugreport.sun.com/bugreport/crash.jsp
# The crash happened outside the Java Virtual Machine in native code.
# See problematic frame for where to report the bug.
#

---------------  T H R E A D  ---------------

Current thread (0x00007f27b40e5000):  JavaThread "JavaFX Application Thread" [_thread_in_native, id=2544, stack(0x00007f27d40d1000,0x00007f27d41d2000)]

siginfo:si_signo=SIGSEGV: si_errno=0, si_code=1 (SEGV_MAPERR), si_addr=0x000000000000001c

Registers:
RAX=0x0000000000000000, RBX=0x0000000780171f60, RCX=0x0000000040000100, RDX=0x0000000000000000
RSP=0x00007f27d41ce948, RBP=0x00007f27d41ce970, RSI=0x000000000000011b, RDI=0x0000000000000000
R8 =0x0000000000000014, R9 =0x0000000000000000, R10=0x00007f27d41ce6e0, R11=0x00007f279f9c3cd0
R12=0x0000000000000000, R13=0x0000000780171f60, R14=0x00007f27d41cea20, R15=0x00007f27b40e5000
RIP=0x00007f279f9c3cd8, EFLAGS=0x0000000000010206, CSGSFS=0xffff000000000033, ERR=0x0000000000000006
  TRAPNO=0x000000000000000e

Top of Stack: (sp=0x00007f27d41ce948)
0x00007f27d41ce948:   00007f279ef9a5bb 0000004080171f60
0x00007f27d41ce958:   0000000000000001 00007f27d41cea20
0x00007f27d41ce968:   00007f27b40e51e8 00007f27d41ce9e8
0x00007f27d41ce978:   00007f27f9012cd8 0000000780455cfc
0x00007f27d41ce988:   00007f27000000b6 00007f27c00bea08
0x00007f27d41ce998:   00007f27f90060b7 00007f27b40e5000
0x00007f27d41ce9a8:   00007f27d41ce9a8 0000000780171f60
0x00007f27d41ce9b8:   00007f27d41cea20 00000007801727a0
0x00007f27d41ce9c8:   0000000000000000 0000000780171f60
0x00007f27d41ce9d8:   0000000000000000 00007f27d41cea08
0x00007f27d41ce9e8:   00007f27d41cea68 00007f27f9006058
0x00007f27d41ce9f8:   0000000000000000 00007f27f900ecd8
0x00007f27d41cea08:   0000000000000040 0000000000000001
0x00007f27d41cea18:   0000000000000000 00000007d8ec4568
0x00007f27d41cea28:   00007f27d41cea28 0000000780455cfc
0x00007f27d41cea38:   00007f27d41cea80 0000000780456118
0x00007f27d41cea48:   0000000000000000 0000000780455d20
0x00007f27d41cea58:   00007f27d41cea08 00007f27d41cea78
0x00007f27d41cea68:   00007f27d41ceac8 00007f27f9006058
0x00007f27d41cea78:   00000007d7f7bd18 00000007d8ea8b30
0x00007f27d41cea88:   00007f27d41cea88 0000000780455de5
0x00007f27d41cea98:   00007f27d41ceae0 0000000780456118
0x00007f27d41ceaa8:   0000000000000000 0000000780455e08
0x00007f27d41ceab8:   00007f27d41cea78 00007f27d41ceaf0
0x00007f27d41ceac8:   00000007d8ea8b18 00007f27f912f93c
0x00007f27d41cead8:   00000007d7f7bd18 00000007d8ea8b30
0x00007f27d41ceae8:   00007f27f912f93c 00000007d7f7bd18
0x00007f27d41ceaf8:   00007f27fb1d5157 00000007d8ea89d8
0x00007f27d41ceb08:   00007f27d41ceb08 000000078044c928
0x00007f27d41ceb18:   00000007d7f7bd18 000000078044d6e8
0x00007f27d41ceb28:   0000000780ad8e60 00007f27d41ceba0
0x00007f27d41ceb38:   00007f27f9006233 00007f27d41ceb58 

Instructions: (pc=0x00007f279f9c3cd8)
0x00007f279f9c3cb8:   0c b9 04 00 00 00 49 89 e0 31 d2 e8 08 e7 ff ff
0x00007f279f9c3cc8:   48 83 c4 18 c3 90 66 90 0f c9 41 b8 14 00 00 00
0x00007f279f9c3cd8:   89 4f 1c b9 14 00 00 00 e9 2b e7 ff ff 90 66 2e
0x00007f279f9c3ce8:   0f 1f 84 00 00 00 00 00 89 f2 31 c9 be 63 05 00 

Register to memory mapping:

RAX=0x0000000000000000 is an unknown value
RBX=0x0000000780171f60 is an oop
{method} 
 - klass: {other class}
RCX=0x0000000040000100 is an unknown value
RDX=0x0000000000000000 is an unknown value
RSP=0x00007f27d41ce948 is pointing into the stack for thread: 0x00007f27b40e5000
RBP=0x00007f27d41ce970 is pointing into the stack for thread: 0x00007f27b40e5000
RSI=0x000000000000011b is an unknown value
RDI=0x0000000000000000 is an unknown value
R8 =0x0000000000000014 is an unknown value
R9 =0x0000000000000000 is an unknown value
R10=0x00007f27d41ce6e0 is pointing into the stack for thread: 0x00007f27b40e5000
R11=0x00007f279f9c3cd0: _ZN15SpidrController13requestSetIntEiii+0 in /home/idarraga/daq/SPIDR/software/trunk/Release/libSpidrTpx3Lib.so.1.0.0 at 0x00007f279f9bb000
R12=0x0000000000000000 is an unknown value
R13=0x0000000780171f60 is an oop
{method} 
 - klass: {other class}
R14=0x00007f27d41cea20 is pointing into the stack for thread: 0x00007f27b40e5000
R15=0x00007f27b40e5000 is a thread


Stack: [0x00007f27d40d1000,0x00007f27d41d2000],  sp=0x00007f27d41ce948,  free space=1014k
Native frames: (J=compiled Java code, j=interpreted, Vv=VM code, C=native code)
C  [libSpidrTpx3Lib.so.1.0.0+0x8cd8]  SpidrController::requestSetInt(int, int, int)+0x8
j  tpx3jui.SpidrDaqJ.setDac(III)V+0
j  tpx3jui.FXMLDocumentController$2.handle(Ljavafx/scene/input/MouseEvent;)V+20
j  tpx3jui.FXMLDocumentController$2.handle(Ljavafx/event/Event;)V+5

Java frames: (J=compiled Java code, j=interpreted, Vv=VM code)
j  tpx3jui.SpidrDaqJ.setDac(III)V+0
j  tpx3jui.FXMLDocumentController$2.handle(Ljavafx/scene/input/MouseEvent;)V+20
j  tpx3jui.FXMLDocumentController$2.handle(Ljavafx/event/Event;)V+5
J  com.sun.javafx.event.EventHandlerManager.dispatchBubblingEvent(Ljavafx/event/Event;)Ljavafx/event/Event;
j  com.sun.javafx.event.CompositeEventDispatcher.dispatchBubblingEvent(Ljavafx/event/Event;)Ljavafx/event/Event;+11
j  com.sun.javafx.event.BasicEventDispatcher.dispatchEvent(Ljavafx/event/Event;Ljavafx/event/EventDispatchChain;)Ljavafx/event/Event;+29
J  com.sun.javafx.event.EventDispatchChainImpl.dispatchEvent(Ljavafx/event/Event;)Ljavafx/event/Event;
j  com.sun.javafx.event.BasicEventDispatcher.dispatchEvent(Ljavafx/event/Event;Ljavafx/event/EventDispatchChain;)Ljavafx/event/Event;+17
J  com.sun.javafx.event.EventDispatchChainImpl.dispatchEvent(Ljavafx/event/Event;)Ljavafx/event/Event;
j  com.sun.javafx.event.BasicEventDispatcher.dispatchEvent(Ljavafx/event/Event;Ljavafx/event/EventDispatchChain;)Ljavafx/event/Event;+17
J  com.sun.javafx.event.EventDispatchChainImpl.dispatchEvent(Ljavafx/event/Event;)Ljavafx/event/Event;
j  com.sun.javafx.event.BasicEventDispatcher.dispatchEvent(Ljavafx/event/Event;Ljavafx/event/EventDispatchChain;)Ljavafx/event/Event;+17
J  com.sun.javafx.event.EventDispatchChainImpl.dispatchEvent(Ljavafx/event/Event;)Ljavafx/event/Event;
j  com.sun.javafx.event.BasicEventDispatcher.dispatchEvent(Ljavafx/event/Event;Ljavafx/event/EventDispatchChain;)Ljavafx/event/Event;+17
J  com.sun.javafx.event.EventDispatchChainImpl.dispatchEvent(Ljavafx/event/Event;)Ljavafx/event/Event;
j  com.sun.javafx.event.EventUtil.fireEventImpl(Ljavafx/event/EventDispatchChain;Ljavafx/event/EventTarget;Ljavafx/event/Event;)Ljavafx/event/Event;+10
j  com.sun.javafx.event.EventUtil.fireEvent(Ljavafx/event/EventTarget;Ljavafx/event/Event;)Ljavafx/event/Event;+46
j  javafx.event.Event.fireEvent(Ljavafx/event/EventTarget;Ljavafx/event/Event;)V+30
j  javafx.scene.Scene$ClickGenerator.postProcess(Ljavafx/scene/input/MouseEvent;Ljavafx/scene/Scene$TargetWrapper;Ljavafx/scene/Scene$TargetWrapper;)V+171
j  javafx.scene.Scene$ClickGenerator.access$8600(Ljavafx/scene/Scene$ClickGenerator;Ljavafx/scene/input/MouseEvent;Ljavafx/scene/Scene$TargetWrapper;Ljavafx/scene/Scene$TargetWrapper;)V+4
j  javafx.scene.Scene$MouseHandler.process(Ljavafx/scene/input/MouseEvent;Z)V+452
j  javafx.scene.Scene$MouseHandler.process(Ljavafx/scene/input/MouseEvent;)V+3
j  javafx.scene.Scene$MouseHandler.access$1900(Ljavafx/scene/Scene$MouseHandler;Ljavafx/scene/input/MouseEvent;)V+2
j  javafx.scene.Scene.impl_processMouseEvent(Ljavafx/scene/input/MouseEvent;)V+16
j  javafx.scene.Scene$ScenePeerListener.mouseEvent(Ljava/lang/Object;)V+11
j  com.sun.javafx.tk.quantum.GlassViewEventHandler$MouseEventNotification.run()Ljava/lang/Void;+329
j  com.sun.javafx.tk.quantum.GlassViewEventHandler$MouseEventNotification.run()Ljava/lang/Object;+1
v  ~StubRoutines::call_stub
j  java.security.AccessController.doPrivileged(Ljava/security/PrivilegedAction;Ljava/security/AccessControlContext;)Ljava/lang/Object;+0
j  com.sun.javafx.tk.quantum.GlassViewEventHandler.handleMouseEvent(Lcom/sun/glass/ui/View;JIIIIIIIIZZ)V+117
j  com.sun.glass.ui.View.handleMouseEvent(JIIIIIIIIZZ)V+38
j  com.sun.glass.ui.View.notifyMouse(IIIIIIIZZ)V+184
v  ~StubRoutines::call_stub
j  com.sun.glass.ui.gtk.GtkApplication._runLoop([Ljava/lang/String;Lcom/sun/glass/ui/Launchable;Z)V+0
j  com.sun.glass.ui.gtk.GtkApplication$3$1.run()V+38
j  java.lang.Thread.run()V+11
v  ~StubRoutines::call_stub

---------------  P R O C E S S  ---------------

Java Threads: ( => current thread )
  0x00007f27a82be000 JavaThread "Java2D Disposer" daemon [_thread_blocked, id=2546, stack(0x00007f279e612000,0x00007f279e713000)]
  0x00007f27901a9000 JavaThread "Prism Font Disposer" daemon [_thread_blocked, id=2545, stack(0x00007f279ec3a000,0x00007f279ed3b000)]
=>0x00007f27b40e5000 JavaThread "JavaFX Application Thread" [_thread_in_native, id=2544, stack(0x00007f27d40d1000,0x00007f27d41d2000)]
  0x00007f27b40e4800 JavaThread "Thread-3" daemon [_thread_blocked, id=2543, stack(0x00007f27e80f8000,0x00007f27e81f9000)]
  0x00007f27b403e000 JavaThread "Disposer" daemon [_thread_blocked, id=2540, stack(0x00007f27eb006000,0x00007f27eb107000)]
  0x00007f27b403d000 JavaThread "QuantumRenderer-0" daemon [_thread_blocked, id=2539, stack(0x00007f27f2750000,0x00007f27f2851000)]
  0x00007f27fc263800 JavaThread "JavaFX-Launcher" [_thread_blocked, id=2538, stack(0x00007f27f2851000,0x00007f27f2952000)]
  0x00007f27fc216000 JavaThread "traceMsgQueueThread" daemon [_thread_blocked, id=2537, stack(0x00007f27f2b82000,0x00007f27f2c83000)]
  0x00007f27fc15d800 JavaThread "Service Thread" daemon [_thread_blocked, id=2535, stack(0x00007f27f2e12000,0x00007f27f2f13000)]
  0x00007f27fc15b000 JavaThread "C2 CompilerThread1" daemon [_thread_blocked, id=2534, stack(0x00007f27f2f13000,0x00007f27f3014000)]
  0x00007f27fc158000 JavaThread "C2 CompilerThread0" daemon [_thread_blocked, id=2533, stack(0x00007f27f3014000,0x00007f27f3115000)]
  0x00007f27fc14e000 JavaThread "Signal Dispatcher" daemon [_thread_blocked, id=2532, stack(0x00007f27f3115000,0x00007f27f3216000)]
  0x00007f27fc137000 JavaThread "Finalizer" daemon [_thread_blocked, id=2531, stack(0x00007f27f38f9000,0x00007f27f39fa000)]
  0x00007f27fc133000 JavaThread "Reference Handler" daemon [_thread_blocked, id=2530, stack(0x00007f27f39fa000,0x00007f27f3afb000)]
  0x00007f27fc00a000 JavaThread "main" [_thread_blocked, id=2524, stack(0x00007f2803a64000,0x00007f2803b65000)]

Other Threads:
  0x00007f27fc130800 VMThread [stack: 0x00007f27f3afb000,0x00007f27f3bfc000] [id=2529]
  0x00007f27fc168000 WatcherThread [stack: 0x00007f27f2d11000,0x00007f27f2e12000] [id=2536]

VM state:not at safepoint (normal execution)

VM Mutex/Monitor currently owned by a thread: None

Heap
 PSYoungGen      total 37376K, used 21602K [0x00000007d6e80000, 0x00000007d9800000, 0x0000000800000000)
  eden space 32256K, 55% used [0x00000007d6e80000,0x00000007d7ffa238,0x00000007d8e00000)
  from space 5120K, 72% used [0x00000007d8e00000,0x00000007d919e9b8,0x00000007d9300000)
  to   space 5120K, 0% used [0x00000007d9300000,0x00000007d9300000,0x00000007d9800000)
 ParOldGen       total 83968K, used 8K [0x0000000784c00000, 0x0000000789e00000, 0x00000007d6e80000)
  object space 83968K, 0% used [0x0000000784c00000,0x0000000784c02000,0x0000000789e00000)
 PSPermGen       total 21504K, used 17251K [0x000000077fa00000, 0x0000000780f00000, 0x0000000784c00000)
  object space 21504K, 80% used [0x000000077fa00000,0x0000000780ad8f30,0x0000000780f00000)

Card table byte_map: [0x00007f2800971000,0x00007f2800d75000] byte_map_base: 0x00007f27fcd74000

Polling page: 0x00007f2803b86000

Code Cache  [0x00007f27f9000000, 0x00007f27f9270000, 0x00007f27fc000000)
 total_blobs=816 nmethods=253 adapters=516 free_code_cache=47928Kb largest_free_block=49030464

Compilation events (10 events):
Event: 3017.018 Thread 0x00007f27fc15b000  260             javafx.event.Event::getTarget (5 bytes)
Event: 3017.018 Thread 0x00007f27fc15b000 nmethod 260 0x00007f27f90b6990 code [0x00007f27f90b6ac0, 0x00007f27f90b6b38]
Event: 3017.057 Thread 0x00007f27fc158000  261   !         javafx.scene.Node::containsBounds (154 bytes)
Event: 3017.076 Thread 0x00007f27fc158000 nmethod 261 0x00007f27f913aad0 code [0x00007f27f913ae40, 0x00007f27f913c020]
Event: 3340.223 Thread 0x00007f27fc15b000  262             com.sun.javafx.event.EventDispatchChainImpl::dispatchEvent (101 bytes)
Event: 3340.223 Thread 0x00007f27fc158000  263             com.sun.javafx.event.EventDispatchChainImpl::reset (44 bytes)
Event: 3340.224 Thread 0x00007f27fc15b000 nmethod 262 0x00007f27f909f810 code [0x00007f27f909f960, 0x00007f27f909faf8]
Event: 3340.225 Thread 0x00007f27fc158000 nmethod 263 0x00007f27f908d2d0 code [0x00007f27f908d400, 0x00007f27f908d518]
Event: 3341.127 Thread 0x00007f27fc15b000  264             javafx.scene.Parent::impl_pickNodeLocal (64 bytes)
Event: 3341.131 Thread 0x00007f27fc15b000 nmethod 264 0x00007f27f91324d0 code [0x00007f27f9132660, 0x00007f27f91328b8]

GC Heap History (2 events):
Event: 0.716 GC heap before
{Heap before GC invocations=1 (full 0):
 PSYoungGen      total 37376K, used 32256K [0x00000007d6e80000, 0x00000007d9800000, 0x0000000800000000)
  eden space 32256K, 100% used [0x00000007d6e80000,0x00000007d8e00000,0x00000007d8e00000)
  from space 5120K, 0% used [0x00000007d9300000,0x00000007d9300000,0x00000007d9800000)
  to   space 5120K, 0% used [0x00000007d8e00000,0x00000007d8e00000,0x00000007d9300000)
 ParOldGen       total 83968K, used 0K [0x0000000784c00000, 0x0000000789e00000, 0x00000007d6e80000)
  object space 83968K, 0% used [0x0000000784c00000,0x0000000784c00000,0x0000000789e00000)
 PSPermGen       total 21504K, used 12433K [0x000000077fa00000, 0x0000000780f00000, 0x0000000784c00000)
  object space 21504K, 57% used [0x000000077fa00000,0x0000000780624750,0x0000000780f00000)
Event: 0.721 GC heap after
Heap after GC invocations=1 (full 0):
 PSYoungGen      total 37376K, used 3706K [0x00000007d6e80000, 0x00000007d9800000, 0x0000000800000000)
  eden space 32256K, 0% used [0x00000007d6e80000,0x00000007d6e80000,0x00000007d8e00000)
  from space 5120K, 72% used [0x00000007d8e00000,0x00000007d919e9b8,0x00000007d9300000)
  to   space 5120K, 0% used [0x00000007d9300000,0x00000007d9300000,0x00000007d9800000)
 ParOldGen       total 83968K, used 8K [0x0000000784c00000, 0x0000000789e00000, 0x00000007d6e80000)
  object space 83968K, 0% used [0x0000000784c00000,0x0000000784c02000,0x0000000789e00000)
 PSPermGen       total 21504K, used 12433K [0x000000077fa00000, 0x0000000780f00000, 0x0000000784c00000)
  object space 21504K, 57% used [0x000000077fa00000,0x0000000780624750,0x0000000780f00000)
}

Deoptimization events (10 events):
Event: 0.835 Thread 0x00007f27b40e5000 Uncommon trap: reason=array_check action=maybe_recompile pc=0x00007f27f90d15b8 method=java.util.Arrays.fill([Ljava/lang/Object;Ljava/lang/Object;)V @ 13
Event: 0.866 Thread 0x00007f27b40e5000 Uncommon trap: reason=null_check action=make_not_entrant pc=0x00007f27f90e24d8 method=com.sun.javafx.css.SimpleSelector.mightApply(Ljava/lang/String;Ljava/lang/String;Ljava/util/List;)Z @ 29
Event: 0.961 Thread 0x00007f27b403d000 Uncommon trap: reason=bimorphic action=maybe_recompile pc=0x00007f27f90bcb38 method=java.util.Collections$UnmodifiableCollection.size()I @ 4
Event: 0.989 Thread 0x00007f27b403d000 Uncommon trap: reason=class_check action=maybe_recompile pc=0x00007f27f9063384 method=java.util.Properties$LineReader.readLine()I @ 62
Event: 0.990 Thread 0x00007f27b403d000 Uncommon trap: reason=class_check action=maybe_recompile pc=0x00007f27f9063384 method=java.util.Properties$LineReader.readLine()I @ 62
Event: 1.025 Thread 0x00007f27b403d000 Uncommon trap: reason=unreached action=reinterpret pc=0x00007f27f908d4f0 method=java.lang.ref.SoftReference.get()Ljava/lang/Object; @ 6
Event: 113.054 Thread 0x00007f27b40e5000 Uncommon trap: reason=class_check action=maybe_recompile pc=0x00007f27f9133700 method=javafx.scene.Node.containsBounds(DD)Z @ 131
Event: 113.066 Thread 0x00007f27b40e5000 Uncommon trap: reason=class_check action=maybe_recompile pc=0x00007f27f9133700 method=javafx.scene.Node.containsBounds(DD)Z @ 131
Event: 113.066 Thread 0x00007f27b40e5000 Uncommon trap: reason=class_check action=maybe_recompile pc=0x00007f27f9133700 method=javafx.scene.Node.containsBounds(DD)Z @ 131
Event: 113.070 Thread 0x00007f27b40e5000 Uncommon trap: reason=class_check action=maybe_recompile pc=0x00007f27f9133700 method=javafx.scene.Node.containsBounds(DD)Z @ 131

Internal exceptions (10 events):
Event: 4.050 Thread 0x00007f27b403d000 Threw 0x00000007d7c6a0e8 at /HUDSON/workspace/7u-2-build-linux-amd64/jdk7u45/229/hotspot/src/share/vm/interpreter/linkResolver.cpp:883
Event: 4.163 Thread 0x00007f27b403d000 Threw 0x00000007d7d94a40 at /HUDSON/workspace/7u-2-build-linux-amd64/jdk7u45/229/hotspot/src/share/vm/interpreter/linkResolver.cpp:883
Event: 4.346 Thread 0x00007f27b403d000 Threw 0x00000007d7db9ea0 at /HUDSON/workspace/7u-2-build-linux-amd64/jdk7u45/229/hotspot/src/share/vm/interpreter/linkResolver.cpp:883
Event: 4.657 Thread 0x00007f27b403d000 Threw 0x00000007d7e086d8 at /HUDSON/workspace/7u-2-build-linux-amd64/jdk7u45/229/hotspot/src/share/vm/interpreter/linkResolver.cpp:883
Event: 4.896 Thread 0x00007f27b403d000 Threw 0x00000007d7e165e0 at /HUDSON/workspace/7u-2-build-linux-amd64/jdk7u45/229/hotspot/src/share/vm/interpreter/linkResolver.cpp:883
Event: 113.060 Thread 0x00007f27b403d000 Threw 0x00000007d7ec52a8 at /HUDSON/workspace/7u-2-build-linux-amd64/jdk7u45/229/hotspot/src/share/vm/interpreter/linkResolver.cpp:883
Event: 113.309 Thread 0x00007f27b403d000 Threw 0x00000007d7ed2538 at /HUDSON/workspace/7u-2-build-linux-amd64/jdk7u45/229/hotspot/src/share/vm/interpreter/linkResolver.cpp:883
Event: 113.604 Thread 0x00007f27b403d000 Threw 0x00000007d7ee0440 at /HUDSON/workspace/7u-2-build-linux-amd64/jdk7u45/229/hotspot/src/share/vm/interpreter/linkResolver.cpp:883
Event: 113.804 Thread 0x00007f27b403d000 Threw 0x00000007d7fbd330 at /HUDSON/workspace/7u-2-build-linux-amd64/jdk7u45/229/hotspot/src/share/vm/interpreter/linkResolver.cpp:883
Event: 113.942 Thread 0x00007f27b403d000 Threw 0x00000007d7fcb208 at /HUDSON/workspace/7u-2-build-linux-amd64/jdk7u45/229/hotspot/src/share/vm/interpreter/linkResolver.cpp:883

Events (10 events):
Event: 114.758 loading class 0x00007f27b40144d0 done
Event: 114.759 loading class 0x00007f2790029cd0
Event: 114.759 loading class 0x00007f2790029cd0 done
Event: 114.760 loading class 0x00007f2790232f90
Event: 114.760 loading class 0x00007f2790232f90 done
Event: 114.760 loading class 0x00007f2790029c70
Event: 114.760 loading class 0x00007f2790029c70 done
Event: 162.434 Thread 0x00007f27fc158000 flushing nmethod 0x00007f27f9062b50
Event: 168.823 Thread 0x00007f27fc15b000 flushing nmethod 0x00007f27f906b110
Event: 3017.018 Thread 0x00007f27fc15b000 flushing nmethod 0x00007f27f908d350


Dynamic libraries:
00400000-00401000 r-xp 00000000 08:05 274205                             /usr/lib/jvm/jdk1.7.0_45/bin/java
00600000-00601000 rw-p 00000000 08:05 274205                             /usr/lib/jvm/jdk1.7.0_45/bin/java
01423000-01444000 rw-p 00000000 00:00 0                                  [heap]
77fa00000-780f00000 rw-p 00000000 00:00 0 
780f00000-784c00000 rw-p 00000000 00:00 0 
784c00000-789e00000 rw-p 00000000 00:00 0 
789e00000-7d6e80000 rw-p 00000000 00:00 0 
7d6e80000-7d9800000 rw-p 00000000 00:00 0 
7d9800000-800000000 rw-p 00000000 00:00 0 
7f2788000000-7f2788021000 rw-p 00000000 00:00 0 
7f2788021000-7f278c000000 ---p 00000000 00:00 0 
7f2790000000-7f2790479000 rw-p 00000000 00:00 0 
7f2790479000-7f2794000000 ---p 00000000 00:00 0 
7f2794000000-7f2794021000 rw-p 00000000 00:00 0 
7f2794021000-7f2798000000 ---p 00000000 00:00 0 
7f2798000000-7f2798021000 rw-p 00000000 00:00 0 
7f2798021000-7f279c000000 ---p 00000000 00:00 0 
7f279dab1000-7f279dadb000 r-xp 00000000 08:05 273940                     /usr/lib/jvm/jdk1.7.0_45/jre/lib/amd64/libdcpr.so
7f279dadb000-7f279dcdb000 ---p 0002a000 08:05 273940                     /usr/lib/jvm/jdk1.7.0_45/jre/lib/amd64/libdcpr.so
7f279dcdb000-7f279dcde000 rw-p 0002a000 08:05 273940                     /usr/lib/jvm/jdk1.7.0_45/jre/lib/amd64/libdcpr.so
7f279dcde000-7f279dd46000 r-xp 00000000 08:05 273998                     /usr/lib/jvm/jdk1.7.0_45/jre/lib/amd64/libt2k.so
7f279dd46000-7f279df46000 ---p 00068000 08:05 273998                     /usr/lib/jvm/jdk1.7.0_45/jre/lib/amd64/libt2k.so
7f279df46000-7f279df4d000 rw-p 00068000 08:05 273998                     /usr/lib/jvm/jdk1.7.0_45/jre/lib/amd64/libt2k.so
7f279df4d000-7f279df5d000 rw-p 00000000 00:00 0 
7f279df5d000-7f279df76000 r--s 00000000 08:05 527448                     /usr/share/fonts/type1/gsfonts/n022004l.pfb
7f279df76000-7f279df86000 r-xp 00000000 08:05 273996                     /usr/lib/jvm/jdk1.7.0_45/jre/lib/amd64/libnio.so
7f279df86000-7f279e186000 ---p 00010000 08:05 273996                     /usr/lib/jvm/jdk1.7.0_45/jre/lib/amd64/libnio.so
7f279e186000-7f279e187000 rw-p 00010000 08:05 273996                     /usr/lib/jvm/jdk1.7.0_45/jre/lib/amd64/libnio.so
7f279e187000-7f279e19d000 r-xp 00000000 08:05 273997                     /usr/lib/jvm/jdk1.7.0_45/jre/lib/amd64/libnet.so
7f279e19d000-7f279e39d000 ---p 00016000 08:05 273997                     /usr/lib/jvm/jdk1.7.0_45/jre/lib/amd64/libnet.so
7f279e39d000-7f279e39e000 rw-p 00016000 08:05 273997                     /usr/lib/jvm/jdk1.7.0_45/jre/lib/amd64/libnet.so
7f279e39e000-7f279e3fe000 r-xp 00000000 08:05 273662                     /usr/lib/jvm/jdk1.7.0_45/jre/lib/amd64/libfontmanager.so
7f279e3fe000-7f279e5fd000 ---p 00060000 08:05 273662                     /usr/lib/jvm/jdk1.7.0_45/jre/lib/amd64/libfontmanager.so
7f279e5fd000-7f279e601000 rw-p 0005f000 08:05 273662                     /usr/lib/jvm/jdk1.7.0_45/jre/lib/amd64/libfontmanager.so
7f279e601000-7f279e612000 rw-p 00000000 00:00 0 
7f279e612000-7f279e615000 ---p 00000000 00:00 0 
7f279e615000-7f279e713000 rw-p 00000000 00:00 0                          [stack:2546]
7f279e713000-7f279e763000 r-xp 00000000 08:05 273709                     /usr/lib/jvm/jdk1.7.0_45/jre/lib/amd64/xawt/libmawt.so
7f279e763000-7f279e963000 ---p 00050000 08:05 273709                     /usr/lib/jvm/jdk1.7.0_45/jre/lib/amd64/xawt/libmawt.so
7f279e963000-7f279e967000 rw-p 00050000 08:05 273709                     /usr/lib/jvm/jdk1.7.0_45/jre/lib/amd64/xawt/libmawt.so
7f279e967000-7f279e968000 rw-p 00000000 00:00 0 
7f279e968000-7f279ea0a000 r-xp 00000000 08:05 273999                     /usr/lib/jvm/jdk1.7.0_45/jre/lib/amd64/libawt.so
7f279ea0a000-7f279ec0a000 ---p 000a2000 08:05 273999                     /usr/lib/jvm/jdk1.7.0_45/jre/lib/amd64/libawt.so
7f279ec0a000-7f279ec16000 rw-p 000a2000 08:05 273999                     /usr/lib/jvm/jdk1.7.0_45/jre/lib/amd64/libawt.so
7f279ec16000-7f279ec3a000 rw-p 00000000 00:00 0 
7f279ec3a000-7f279ec3d000 ---p 00000000 00:00 0 
7f279ec3d000-7f279ed3b000 rw-p 00000000 00:00 0                          [stack:2545]
7f279ed3b000-7f279ed93000 r-xp 00000000 08:05 273661                     /usr/lib/jvm/jdk1.7.0_45/jre/lib/amd64/libjavafx-font.so
7f279ed93000-7f279ef92000 ---p 00058000 08:05 273661                     /usr/lib/jvm/jdk1.7.0_45/jre/lib/amd64/libjavafx-font.so
7f279ef92000-7f279ef97000 r--p 00057000 08:05 273661                     /usr/lib/jvm/jdk1.7.0_45/jre/lib/amd64/libjavafx-font.so
7f279ef97000-7f279ef98000 rw-p 0005c000 08:05 273661                     /usr/lib/jvm/jdk1.7.0_45/jre/lib/amd64/libjavafx-font.so
7f279ef98000-7f279ef99000 rw-p 00000000 00:00 0 
7f279ef99000-7f279ef9b000 r-xp 00000000 08:05 7345343                    /home/idarraga/NetBeansProjects/TPX3JUI/src/tpx3jui/libSpidrDaqJ.so
7f279ef9b000-7f279f19b000 ---p 00002000 08:05 7345343                    /home/idarraga/NetBeansProjects/TPX3JUI/src/tpx3jui/libSpidrDaqJ.so
7f279f19b000-7f279f19c000 r--p 00002000 08:05 7345343                    /home/idarraga/NetBeansProjects/TPX3JUI/src/tpx3jui/libSpidrDaqJ.so
7f279f19c000-7f279f19d000 rw-p 00003000 08:05 7345343                    /home/idarraga/NetBeansProjects/TPX3JUI/src/tpx3jui/libSpidrDaqJ.so
7f279f19d000-7f279f463000 r-xp 00000000 08:05 8655425                    /usr/lib/x86_64-linux-gnu/libQtCore.so.4.8.1
7f279f463000-7f279f662000 ---p 002c6000 08:05 8655425                    /usr/lib/x86_64-linux-gnu/libQtCore.so.4.8.1
7f279f662000-7f279f66d000 r--p 002c5000 08:05 8655425                    /usr/lib/x86_64-linux-gnu/libQtCore.so.4.8.1
7f279f66d000-7f279f66e000 rw-p 002d0000 08:05 8655425                    /usr/lib/x86_64-linux-gnu/libQtCore.so.4.8.1
7f279f66e000-7f279f66f000 rw-p 00000000 00:00 0 
7f279f66f000-7f279f7b3000 r-xp 00000000 08:05 8655420                    /usr/lib/x86_64-linux-gnu/libQtNetwork.so.4.8.1
7f279f7b3000-7f279f9b3000 ---p 00144000 08:05 8655420                    /usr/lib/x86_64-linux-gnu/libQtNetwork.so.4.8.1
7f279f9b3000-7f279f9b9000 r--p 00144000 08:05 8655420                    /usr/lib/x86_64-linux-gnu/libQtNetwork.so.4.8.1
7f279f9b9000-7f279f9bb000 rw-p 0014a000 08:05 8655420                    /usr/lib/x86_64-linux-gnu/libQtNetwork.so.4.8.1
7f279f9bb000-7f279f9cb000 r-xp 00000000 08:05 3146545                    /home/idarraga/daq/SPIDR/software/trunk/Release/libSpidrTpx3Lib.so.1.0.0
7f279f9cb000-7f279fbcb000 ---p 00010000 08:05 3146545                    /home/idarraga/daq/SPIDR/software/trunk/Release/libSpidrTpx3Lib.so.1.0.0
7f279fbcb000-7f279fbcc000 r--p 00010000 08:05 3146545                    /home/idarraga/daq/SPIDR/software/trunk/Release/libSpidrTpx3Lib.so.1.0.0
7f279fbcc000-7f279fbcd000 rw-p 00011000 08:05 3146545                    /home/idarraga/daq/SPIDR/software/trunk/Release/libSpidrTpx3Lib.so.1.0.0
7f279fbcd000-7f279fbd3000 r-xp 00000000 08:05 8655889                    /usr/lib/x86_64-linux-gnu/libogg.so.0.7.1
7f279fbd3000-7f279fdd2000 ---p 00006000 08:05 8655889                    /usr/lib/x86_64-linux-gnu/libogg.so.0.7.1
7f279fdd2000-7f279fdd3000 r--p 00005000 08:05 8655889                    /usr/lib/x86_64-linux-gnu/libogg.so.0.7.1
7f279fdd3000-7f279fdd4000 rw-p 00006000 08:05 8655889                    /usr/lib/x86_64-linux-gnu/libogg.so.0.7.1
7f279fdd4000-7f279fdff000 r-xp 00000000 08:05 8656039                    /usr/lib/x86_64-linux-gnu/libvorbis.so.0.4.5
7f279fdff000-7f279fffe000 ---p 0002b000 08:05 8656039                    /usr/lib/x86_64-linux-gnu/libvorbis.so.0.4.5
7f279fffe000-7f279ffff000 r--p 0002a000 08:05 8656039                    /usr/lib/x86_64-linux-gnu/libvorbis.so.0.4.5
7f279ffff000-7f27a0000000 rw-p 0002b000 08:05 8656039                    /usr/lib/x86_64-linux-gnu/libvorbis.so.0.4.5
7f27a0000000-7f27a0022000 rw-p 00000000 00:00 0 
7f27a0022000-7f27a4000000 ---p 00000000 00:00 0 
7f27a4000000-7f27a4022000 rw-p 00000000 00:00 0 
7f27a4022000-7f27a8000000 ---p 00000000 00:00 0 
7f27a8000000-7f27a82e6000 rw-p 00000000 00:00 0 
7f27a82e6000-7f27ac000000 ---p 00000000 00:00 0 
7f27ac000000-7f27ac021000 rw-p 00000000 00:00 0 
7f27ac021000-7f27b0000000 ---p 00000000 00:00 0 
7f27b0000000-7f27b0021000 rw-p 00000000 00:00 0 
7f27b0021000-7f27b4000000 ---p 00000000 00:00 0 
7f27b4000000-7f27b40f0000 rw-p 00000000 00:00 0 
7f27b40f0000-7f27b8000000 ---p 00000000 00:00 0 
7f27b8000000-7f27b8021000 rw-p 00000000 00:00 0 
7f27b8021000-7f27bc000000 ---p 00000000 00:00 0 
7f27bc000000-7f27bc021000 rw-p 00000000 00:00 0 
7f27bc021000-7f27c0000000 ---p 00000000 00:00 0 
7f27c0000000-7f27c08b8000 rw-p 00000000 00:00 0 
7f27c08b8000-7f27c4000000 ---p 00000000 00:00 0 
7f27c4000000-7f27c4767000 rw-p 00000000 00:00 0 
7f27c4767000-7f27c8000000 ---p 00000000 00:00 0 
7f27c8000000-7f27c8021000 rw-p 00000000 00:00 0 
7f27c8021000-7f27cc000000 ---p 00000000 00:00 0 
7f27cc000000-7f27cc021000 rw-p 00000000 00:00 0 
7f27cc021000-7f27d0000000 ---p 00000000 00:00 0 
7f27d0000000-7f27d0021000 rw-p 00000000 00:00 0 
7f27d0021000-7f27d4000000 ---p 00000000 00:00 0 
7f27d400b000-7f27d401e000 r--s 00000000 08:05 531721                     /usr/share/fonts/type1/t1-xfree86-nonfree/l047013t.pfa
7f27d401e000-7f27d403c000 r--s 00000000 08:05 531720                     /usr/share/fonts/type1/t1-xfree86-nonfree/couri.pfa
7f27d403c000-7f27d4055000 r--s 00000000 08:05 527433                     /usr/share/fonts/type1/gsfonts/n021003l.pfb
7f27d4055000-7f27d406b000 r--s 00000000 08:05 527442                     /usr/share/fonts/type1/gsfonts/n021024l.pfb
7f27d406b000-7f27d407d000 r--s 00000000 08:05 531726                     /usr/share/fonts/type1/t1-xfree86-nonfree/l048016t.pfa
7f27d407d000-7f27d408f000 r--s 00000000 08:05 531725                     /usr/share/fonts/type1/t1-xfree86-nonfree/l048013t.pfa
7f27d408f000-7f27d40a1000 r--s 00000000 08:05 531728                     /usr/share/fonts/type1/t1-xfree86-nonfree/l048036t.pfa
7f27d40a1000-7f27d40bb000 r--s 00000000 08:05 531731                     /usr/share/fonts/type1/t1-xfree86-nonfree/l049033t.pfa
7f27d40bb000-7f27d40d1000 r--s 00000000 08:05 527451                     /usr/share/fonts/type1/gsfonts/n022023l.pfb
7f27d40d1000-7f27d40d4000 ---p 00000000 00:00 0 
7f27d40d4000-7f27d41d2000 rw-p 00000000 00:00 0                          [stack:2544]
7f27d41d2000-7f27d41da000 r-xp 00000000 08:05 8655847                    /usr/lib/x86_64-linux-gnu/libltdl.so.7.3.0
7f27d41da000-7f27d43da000 ---p 00008000 08:05 8655847                    /usr/lib/x86_64-linux-gnu/libltdl.so.7.3.0
7f27d43da000-7f27d43db000 r--p 00008000 08:05 8655847                    /usr/lib/x86_64-linux-gnu/libltdl.so.7.3.0
7f27d43db000-7f27d43dc000 rw-p 00009000 08:05 8655847                    /usr/lib/x86_64-linux-gnu/libltdl.so.7.3.0
7f27d43dc000-7f27d43ec000 r-xp 00000000 08:05 8656014                    /usr/lib/x86_64-linux-gnu/libtdb.so.1.2.9
7f27d43ec000-7f27d45eb000 ---p 00010000 08:05 8656014                    /usr/lib/x86_64-linux-gnu/libtdb.so.1.2.9
7f27d45eb000-7f27d45ec000 r--p 0000f000 08:05 8656014                    /usr/lib/x86_64-linux-gnu/libtdb.so.1.2.9
7f27d45ec000-7f27d45ed000 rw-p 00010000 08:05 8656014                    /usr/lib/x86_64-linux-gnu/libtdb.so.1.2.9
7f27d45ed000-7f27d45f4000 r-xp 00000000 08:05 8656043                    /usr/lib/x86_64-linux-gnu/libvorbisfile.so.3.3.4
7f27d45f4000-7f27d47f3000 ---p 00007000 08:05 8656043                    /usr/lib/x86_64-linux-gnu/libvorbisfile.so.3.3.4
7f27d47f3000-7f27d47f4000 r--p 00006000 08:05 8656043                    /usr/lib/x86_64-linux-gnu/libvorbisfile.so.3.3.4
7f27d47f4000-7f27d47f5000 rw-p 00007000 08:05 8656043                    /usr/lib/x86_64-linux-gnu/libvorbisfile.so.3.3.4
7f27d47f5000-7f27d4804000 r-xp 00000000 08:05 8655572                    /usr/lib/x86_64-linux-gnu/libcanberra.so.0.2.5
7f27d4804000-7f27d4a03000 ---p 0000f000 08:05 8655572                    /usr/lib/x86_64-linux-gnu/libcanberra.so.0.2.5
7f27d4a03000-7f27d4a04000 r--p 0000e000 08:05 8655572                    /usr/lib/x86_64-linux-gnu/libcanberra.so.0.2.5
7f27d4a04000-7f27d4a05000 rw-p 0000f000 08:05 8655572                    /usr/lib/x86_64-linux-gnu/libcanberra.so.0.2.5
7f27d4a05000-7f27d4a09000 r-xp 00000000 08:05 8655568                    /usr/lib/x86_64-linux-gnu/libcanberra-gtk.so.0.1.8
7f27d4a09000-7f27d4c08000 ---p 00004000 08:05 8655568                    /usr/lib/x86_64-linux-gnu/libcanberra-gtk.so.0.1.8
7f27d4c08000-7f27d4c09000 r--p 00003000 08:05 8655568                    /usr/lib/x86_64-linux-gnu/libcanberra-gtk.so.0.1.8
7f27d4c09000-7f27d4c0a000 rw-p 00004000 08:05 8655568                    /usr/lib/x86_64-linux-gnu/libcanberra-gtk.so.0.1.8
7f27d4c0a000-7f27d4c0f000 r-xp 00000000 08:05 3037                       /usr/lib/x86_64-linux-gnu/gtk-2.0/modules/libcanberra-gtk-module.so
7f27d4c0f000-7f27d4e0e000 ---p 00005000 08:05 3037                       /usr/lib/x86_64-linux-gnu/gtk-2.0/modules/libcanberra-gtk-module.so
7f27d4e0e000-7f27d4e0f000 r--p 00004000 08:05 3037                       /usr/lib/x86_64-linux-gnu/gtk-2.0/modules/libcanberra-gtk-module.so
7f27d4e0f000-7f27d4e10000 rw-p 00005000 08:05 3037                       /usr/lib/x86_64-linux-gnu/gtk-2.0/modules/libcanberra-gtk-module.so
7f27d4e10000-7f27d4e3f000 r-xp 00000000 08:05 3015                       /usr/lib/x86_64-linux-gnu/gtk-2.0/2.10.0/engines/libmurrine.so
7f27d4e3f000-7f27d503f000 ---p 0002f000 08:05 3015                       /usr/lib/x86_64-linux-gnu/gtk-2.0/2.10.0/engines/libmurrine.so
7f27d503f000-7f27d5040000 r--p 0002f000 08:05 3015                       /usr/lib/x86_64-linux-gnu/gtk-2.0/2.10.0/engines/libmurrine.so
7f27d5040000-7f27d5041000 rw-p 00030000 08:05 3015                       /usr/lib/x86_64-linux-gnu/gtk-2.0/2.10.0/engines/libmurrine.so
7f27d5041000-7f27d5042000 ---p 00000000 00:00 0 
7f27d5042000-7f27d5842000 rw-p 00000000 00:00 0                          [stack:2542]
7f27d5842000-7f27d5843000 ---p 00000000 00:00 0 
7f27d5843000-7f27d6043000 rw-p 00000000 00:00 0                          [stack:2541]
7f27d6043000-7f27d604a000 r-xp 00000000 08:05 2877                       /usr/lib/x86_64-linux-gnu/gio/modules/libdconfsettings.so
7f27d604a000-7f27d6249000 ---p 00007000 08:05 2877                       /usr/lib/x86_64-linux-gnu/gio/modules/libdconfsettings.so
7f27d6249000-7f27d624a000 r--p 00006000 08:05 2877                       /usr/lib/x86_64-linux-gnu/gio/modules/libdconfsettings.so
7f27d624a000-7f27d624b000 rw-p 00007000 08:05 2877                       /usr/lib/x86_64-linux-gnu/gio/modules/libdconfsettings.so
7f27d624b000-7f27d625b000 r-xp 00000000 08:05 8524905                    /usr/lib/liboverlay-scrollbar-0.2.so.0.0.16
7f27d625b000-7f27d645a000 ---p 00010000 08:05 8524905                    /usr/lib/liboverlay-scrollbar-0.2.so.0.0.16
7f27d645a000-7f27d645b000 r--p 0000f000 08:05 8524905                    /usr/lib/liboverlay-scrollbar-0.2.so.0.0.16
7f27d645b000-7f27d645c000 rw-p 00010000 08:05 8524905                    /usr/lib/liboverlay-scrollbar-0.2.so.0.0.16
7f27d645c000-7f27d6498000 r-xp 00000000 08:05 8392453                    /lib/x86_64-linux-gnu/libpcre.so.3.12.1
7f27d6498000-7f27d6697000 ---p 0003c000 08:05 8392453                    /lib/x86_64-linux-gnu/libpcre.so.3.12.1
7f27d6697000-7f27d6698000 r--p 0003b000 08:05 8392453                    /lib/x86_64-linux-gnu/libpcre.so.3.12.1
7f27d6698000-7f27d6699000 rw-p 0003c000 08:05 8392453                    /lib/x86_64-linux-gnu/libpcre.so.3.12.1
7f27d6699000-7f27d66a0000 r-xp 00000000 08:05 8655656                    /usr/lib/x86_64-linux-gnu/libffi.so.6.0.0
7f27d66a0000-7f27d689f000 ---p 00007000 08:05 8655656                    /usr/lib/x86_64-linux-gnu/libffi.so.6.0.0
7f27d689f000-7f27d68a0000 r--p 00006000 08:05 8655656                    /usr/lib/x86_64-linux-gnu/libffi.so.6.0.0
7f27d68a0000-7f27d68a1000 rw-p 00007000 08:05 8655656                    /usr/lib/x86_64-linux-gnu/libffi.so.6.0.0
7f27d68a1000-7f27d68a9000 r-xp 00000000 08:05 8656062                    /usr/lib/x86_64-linux-gnu/libxcb-render.so.0.0.0
7f27d68a9000-7f27d6aa9000 ---p 00008000 08:05 8656062                    /usr/lib/x86_64-linux-gnu/libxcb-render.so.0.0.0
7f27d6aa9000-7f27d6aaa000 r--p 00008000 08:05 8656062                    /usr/lib/x86_64-linux-gnu/libxcb-render.so.0.0.0
7f27d6aaa000-7f27d6aab000 rw-p 00009000 08:05 8656062                    /usr/lib/x86_64-linux-gnu/libxcb-render.so.0.0.0
7f27d6aab000-7f27d6aad000 r-xp 00000000 08:05 8656066                    /usr/lib/x86_64-linux-gnu/libxcb-shm.so.0.0.0
7f27d6aad000-7f27d6cac000 ---p 00002000 08:05 8656066                    /usr/lib/x86_64-linux-gnu/libxcb-shm.so.0.0.0
7f27d6cac000-7f27d6cad000 r--p 00001000 08:05 8656066                    /usr/lib/x86_64-linux-gnu/libxcb-shm.so.0.0.0
7f27d6cad000-7f27d6cae000 rw-p 00002000 08:05 8656066                    /usr/lib/x86_64-linux-gnu/libxcb-shm.so.0.0.0
7f27d6cae000-7f27d6cd4000 r-xp 00000000 08:05 8392457                    /lib/x86_64-linux-gnu/libpng12.so.0.46.0
7f27d6cd4000-7f27d6ed4000 ---p 00026000 08:05 8392457                    /lib/x86_64-linux-gnu/libpng12.so.0.46.0
7f27d6ed4000-7f27d6ed5000 r--p 00026000 08:05 8392457                    /lib/x86_64-linux-gnu/libpng12.so.0.46.0
7f27d6ed5000-7f27d6ed6000 rw-p 00027000 08:05 8392457                    /lib/x86_64-linux-gnu/libpng12.so.0.46.0
7f27d6ed6000-7f27d6f66000 r-xp 00000000 08:05 8655481                    /usr/lib/x86_64-linux-gnu/libpixman-1.so.0.30.2
7f27d6f66000-7f27d7165000 ---p 00090000 08:05 8655481                    /usr/lib/x86_64-linux-gnu/libpixman-1.so.0.30.2
7f27d7165000-7f27d716c000 r--p 0008f000 08:05 8655481                    /usr/lib/x86_64-linux-gnu/libpixman-1.so.0.30.2
7f27d716c000-7f27d716d000 rw-p 00096000 08:05 8655481                    /usr/lib/x86_64-linux-gnu/libpixman-1.so.0.30.2
7f27d716d000-7f27d7185000 r-xp 00000000 08:05 8388822                    /lib/x86_64-linux-gnu/libresolv-2.15.so
7f27d7185000-7f27d7385000 ---p 00018000 08:05 8388822                    /lib/x86_64-linux-gnu/libresolv-2.15.so
7f27d7385000-7f27d7386000 r--p 00018000 08:05 8388822                    /lib/x86_64-linux-gnu/libresolv-2.15.so
7f27d7386000-7f27d7387000 rw-p 00019000 08:05 8388822                    /lib/x86_64-linux-gnu/libresolv-2.15.so
7f27d7387000-7f27d7389000 rw-p 00000000 00:00 0 
7f27d7389000-7f27d73a6000 r-xp 00000000 08:05 8392468                    /lib/x86_64-linux-gnu/libselinux.so.1
7f27d73a6000-7f27d75a5000 ---p 0001d000 08:05 8392468                    /lib/x86_64-linux-gnu/libselinux.so.1
7f27d75a5000-7f27d75a6000 r--p 0001c000 08:05 8392468                    /lib/x86_64-linux-gnu/libselinux.so.1
7f27d75a6000-7f27d75a7000 rw-p 0001d000 08:05 8392468                    /lib/x86_64-linux-gnu/libselinux.so.1
7f27d75a7000-7f27d75a8000 rw-p 00000000 00:00 0 
7f27d75a8000-7f27d75aa000 r-xp 00000000 08:05 8655468                    /usr/lib/x86_64-linux-gnu/libXcomposite.so.1.0.0
7f27d75aa000-7f27d77a9000 ---p 00002000 08:05 8655468                    /usr/lib/x86_64-linux-gnu/libXcomposite.so.1.0.0
7f27d77a9000-7f27d77aa000 r--p 00001000 08:05 8655468                    /usr/lib/x86_64-linux-gnu/libXcomposite.so.1.0.0
7f27d77aa000-7f27d77ab000 rw-p 00002000 08:05 8655468                    /usr/lib/x86_64-linux-gnu/libXcomposite.so.1.0.0
7f27d77ab000-7f27d77b4000 r-xp 00000000 08:05 8655470                    /usr/lib/x86_64-linux-gnu/libXcursor.so.1.0.2
7f27d77b4000-7f27d79b3000 ---p 00009000 08:05 8655470                    /usr/lib/x86_64-linux-gnu/libXcursor.so.1.0.2
7f27d79b3000-7f27d79b4000 r--p 00008000 08:05 8655470                    /usr/lib/x86_64-linux-gnu/libXcursor.so.1.0.2
7f27d79b4000-7f27d79b5000 rw-p 00009000 08:05 8655470                    /usr/lib/x86_64-linux-gnu/libXcursor.so.1.0.2
7f27d79b5000-7f27d79bc000 r-xp 00000000 08:05 8655494                    /usr/lib/x86_64-linux-gnu/libXrandr.so.2.2.0
7f27d79bc000-7f27d7bbb000 ---p 00007000 08:05 8655494                    /usr/lib/x86_64-linux-gnu/libXrandr.so.2.2.0
7f27d7bbb000-7f27d7bbc000 r--p 00006000 08:05 8655494                    /usr/lib/x86_64-linux-gnu/libXrandr.so.2.2.0
7f27d7bbc000-7f27d7bbd000 rw-p 00007000 08:05 8655494                    /usr/lib/x86_64-linux-gnu/libXrandr.so.2.2.0
7f27d7bbd000-7f27d7bcc000 r-xp 00000000 08:05 8655477                    /usr/lib/x86_64-linux-gnu/libXi.so.6.1.0
7f27d7bcc000-7f27d7dcb000 ---p 0000f000 08:05 8655477                    /usr/lib/x86_64-linux-gnu/libXi.so.6.1.0
7f27d7dcb000-7f27d7dcc000 r--p 0000e000 08:05 8655477                    /usr/lib/x86_64-linux-gnu/libXi.so.6.1.0
7f27d7dcc000-7f27d7dcd000 rw-p 0000f000 08:05 8655477                    /usr/lib/x86_64-linux-gnu/libXi.so.6.1.0
7f27d7dcd000-7f27d7dcf000 r-xp 00000000 08:05 8655484                    /usr/lib/x86_64-linux-gnu/libXinerama.so.1.0.0
7f27d7dcf000-7f27d7fce000 ---p 00002000 08:05 8655484                    /usr/lib/x86_64-linux-gnu/libXinerama.so.1.0.0
7f27d7fce000-7f27d7fcf000 r--p 00001000 08:05 8655484                    /usr/lib/x86_64-linux-gnu/libXinerama.so.1.0.0
7f27d7fcf000-7f27d7fd0000 rw-p 00002000 08:05 8655484                    /usr/lib/x86_64-linux-gnu/libXinerama.so.1.0.0
7f27d7fd0000-7f27dc000000 rw-p 00000000 00:00 0 
7f27dc000000-7f27dc021000 rw-p 00000000 00:00 0 
7f27dc021000-7f27e0000000 ---p 00000000 00:00 0 
7f27e0000000-7f27e0021000 rw-p 00000000 00:00 0 
7f27e0021000-7f27e4000000 ---p 00000000 00:00 0 
7f27e4000000-7f27e4021000 rw-p 00000000 00:00 0 
7f27e4021000-7f27e8000000 ---p 00000000 00:00 0 
7f27e8010000-7f27e802f000 r--s 00000000 08:05 531719                     /usr/share/fonts/type1/t1-xfree86-nonfree/courbi.pfa
7f27e802f000-7f27e8043000 r--s 00000000 08:05 531724                     /usr/share/fonts/type1/t1-xfree86-nonfree/l047036t.pfa
7f27e8043000-7f27e805a000 r--s 00000000 08:05 531730                     /usr/share/fonts/type1/t1-xfree86-nonfree/l049016t.pfa
7f27e805a000-7f27e8071000 r--s 00000000 08:05 527439                     /usr/share/fonts/type1/gsfonts/n021023l.pfb
7f27e8071000-7f27e807b000 r--s 00000000 08:05 527475                     /usr/share/fonts/type1/mathml/Symbol.pfb
7f27e807b000-7f27e808d000 r--s 00000000 08:05 531727                     /usr/share/fonts/type1/t1-xfree86-nonfree/l048033t.pfa
7f27e808d000-7f27e80ac000 r--s 00000000 08:05 531717                     /usr/share/fonts/type1/t1-xfree86-nonfree/cour.pfa
7f27e80ac000-7f27e80bd000 r--s 00000000 08:05 527415                     /usr/share/fonts/type1/gsfonts/n019023l.pfb
7f27e80bd000-7f27e80d1000 r--s 00000000 08:05 527409                     /usr/share/fonts/type1/gsfonts/n019003l.pfb
7f27e80d1000-7f27e80f0000 r--s 00000000 08:05 531718                     /usr/share/fonts/type1/t1-xfree86-nonfree/courb.pfa
7f27e80f0000-7f27e80f4000 r--s 000f7000 08:05 273618                     /usr/lib/jvm/jdk1.7.0_45/jre/lib/ext/localedata.jar
7f27e80f4000-7f27e80f8000 r--s 00000000 08:05 2228442                    /var/cache/fontconfig/5e10083637a12ecd1bff191eb66bfa2f-le64.cache-3
7f27e80f8000-7f27e80fb000 ---p 00000000 00:00 0 
7f27e80fb000-7f27e81f9000 rw-p 00000000 00:00 0                          [stack:2543]
7f27e81f9000-7f27e8202000 r-xp 00000000 08:05 8655498                    /usr/lib/x86_64-linux-gnu/libXrender.so.1.3.0
7f27e8202000-7f27e8401000 ---p 00009000 08:05 8655498                    /usr/lib/x86_64-linux-gnu/libXrender.so.1.3.0
7f27e8401000-7f27e8402000 r--p 00008000 08:05 8655498                    /usr/lib/x86_64-linux-gnu/libXrender.so.1.3.0
7f27e8402000-7f27e8403000 rw-p 00009000 08:05 8655498                    /usr/lib/x86_64-linux-gnu/libXrender.so.1.3.0
7f27e8403000-7f27e8408000 r-xp 00000000 08:05 8655502                    /usr/lib/x86_64-linux-gnu/libXtst.so.6.1.0
7f27e8408000-7f27e8607000 ---p 00005000 08:05 8655502                    /usr/lib/x86_64-linux-gnu/libXtst.so.6.1.0
7f27e8607000-7f27e8608000 r--p 00004000 08:05 8655502                    /usr/lib/x86_64-linux-gnu/libXtst.so.6.1.0
7f27e8608000-7f27e8609000 rw-p 00005000 08:05 8655502                    /usr/lib/x86_64-linux-gnu/libXtst.so.6.1.0
7f27e8609000-7f27e86fb000 r-xp 00000000 08:05 8388612                    /lib/x86_64-linux-gnu/libglib-2.0.so.0.3200.4
7f27e86fb000-7f27e88fb000 ---p 000f2000 08:05 8388612                    /lib/x86_64-linux-gnu/libglib-2.0.so.0.3200.4
7f27e88fb000-7f27e88fc000 r--p 000f2000 08:05 8388612                    /lib/x86_64-linux-gnu/libglib-2.0.so.0.3200.4
7f27e88fc000-7f27e88fd000 rw-p 000f3000 08:05 8388612                    /lib/x86_64-linux-gnu/libglib-2.0.so.0.3200.4
7f27e88fd000-7f27e88fe000 rw-p 00000000 00:00 0 
7f27e88fe000-7f27e88ff000 r-xp 00000000 08:05 8655038                    /usr/lib/x86_64-linux-gnu/libgthread-2.0.so.0.3200.4
7f27e88ff000-7f27e8afe000 ---p 00001000 08:05 8655038                    /usr/lib/x86_64-linux-gnu/libgthread-2.0.so.0.3200.4
7f27e8afe000-7f27e8aff000 r--p 00000000 08:05 8655038                    /usr/lib/x86_64-linux-gnu/libgthread-2.0.so.0.3200.4
7f27e8aff000-7f27e8b00000 rw-p 00001000 08:05 8655038                    /usr/lib/x86_64-linux-gnu/libgthread-2.0.so.0.3200.4
7f27e8b00000-7f27e8b03000 r-xp 00000000 08:05 8655037                    /usr/lib/x86_64-linux-gnu/libgmodule-2.0.so.0.3200.4
7f27e8b03000-7f27e8d02000 ---p 00003000 08:05 8655037                    /usr/lib/x86_64-linux-gnu/libgmodule-2.0.so.0.3200.4
7f27e8d02000-7f27e8d03000 r--p 00002000 08:05 8655037                    /usr/lib/x86_64-linux-gnu/libgmodule-2.0.so.0.3200.4
7f27e8d03000-7f27e8d04000 rw-p 00003000 08:05 8655037                    /usr/lib/x86_64-linux-gnu/libgmodule-2.0.so.0.3200.4
7f27e8d04000-7f27e8d51000 r-xp 00000000 08:05 8655040                    /usr/lib/x86_64-linux-gnu/libgobject-2.0.so.0.3200.4
7f27e8d51000-7f27e8f51000 ---p 0004d000 08:05 8655040                    /usr/lib/x86_64-linux-gnu/libgobject-2.0.so.0.3200.4
7f27e8f51000-7f27e8f52000 r--p 0004d000 08:05 8655040                    /usr/lib/x86_64-linux-gnu/libgobject-2.0.so.0.3200.4
7f27e8f52000-7f27e8f53000 rw-p 0004e000 08:05 8655040                    /usr/lib/x86_64-linux-gnu/libgobject-2.0.so.0.3200.4
7f27e8f53000-7f27e8f87000 r-xp 00000000 08:05 8655658                    /usr/lib/x86_64-linux-gnu/libfontconfig.so.1.4.4
7f27e8f87000-7f27e9187000 ---p 00034000 08:05 8655658                    /usr/lib/x86_64-linux-gnu/libfontconfig.so.1.4.4
7f27e9187000-7f27e9188000 r--p 00034000 08:05 8655658                    /usr/lib/x86_64-linux-gnu/libfontconfig.so.1.4.4
7f27e9188000-7f27e9189000 rw-p 00035000 08:05 8655658                    /usr/lib/x86_64-linux-gnu/libfontconfig.so.1.4.4
7f27e9189000-7f27e921f000 r-xp 00000000 08:05 8655666                    /usr/lib/x86_64-linux-gnu/libfreetype.so.6.8.0
7f27e921f000-7f27e941e000 ---p 00096000 08:05 8655666                    /usr/lib/x86_64-linux-gnu/libfreetype.so.6.8.0
7f27e941e000-7f27e9424000 r--p 00095000 08:05 8655666                    /usr/lib/x86_64-linux-gnu/libfreetype.so.6.8.0
7f27e9424000-7f27e9425000 rw-p 0009b000 08:05 8655666                    /usr/lib/x86_64-linux-gnu/libfreetype.so.6.8.0
7f27e9425000-7f27e946b000 r-xp 00000000 08:05 8655901                    /usr/lib/x86_64-linux-gnu/libpango-1.0.so.0.3000.0
7f27e946b000-7f27e966b000 ---p 00046000 08:05 8655901                    /usr/lib/x86_64-linux-gnu/libpango-1.0.so.0.3000.0
7f27e966b000-7f27e966d000 r--p 00046000 08:05 8655901                    /usr/lib/x86_64-linux-gnu/libpango-1.0.so.0.3000.0
7f27e966d000-7f27e966e000 rw-p 00048000 08:05 8655901                    /usr/lib/x86_64-linux-gnu/libpango-1.0.so.0.3000.0
7f27e966e000-7f27e9727000 r-xp 00000000 08:05 8655564                    /usr/lib/x86_64-linux-gnu/libcairo.so.2.11000.2
7f27e9727000-7f27e9926000 ---p 000b9000 08:05 8655564                    /usr/lib/x86_64-linux-gnu/libcairo.so.2.11000.2
7f27e9926000-7f27e9928000 r--p 000b8000 08:05 8655564                    /usr/lib/x86_64-linux-gnu/libcairo.so.2.11000.2
7f27e9928000-7f27e9929000 rw-p 000ba000 08:05 8655564                    /usr/lib/x86_64-linux-gnu/libcairo.so.2.11000.2
7f27e9929000-7f27e992c000 rw-p 00000000 00:00 0 
7f27e992c000-7f27e9937000 r-xp 00000000 08:05 8655903                    /usr/lib/x86_64-linux-gnu/libpangocairo-1.0.so.0.3000.0
7f27e9937000-7f27e9b36000 ---p 0000b000 08:05 8655903                    /usr/lib/x86_64-linux-gnu/libpangocairo-1.0.so.0.3000.0
7f27e9b36000-7f27e9b37000 r--p 0000a000 08:05 8655903                    /usr/lib/x86_64-linux-gnu/libpangocairo-1.0.so.0.3000.0
7f27e9b37000-7f27e9b38000 rw-p 0000b000 08:05 8655903                    /usr/lib/x86_64-linux-gnu/libpangocairo-1.0.so.0.3000.0
7f27e9b38000-7f27e9b56000 r-xp 00000000 08:05 8655687                    /usr/lib/x86_64-linux-gnu/libgdk_pixbuf-2.0.so.0.2600.1
7f27e9b56000-7f27e9d56000 ---p 0001e000 08:05 8655687                    /usr/lib/x86_64-linux-gnu/libgdk_pixbuf-2.0.so.0.2600.1
7f27e9d56000-7f27e9d57000 r--p 0001e000 08:05 8655687                    /usr/lib/x86_64-linux-gnu/libgdk_pixbuf-2.0.so.0.2600.1
7f27e9d57000-7f27e9d58000 rw-p 0001f000 08:05 8655687                    /usr/lib/x86_64-linux-gnu/libgdk_pixbuf-2.0.so.0.2600.1
7f27e9d58000-7f27e9d81000 r-xp 00000000 08:05 8655905                    /usr/lib/x86_64-linux-gnu/libpangoft2-1.0.so.0.3000.0
7f27e9d81000-7f27e9f80000 ---p 00029000 08:05 8655905                    /usr/lib/x86_64-linux-gnu/libpangoft2-1.0.so.0.3000.0
7f27e9f80000-7f27e9f81000 r--p 00028000 08:05 8655905                    /usr/lib/x86_64-linux-gnu/libpangoft2-1.0.so.0.3000.0
7f27e9f81000-7f27e9f82000 rw-p 00029000 08:05 8655905                    /usr/lib/x86_64-linux-gnu/libpangoft2-1.0.so.0.3000.0
7f27e9f82000-7f27ea0ca000 r-xp 00000000 08:05 8655039                    /usr/lib/x86_64-linux-gnu/libgio-2.0.so.0.3200.4
7f27ea0ca000-7f27ea2c9000 ---p 00148000 08:05 8655039                    /usr/lib/x86_64-linux-gnu/libgio-2.0.so.0.3200.4
7f27ea2c9000-7f27ea2cd000 r--p 00147000 08:05 8655039                    /usr/lib/x86_64-linux-gnu/libgio-2.0.so.0.3200.4
7f27ea2cd000-7f27ea2cf000 rw-p 0014b000 08:05 8655039                    /usr/lib/x86_64-linux-gnu/libgio-2.0.so.0.3200.4
7f27ea2cf000-7f27ea2d1000 rw-p 00000000 00:00 0 
7f27ea2d1000-7f27ea2f0000 r-xp 00000000 08:05 8655526                    /usr/lib/x86_64-linux-gnu/libatk-1.0.so.0.20409.1
7f27ea2f0000-7f27ea4f0000 ---p 0001f000 08:05 8655526                    /usr/lib/x86_64-linux-gnu/libatk-1.0.so.0.20409.1
7f27ea4f0000-7f27ea4f2000 r--p 0001f000 08:05 8655526                    /usr/lib/x86_64-linux-gnu/libatk-1.0.so.0.20409.1
7f27ea4f2000-7f27ea4f3000 rw-p 00021000 08:05 8655526                    /usr/lib/x86_64-linux-gnu/libatk-1.0.so.0.20409.1
7f27ea4f3000-7f27ea5a0000 r-xp 00000000 08:05 8655685                    /usr/lib/x86_64-linux-gnu/libgdk-x11-2.0.so.0.2400.10
7f27ea5a0000-7f27ea79f000 ---p 000ad000 08:05 8655685                    /usr/lib/x86_64-linux-gnu/libgdk-x11-2.0.so.0.2400.10
7f27ea79f000-7f27ea7a3000 r--p 000ac000 08:05 8655685                    /usr/lib/x86_64-linux-gnu/libgdk-x11-2.0.so.0.2400.10
7f27ea7a3000-7f27ea7a5000 rw-p 000b0000 08:05 8655685                    /usr/lib/x86_64-linux-gnu/libgdk-x11-2.0.so.0.2400.10
7f27ea7a5000-7f27eabd2000 r-xp 00000000 08:05 8655784                    /usr/lib/x86_64-linux-gnu/libgtk-x11-2.0.so.0.2400.10
7f27eabd2000-7f27eadd2000 ---p 0042d000 08:05 8655784                    /usr/lib/x86_64-linux-gnu/libgtk-x11-2.0.so.0.2400.10
7f27eadd2000-7f27eadd9000 r--p 0042d000 08:05 8655784                    /usr/lib/x86_64-linux-gnu/libgtk-x11-2.0.so.0.2400.10
7f27eadd9000-7f27eaddd000 rw-p 00434000 08:05 8655784                    /usr/lib/x86_64-linux-gnu/libgtk-x11-2.0.so.0.2400.10
7f27eaddd000-7f27eaddf000 rw-p 00000000 00:00 0 
7f27eaddf000-7f27eae04000 r-xp 00000000 08:05 273881                     /usr/lib/jvm/jdk1.7.0_45/jre/lib/amd64/libglass.so
7f27eae04000-7f27eb004000 ---p 00025000 08:05 273881                     /usr/lib/jvm/jdk1.7.0_45/jre/lib/amd64/libglass.so
7f27eb004000-7f27eb005000 r--p 00025000 08:05 273881                     /usr/lib/jvm/jdk1.7.0_45/jre/lib/amd64/libglass.so
7f27eb005000-7f27eb006000 rw-p 00026000 08:05 273881                     /usr/lib/jvm/jdk1.7.0_45/jre/lib/amd64/libglass.so
7f27eb006000-7f27eb009000 ---p 00000000 00:00 0 
7f27eb009000-7f27eb107000 rw-p 00000000 00:00 0                          [stack:2540]
7f27eb107000-7f27eb11d000 r-xp 00000000 08:05 8392491                    /lib/x86_64-linux-gnu/libz.so.1.2.3.4
7f27eb11d000-7f27eb31c000 ---p 00016000 08:05 8392491                    /lib/x86_64-linux-gnu/libz.so.1.2.3.4
7f27eb31c000-7f27eb31d000 r--p 00015000 08:05 8392491                    /lib/x86_64-linux-gnu/libz.so.1.2.3.4
7f27eb31d000-7f27eb31e000 rw-p 00016000 08:05 8392491                    /lib/x86_64-linux-gnu/libz.so.1.2.3.4
7f27eb31e000-7f27eb326000 r-xp 00000000 08:05 8655915                    /usr/lib/x86_64-linux-gnu/libpciaccess.so.0.11.0
7f27eb326000-7f27eb525000 ---p 00008000 08:05 8655915                    /usr/lib/x86_64-linux-gnu/libpciaccess.so.0.11.0
7f27eb525000-7f27eb526000 r--p 00007000 08:05 8655915                    /usr/lib/x86_64-linux-gnu/libpciaccess.so.0.11.0
7f27eb526000-7f27eb527000 rw-p 00008000 08:05 8655915                    /usr/lib/x86_64-linux-gnu/libpciaccess.so.0.11.0
7f27eb527000-7f27eb53c000 r-xp 00000000 08:05 8392401                    /lib/x86_64-linux-gnu/libgcc_s.so.1
7f27eb53c000-7f27eb73b000 ---p 00015000 08:05 8392401                    /lib/x86_64-linux-gnu/libgcc_s.so.1
7f27eb73b000-7f27eb73c000 r--p 00014000 08:05 8392401                    /lib/x86_64-linux-gnu/libgcc_s.so.1
7f27eb73c000-7f27eb73d000 rw-p 00015000 08:05 8392401                    /lib/x86_64-linux-gnu/libgcc_s.so.1
7f27eb73d000-7f27eb81f000 r-xp 00000000 08:05 8656006                    /usr/lib/x86_64-linux-gnu/libstdc++.so.6.0.16
7f27eb81f000-7f27eba1e000 ---p 000e2000 08:05 8656006                    /usr/lib/x86_64-linux-gnu/libstdc++.so.6.0.16
7f27eba1e000-7f27eba26000 r--p 000e1000 08:05 8656006                    /usr/lib/x86_64-linux-gnu/libstdc++.so.6.0.16
7f27eba26000-7f27eba28000 rw-p 000e9000 08:05 8656006                    /usr/lib/x86_64-linux-gnu/libstdc++.so.6.0.16
7f27eba28000-7f27eba3d000 rw-p 00000000 00:00 0 
7f27eba3d000-7f27ebdd2000 r-xp 00000000 08:05 8655329                    /usr/lib/x86_64-linux-gnu/libdricore9.1.7.so.1.0.0
7f27ebdd2000-7f27ebfd1000 ---p 00395000 08:05 8655329                    /usr/lib/x86_64-linux-gnu/libdricore9.1.7.so.1.0.0
7f27ebfd1000-7f27ebfe2000 r--p 00394000 08:05 8655329                    /usr/lib/x86_64-linux-gnu/libdricore9.1.7.so.1.0.0
7f27ebfe2000-7f27ebfea000 rw-p 003a5000 08:05 8655329                    /usr/lib/x86_64-linux-gnu/libdricore9.1.7.so.1.0.0
7f27ebfea000-7f27ec000000 rw-p 00000000 00:00 0 
7f27ec000000-7f27ec021000 rw-p 00000000 00:00 0 
7f27ec021000-7f27f0000000 ---p 00000000 00:00 0 
7f27f0001000-7f27f0002000 r--s 00000000 08:05 2228438                    /var/cache/fontconfig/c05880de57d1f5e948fdfacc138775d9-le64.cache-3
7f27f0002000-7f27f000b000 r--s 00000000 08:05 2228433                    /var/cache/fontconfig/945677eb7aeaf62f1d50efc3fb3ec7d8-le64.cache-3
7f27f000b000-7f27f000d000 r--s 00000000 08:05 2228434                    /var/cache/fontconfig/99e8ed0e538f840c565b6ed5dad60d56-le64.cache-3
7f27f000d000-7f27f002d000 r-xp 00000000 08:05 8657513                    /usr/lib/x86_64-linux-gnu/libdrm_intel.so.1.0.0
7f27f002d000-7f27f022c000 ---p 00020000 08:05 8657513                    /usr/lib/x86_64-linux-gnu/libdrm_intel.so.1.0.0
7f27f022c000-7f27f022d000 r--p 0001f000 08:05 8657513                    /usr/lib/x86_64-linux-gnu/libdrm_intel.so.1.0.0
7f27f022d000-7f27f022e000 rw-p 00020000 08:05 8657513                    /usr/lib/x86_64-linux-gnu/libdrm_intel.so.1.0.0
7f27f022e000-7f27f0255000 r-xp 00000000 08:05 8392398                    /lib/x86_64-linux-gnu/libexpat.so.1.5.2
7f27f0255000-7f27f0455000 ---p 00027000 08:05 8392398                    /lib/x86_64-linux-gnu/libexpat.so.1.5.2
7f27f0455000-7f27f0457000 r--p 00027000 08:05 8392398                    /lib/x86_64-linux-gnu/libexpat.so.1.5.2
7f27f0457000-7f27f0458000 rw-p 00029000 08:05 8392398                    /lib/x86_64-linux-gnu/libexpat.so.1.5.2
7f27f0458000-7f27f0517000 r-xp 00000000 08:05 2829                       /usr/lib/x86_64-linux-gnu/dri/i965_dri.so
7f27f0517000-7f27f0717000 ---p 000bf000 08:05 2829                       /usr/lib/x86_64-linux-gnu/dri/i965_dri.so
7f27f0717000-7f27f071a000 r--p 000bf000 08:05 2829                       /usr/lib/x86_64-linux-gnu/dri/i965_dri.so
7f27f071a000-7f27f071c000 rw-p 000c2000 08:05 2829                       /usr/lib/x86_64-linux-gnu/dri/i965_dri.so
7f27f071c000-7f27f071d000 rw-p 00000000 00:00 0 
7f27f071d000-7f27f0722000 r-xp 00000000 08:05 8655474                    /usr/lib/x86_64-linux-gnu/libXdmcp.so.6.0.0
7f27f0722000-7f27f0921000 ---p 00005000 08:05 8655474                    /usr/lib/x86_64-linux-gnu/libXdmcp.so.6.0.0
7f27f0921000-7f27f0922000 r--p 00004000 08:05 8655474                    /usr/lib/x86_64-linux-gnu/libXdmcp.so.6.0.0
7f27f0922000-7f27f0923000 rw-p 00005000 08:05 8655474                    /usr/lib/x86_64-linux-gnu/libXdmcp.so.6.0.0
7f27f0923000-7f27f0925000 r-xp 00000000 08:05 8655463                    /usr/lib/x86_64-linux-gnu/libXau.so.6.0.0
7f27f0925000-7f27f0b24000 ---p 00002000 08:05 8655463                    /usr/lib/x86_64-linux-gnu/libXau.so.6.0.0
7f27f0b24000-7f27f0b25000 r--p 00001000 08:05 8655463                    /usr/lib/x86_64-linux-gnu/libXau.so.6.0.0
7f27f0b25000-7f27f0b26000 rw-p 00002000 08:05 8655463                    /usr/lib/x86_64-linux-gnu/libXau.so.6.0.0
7f27f0b26000-7f27f0b30000 r-xp 00000000 08:05 8661130                    /usr/lib/x86_64-linux-gnu/libdrm.so.2.4.0
7f27f0b30000-7f27f0d2f000 ---p 0000a000 08:05 8661130                    /usr/lib/x86_64-linux-gnu/libdrm.so.2.4.0
7f27f0d2f000-7f27f0d30000 r--p 00009000 08:05 8661130                    /usr/lib/x86_64-linux-gnu/libdrm.so.2.4.0
7f27f0d30000-7f27f0d31000 rw-p 0000a000 08:05 8661130                    /usr/lib/x86_64-linux-gnu/libdrm.so.2.4.0
7f27f0d31000-7f27f0d34000 r-xp 00000000 08:05 8656058                    /usr/lib/x86_64-linux-gnu/libxcb-dri2.so.0.0.0
7f27f0d34000-7f27f0f34000 ---p 00003000 08:05 8656058                    /usr/lib/x86_64-linux-gnu/libxcb-dri2.so.0.0.0
7f27f0f34000-7f27f0f35000 r--p 00003000 08:05 8656058                    /usr/lib/x86_64-linux-gnu/libxcb-dri2.so.0.0.0
7f27f0f35000-7f27f0f36000 rw-p 00004000 08:05 8656058                    /usr/lib/x86_64-linux-gnu/libxcb-dri2.so.0.0.0
7f27f0f36000-7f27f0f4b000 r-xp 00000000 08:05 8656060                    /usr/lib/x86_64-linux-gnu/libxcb-glx.so.0.0.0
7f27f0f4b000-7f27f114a000 ---p 00015000 08:05 8656060                    /usr/lib/x86_64-linux-gnu/libxcb-glx.so.0.0.0
7f27f114a000-7f27f114c000 r--p 00014000 08:05 8656060                    /usr/lib/x86_64-linux-gnu/libxcb-glx.so.0.0.0
7f27f114c000-7f27f114d000 rw-p 00016000 08:05 8656060                    /usr/lib/x86_64-linux-gnu/libxcb-glx.so.0.0.0
7f27f114d000-7f27f114e000 r-xp 00000000 08:05 8655102                    /usr/lib/x86_64-linux-gnu/libX11-xcb.so.1.0.0
7f27f114e000-7f27f134d000 ---p 00001000 08:05 8655102                    /usr/lib/x86_64-linux-gnu/libX11-xcb.so.1.0.0
7f27f134d000-7f27f134e000 r--p 00000000 08:05 8655102                    /usr/lib/x86_64-linux-gnu/libX11-xcb.so.1.0.0
7f27f134e000-7f27f134f000 rw-p 00001000 08:05 8655102                    /usr/lib/x86_64-linux-gnu/libX11-xcb.so.1.0.0
7f27f134f000-7f27f1354000 r-xp 00000000 08:05 8655682                    /usr/lib/x86_64-linux-gnu/libXfixes.so.3.1.0
7f27f1354000-7f27f1553000 ---p 00005000 08:05 8655682                    /usr/lib/x86_64-linux-gnu/libXfixes.so.3.1.0
7f27f1553000-7f27f1554000 r--p 00004000 08:05 8655682                    /usr/lib/x86_64-linux-gnu/libXfixes.so.3.1.0
7f27f1554000-7f27f1555000 rw-p 00005000 08:05 8655682                    /usr/lib/x86_64-linux-gnu/libXfixes.so.3.1.0
7f27f1555000-7f27f1557000 r-xp 00000000 08:05 8655472                    /usr/lib/x86_64-linux-gnu/libXdamage.so.1.1.0
7f27f1557000-7f27f1756000 ---p 00002000 08:05 8655472                    /usr/lib/x86_64-linux-gnu/libXdamage.so.1.1.0
7f27f1756000-7f27f1757000 r--p 00001000 08:05 8655472                    /usr/lib/x86_64-linux-gnu/libXdamage.so.1.1.0
7f27f1757000-7f27f1758000 rw-p 00002000 08:05 8655472                    /usr/lib/x86_64-linux-gnu/libXdamage.so.1.1.0
7f27f1758000-7f27f1779000 r-xp 00000000 08:05 8655088                    /usr/lib/x86_64-linux-gnu/libglapi.so.0.0.0
7f27f1779000-7f27f1978000 ---p 00021000 08:05 8655088                    /usr/lib/x86_64-linux-gnu/libglapi.so.0.0.0
7f27f1978000-7f27f197b000 r--p 00020000 08:05 8655088                    /usr/lib/x86_64-linux-gnu/libglapi.so.0.0.0
7f27f197b000-7f27f197c000 rw-p 00023000 08:05 8655088                    /usr/lib/x86_64-linux-gnu/libglapi.so.0.0.0
7f27f197c000-7f27f197d000 rw-p 00000000 00:00 0 
7f27f197d000-7f27f198d000 r-xp 00000000 08:05 8655476                    /usr/lib/x86_64-linux-gnu/libXext.so.6.4.0
7f27f198d000-7f27f1b8c000 ---p 00010000 08:05 8655476                    /usr/lib/x86_64-linux-gnu/libXext.so.6.4.0
7f27f1b8c000-7f27f1b8d000 r--p 0000f000 08:05 8655476                    /usr/lib/x86_64-linux-gnu/libXext.so.6.4.0
7f27f1b8d000-7f27f1b8e000 rw-p 00010000 08:05 8655476                    /usr/lib/x86_64-linux-gnu/libXext.so.6.4.0
7f27f1b8e000-7f27f1bab000 r-xp 00000000 08:05 8656070                    /usr/lib/x86_64-linux-gnu/libxcb.so.1.1.0
7f27f1bab000-7f27f1daa000 ---p 0001d000 08:05 8656070                    /usr/lib/x86_64-linux-gnu/libxcb.so.1.1.0
7f27f1daa000-7f27f1dab000 r--p 0001c000 08:05 8656070                    /usr/lib/x86_64-linux-gnu/libxcb.so.1.1.0
7f27f1dab000-7f27f1dac000 rw-p 0001d000 08:05 8656070                    /usr/lib/x86_64-linux-gnu/libxcb.so.1.1.0
7f27f1dac000-7f27f1e08000 r-xp 00000000 08:05 48                         /usr/lib/x86_64-linux-gnu/mesa/libGL.so.1.2.0
7f27f1e08000-7f27f2008000 ---p 0005c000 08:05 48                         /usr/lib/x86_64-linux-gnu/mesa/libGL.so.1.2.0
7f27f2008000-7f27f200a000 r--p 0005c000 08:05 48                         /usr/lib/x86_64-linux-gnu/mesa/libGL.so.1.2.0
7f27f200a000-7f27f200b000 rw-p 0005e000 08:05 48                         /usr/lib/x86_64-linux-gnu/mesa/libGL.so.1.2.0
7f27f200b000-7f27f200c000 rw-p 00000000 00:00 0 
7f27f200c000-7f27f2010000 r-xp 00000000 08:05 8655506                    /usr/lib/x86_64-linux-gnu/libXxf86vm.so.1.0.0
7f27f2010000-7f27f220f000 ---p 00004000 08:05 8655506                    /usr/lib/x86_64-linux-gnu/libXxf86vm.so.1.0.0
7f27f220f000-7f27f2210000 r--p 00003000 08:05 8655506                    /usr/lib/x86_64-linux-gnu/libXxf86vm.so.1.0.0
7f27f2210000-7f27f2211000 rw-p 00004000 08:05 8655506                    /usr/lib/x86_64-linux-gnu/libXxf86vm.so.1.0.0
7f27f2211000-7f27f2341000 r-xp 00000000 08:05 8655629                    /usr/lib/x86_64-linux-gnu/libX11.so.6.3.0
7f27f2341000-7f27f2541000 ---p 00130000 08:05 8655629                    /usr/lib/x86_64-linux-gnu/libX11.so.6.3.0
7f27f2541000-7f27f2542000 r--p 00130000 08:05 8655629                    /usr/lib/x86_64-linux-gnu/libX11.so.6.3.0
7f27f2542000-7f27f2546000 rw-p 00131000 08:05 8655629                    /usr/lib/x86_64-linux-gnu/libX11.so.6.3.0
7f27f2546000-7f27f254f000 r-xp 00000000 08:05 273707                     /usr/lib/jvm/jdk1.7.0_45/jre/lib/amd64/libprism-es2.so
7f27f254f000-7f27f274e000 ---p 00009000 08:05 273707                     /usr/lib/jvm/jdk1.7.0_45/jre/lib/amd64/libprism-es2.so
7f27f274e000-7f27f274f000 r--p 00008000 08:05 273707                     /usr/lib/jvm/jdk1.7.0_45/jre/lib/amd64/libprism-es2.so
7f27f274f000-7f27f2750000 rw-p 00009000 08:05 273707                     /usr/lib/jvm/jdk1.7.0_45/jre/lib/amd64/libprism-es2.so
7f27f2750000-7f27f2753000 ---p 00000000 00:00 0 
7f27f2753000-7f27f2851000 rw-p 00000000 00:00 0                          [stack:2539]
7f27f2851000-7f27f2854000 ---p 00000000 00:00 0 
7f27f2854000-7f27f2952000 rw-p 00000000 00:00 0                          [stack:2538]
7f27f2952000-7f27f2970000 r-xp 00000000 08:05 273838                     /usr/lib/jvm/jdk1.7.0_45/jre/lib/amd64/libdeploy.so
7f27f2970000-7f27f2b70000 ---p 0001e000 08:05 273838                     /usr/lib/jvm/jdk1.7.0_45/jre/lib/amd64/libdeploy.so
7f27f2b70000-7f27f2b72000 rw-p 0001e000 08:05 273838                     /usr/lib/jvm/jdk1.7.0_45/jre/lib/amd64/libdeploy.so
7f27f2b72000-7f27f2b82000 rw-p 00000000 00:00 0 
7f27f2b82000-7f27f2b85000 ---p 00000000 00:00 0 
7f27f2b85000-7f27f2c83000 rw-p 00000000 00:00 0                          [stack:2537]
7f27f2c83000-7f27f2d11000 r--s 00ddd000 08:05 8672039                    /usr/lib/jvm/jdk1.7.0_45/jre/lib/jfxrt.jar
7f27f2d11000-7f27f2d12000 ---p 00000000 00:00 0 
7f27f2d12000-7f27f2e12000 rw-p 00000000 00:00 0                          [stack:2536]
7f27f2e12000-7f27f2e15000 ---p 00000000 00:00 0 
7f27f2e15000-7f27f2f13000 rw-p 00000000 00:00 0                          [stack:2535]
7f27f2f13000-7f27f2f16000 ---p 00000000 00:00 0 
7f27f2f16000-7f27f3014000 rw-p 00000000 00:00 0                          [stack:2534]
7f27f3014000-7f27f3017000 ---p 00000000 00:00 0 
7f27f3017000-7f27f3115000 rw-p 00000000 00:00 0                          [stack:2533]
7f27f3115000-7f27f3118000 ---p 00000000 00:00 0 
7f27f3118000-7f27f3216000 rw-p 00000000 00:00 0                          [stack:2532]
7f27f3216000-7f27f38f9000 r--p 00000000 08:05 8654417                    /usr/lib/locale/locale-archive
7f27f38f9000-7f27f38fc000 ---p 00000000 00:00 0 
7f27f38fc000-7f27f39fa000 rw-p 00000000 00:00 0                          [stack:2531]
7f27f39fa000-7f27f39fd000 ---p 00000000 00:00 0 
7f27f39fd000-7f27f3afb000 rw-p 00000000 00:00 0                          [stack:2530]
7f27f3afb000-7f27f3afc000 ---p 00000000 00:00 0 
7f27f3afc000-7f27f4000000 rw-p 00000000 00:00 0                          [stack:2529]
7f27f4000000-7f27f4021000 rw-p 00000000 00:00 0 
7f27f4021000-7f27f8000000 ---p 00000000 00:00 0 
7f27f8000000-7f27f8004000 r--s 00000000 08:05 2228420                    /var/cache/fontconfig/2cd17615ca594fa2959ae173292e504c-le64.cache-3
7f27f8004000-7f27f800b000 r--s 00000000 08:05 2240007                    /var/cache/fontconfig/bddabcf04192498a6a74911686fc6962-le64.cache-3
7f27f800b000-7f27f800f000 r--s 00000000 08:05 2239934                    /var/cache/fontconfig/a46337af8a0b4c9b317ad981ec3bdf87-le64.cache-3
7f27f800f000-7f27f8010000 r--s 00000000 08:05 2228445                    /var/cache/fontconfig/e7071f4a29fa870f4323321c154eba04-le64.cache-3
7f27f8010000-7f27f8013000 r--s 00000000 08:05 2241843                    /var/cache/fontconfig/b5ea634b0fb353b8ea17632d1f9ef766-le64.cache-3
7f27f8013000-7f27f8014000 r--s 00000000 08:05 2228418                    /var/cache/fontconfig/0d8c3b2ac0904cb8a57a757ad11a4a08-le64.cache-3
7f27f8014000-7f27f801a000 r--s 00000000 08:05 2228435                    /var/cache/fontconfig/a755afe4a08bf5b97852ceb7400b47bc-le64.cache-3
7f27f801a000-7f27f8023000 r--s 00000000 08:05 2241500                    /var/cache/fontconfig/6d41288fd70b0be22e8c3a91e032eec0-le64.cache-3
7f27f8023000-7f27f8033000 r--s 00000000 08:05 2228417                    /var/cache/fontconfig/04aabc0a78ac019cf9454389977116d2-le64.cache-3
7f27f8033000-7f27f8036000 r--s 00000000 08:05 2228423                    /var/cache/fontconfig/385c0604a188198f04d133e54aba7fe7-le64.cache-3
7f27f8036000-7f27f8037000 r--s 00000000 08:05 2234328                    /var/cache/fontconfig/4794a0821666d79190d59a36cb4f44b5-le64.cache-3
7f27f8037000-7f27f8a41000 rw-p 00000000 00:00 0 
7f27f8a41000-7f27f8bfd000 r--s 039b2000 08:05 8672055                    /usr/lib/jvm/jdk1.7.0_45/jre/lib/rt.jar
7f27f8bfd000-7f27f9000000 rw-p 00000000 00:00 0 
7f27f9000000-7f27f9270000 rwxp 00000000 00:00 0 
7f27f9270000-7f27fc29b000 rw-p 00000000 00:00 0 
7f27fc29b000-7f2800000000 ---p 00000000 00:00 0 
7f2800000000-7f2800003000 r--s 00000000 08:05 2228432                    /var/cache/fontconfig/8801497958630a81b71ace7c5f9b32a8-le64.cache-3
7f2800003000-7f2800008000 r--s 00000000 08:05 2228421                    /var/cache/fontconfig/3047814df9a2f067bd2d96a2b9c36e5a-le64.cache-3
7f2800008000-7f2800009000 r--s 00000000 08:05 2228426                    /var/cache/fontconfig/56cf4f4769d0f4abc89a4895d7bd3ae1-le64.cache-3
7f2800009000-7f280000e000 r--s 00000000 08:05 2228436                    /var/cache/fontconfig/b47c4e1ecd0709278f4910c18777a504-le64.cache-3
7f280000e000-7f280001e000 r--s 00000000 08:05 2228441                    /var/cache/fontconfig/d52a8644073d54c13679302ca1180695-le64.cache-3
7f280001e000-7f2800022000 r--s 00000000 08:05 2241841                    /var/cache/fontconfig/7ef2298fde41cc6eeb7af42e48b7d293-le64.cache-3
7f2800022000-7f280002c000 r--s 00250000 08:05 8672025                    /usr/lib/jvm/jdk1.7.0_45/jre/lib/resources.jar
7f280002c000-7f2800052000 r--p 00000000 08:05 525768                     /usr/share/glib-2.0/schemas/gschemas.compiled
7f2800052000-7f2800059000 r--s 00000000 08:05 6673                       /usr/lib/x86_64-linux-gnu/gconv/gconv-modules.cache
7f2800059000-7f280006c000 r--s 000d0000 08:05 8672033                    /usr/lib/jvm/jdk1.7.0_45/jre/lib/plugin.jar
7f280006c000-7f28002b2000 rw-p 00000000 00:00 0 
7f28002b2000-7f28002b3000 ---p 00000000 00:00 0 
7f28002b3000-7f28003b3000 rw-p 00000000 00:00 0                          [stack:2528]
7f28003b3000-7f28003b4000 ---p 00000000 00:00 0 
7f28003b4000-7f28004b4000 rw-p 00000000 00:00 0                          [stack:2527]
7f28004b4000-7f28004b5000 ---p 00000000 00:00 0 
7f28004b5000-7f28005b5000 rw-p 00000000 00:00 0                          [stack:2526]
7f28005b5000-7f28005b6000 ---p 00000000 00:00 0 
7f28005b6000-7f28006c1000 rw-p 00000000 00:00 0                          [stack:2525]
7f28006c1000-7f28006df000 rw-p 00000000 00:00 0 
7f28006df000-7f2800708000 rw-p 00000000 00:00 0 
7f2800708000-7f2800971000 rw-p 00000000 00:00 0 
7f2800971000-7f280097c000 rw-p 00000000 00:00 0 
7f280097c000-7f280099a000 rw-p 00000000 00:00 0 
7f280099a000-7f28009c3000 rw-p 00000000 00:00 0 
7f28009c3000-7f2800c2b000 rw-p 00000000 00:00 0 
7f2800c2b000-7f2800c40000 rw-p 00000000 00:00 0 
7f2800c40000-7f2800d74000 rw-p 00000000 00:00 0 
7f2800d74000-7f2800d75000 rw-p 00000000 00:00 0 
7f2800d75000-7f2800d8f000 r-xp 00000000 08:05 273995                     /usr/lib/jvm/jdk1.7.0_45/jre/lib/amd64/libzip.so
7f2800d8f000-7f2800f8f000 ---p 0001a000 08:05 273995                     /usr/lib/jvm/jdk1.7.0_45/jre/lib/amd64/libzip.so
7f2800f8f000-7f2800f90000 rw-p 0001a000 08:05 273995                     /usr/lib/jvm/jdk1.7.0_45/jre/lib/amd64/libzip.so
7f2800f90000-7f2800f9c000 r-xp 00000000 08:05 8388821                    /lib/x86_64-linux-gnu/libnss_files-2.15.so
7f2800f9c000-7f280119b000 ---p 0000c000 08:05 8388821                    /lib/x86_64-linux-gnu/libnss_files-2.15.so
7f280119b000-7f280119c000 r--p 0000b000 08:05 8388821                    /lib/x86_64-linux-gnu/libnss_files-2.15.so
7f280119c000-7f280119d000 rw-p 0000c000 08:05 8388821                    /lib/x86_64-linux-gnu/libnss_files-2.15.so
7f280119d000-7f28011a7000 r-xp 00000000 08:05 8388825                    /lib/x86_64-linux-gnu/libnss_nis-2.15.so
7f28011a7000-7f28013a7000 ---p 0000a000 08:05 8388825                    /lib/x86_64-linux-gnu/libnss_nis-2.15.so
7f28013a7000-7f28013a8000 r--p 0000a000 08:05 8388825                    /lib/x86_64-linux-gnu/libnss_nis-2.15.so
7f28013a8000-7f28013a9000 rw-p 0000b000 08:05 8388825                    /lib/x86_64-linux-gnu/libnss_nis-2.15.so
7f28013a9000-7f28013c0000 r-xp 00000000 08:05 8388837                    /lib/x86_64-linux-gnu/libnsl-2.15.so
7f28013c0000-7f28015bf000 ---p 00017000 08:05 8388837                    /lib/x86_64-linux-gnu/libnsl-2.15.so
7f28015bf000-7f28015c0000 r--p 00016000 08:05 8388837                    /lib/x86_64-linux-gnu/libnsl-2.15.so
7f28015c0000-7f28015c1000 rw-p 00017000 08:05 8388837                    /lib/x86_64-linux-gnu/libnsl-2.15.so
7f28015c1000-7f28015c3000 rw-p 00000000 00:00 0 
7f28015c3000-7f28015cb000 r-xp 00000000 08:05 8388819                    /lib/x86_64-linux-gnu/libnss_compat-2.15.so
7f28015cb000-7f28017ca000 ---p 00008000 08:05 8388819                    /lib/x86_64-linux-gnu/libnss_compat-2.15.so
7f28017ca000-7f28017cb000 r--p 00007000 08:05 8388819                    /lib/x86_64-linux-gnu/libnss_compat-2.15.so
7f28017cb000-7f28017cc000 rw-p 00008000 08:05 8388819                    /lib/x86_64-linux-gnu/libnss_compat-2.15.so
7f28017cc000-7f28017f5000 r-xp 00000000 08:05 273942                     /usr/lib/jvm/jdk1.7.0_45/jre/lib/amd64/libjava.so
7f28017f5000-7f28019f5000 ---p 00029000 08:05 273942                     /usr/lib/jvm/jdk1.7.0_45/jre/lib/amd64/libjava.so
7f28019f5000-7f28019f7000 rw-p 00029000 08:05 273942                     /usr/lib/jvm/jdk1.7.0_45/jre/lib/amd64/libjava.so
7f28019f7000-7f2801a04000 r-xp 00000000 08:05 273837                     /usr/lib/jvm/jdk1.7.0_45/jre/lib/amd64/libverify.so
7f2801a04000-7f2801c03000 ---p 0000d000 08:05 273837                     /usr/lib/jvm/jdk1.7.0_45/jre/lib/amd64/libverify.so
7f2801c03000-7f2801c05000 rw-p 0000c000 08:05 273837                     /usr/lib/jvm/jdk1.7.0_45/jre/lib/amd64/libverify.so
7f2801c05000-7f2801c0c000 r-xp 00000000 08:05 8388824                    /lib/x86_64-linux-gnu/librt-2.15.so
7f2801c0c000-7f2801e0b000 ---p 00007000 08:05 8388824                    /lib/x86_64-linux-gnu/librt-2.15.so
7f2801e0b000-7f2801e0c000 r--p 00006000 08:05 8388824                    /lib/x86_64-linux-gnu/librt-2.15.so
7f2801e0c000-7f2801e0d000 rw-p 00007000 08:05 8388824                    /lib/x86_64-linux-gnu/librt-2.15.so
7f2801e0d000-7f2801f08000 r-xp 00000000 08:05 8388828                    /lib/x86_64-linux-gnu/libm-2.15.so
7f2801f08000-7f2802107000 ---p 000fb000 08:05 8388828                    /lib/x86_64-linux-gnu/libm-2.15.so
7f2802107000-7f2802108000 r--p 000fa000 08:05 8388828                    /lib/x86_64-linux-gnu/libm-2.15.so
7f2802108000-7f2802109000 rw-p 000fb000 08:05 8388828                    /lib/x86_64-linux-gnu/libm-2.15.so
7f2802109000-7f2802c6b000 r-xp 00000000 08:05 273676                     /usr/lib/jvm/jdk1.7.0_45/jre/lib/amd64/server/libjvm.so
7f2802c6b000-7f2802e6b000 ---p 00b62000 08:05 273676                     /usr/lib/jvm/jdk1.7.0_45/jre/lib/amd64/server/libjvm.so
7f2802e6b000-7f2802f2e000 rw-p 00b62000 08:05 273676                     /usr/lib/jvm/jdk1.7.0_45/jre/lib/amd64/server/libjvm.so
7f2802f2e000-7f2802f6f000 rw-p 00000000 00:00 0 
7f2802f6f000-7f2803124000 r-xp 00000000 08:05 8388817                    /lib/x86_64-linux-gnu/libc-2.15.so
7f2803124000-7f2803324000 ---p 001b5000 08:05 8388817                    /lib/x86_64-linux-gnu/libc-2.15.so
7f2803324000-7f2803328000 r--p 001b5000 08:05 8388817                    /lib/x86_64-linux-gnu/libc-2.15.so
7f2803328000-7f280332a000 rw-p 001b9000 08:05 8388817                    /lib/x86_64-linux-gnu/libc-2.15.so
7f280332a000-7f280332f000 rw-p 00000000 00:00 0 
7f280332f000-7f2803331000 r-xp 00000000 08:05 8388832                    /lib/x86_64-linux-gnu/libdl-2.15.so
7f2803331000-7f2803531000 ---p 00002000 08:05 8388832                    /lib/x86_64-linux-gnu/libdl-2.15.so
7f2803531000-7f2803532000 r--p 00002000 08:05 8388832                    /lib/x86_64-linux-gnu/libdl-2.15.so
7f2803532000-7f2803533000 rw-p 00003000 08:05 8388832                    /lib/x86_64-linux-gnu/libdl-2.15.so
7f2803533000-7f2803549000 r-xp 00000000 08:05 14692                      /usr/lib/jvm/jdk1.7.0_45/lib/amd64/jli/libjli.so
7f2803549000-7f2803749000 ---p 00016000 08:05 14692                      /usr/lib/jvm/jdk1.7.0_45/lib/amd64/jli/libjli.so
7f2803749000-7f280374a000 rw-p 00016000 08:05 14692                      /usr/lib/jvm/jdk1.7.0_45/lib/amd64/jli/libjli.so
7f280374a000-7f2803762000 r-xp 00000000 08:05 8388826                    /lib/x86_64-linux-gnu/libpthread-2.15.so
7f2803762000-7f2803961000 ---p 00018000 08:05 8388826                    /lib/x86_64-linux-gnu/libpthread-2.15.so
7f2803961000-7f2803962000 r--p 00017000 08:05 8388826                    /lib/x86_64-linux-gnu/libpthread-2.15.so
7f2803962000-7f2803963000 rw-p 00018000 08:05 8388826                    /lib/x86_64-linux-gnu/libpthread-2.15.so
7f2803963000-7f2803967000 rw-p 00000000 00:00 0 
7f2803967000-7f2803989000 r-xp 00000000 08:05 8388829                    /lib/x86_64-linux-gnu/ld-2.15.so
7f2803989000-7f280398c000 r--s 00000000 08:05 2235401                    /var/cache/fontconfig/e13b20fdb08344e0e664864cc2ede53d-le64.cache-3
7f280398c000-7f28039a4000 r--s 001cd000 08:05 8672034                    /usr/lib/jvm/jdk1.7.0_45/jre/lib/deploy.jar
7f28039a4000-7f28039ae000 rw-p 00000000 00:00 0 
7f28039ae000-7f2803a64000 rw-p 00000000 00:00 0 
7f2803a64000-7f2803a67000 ---p 00000000 00:00 0 
7f2803a67000-7f2803b69000 rw-p 00000000 00:00 0                          [stack:2524]
7f2803b69000-7f2803b6a000 r--s 00000000 08:05 2228437                    /var/cache/fontconfig/b9d506c9ac06c20b433354fa67a72993-le64.cache-3
7f2803b6a000-7f2803b6d000 r--p 00000000 08:05 786801                     /home/idarraga/.config/dconf/user
7f2803b6d000-7f2803b6e000 r--s 00000000 08:05 661433                     /home/idarraga/.cache/dconf/user
7f2803b6e000-7f2803b77000 r--s 00064000 08:05 8672035                    /usr/lib/jvm/jdk1.7.0_45/jre/lib/javaws.jar
7f2803b77000-7f2803b7b000 r--s 0008a000 08:05 8672042                    /usr/lib/jvm/jdk1.7.0_45/jre/lib/jsse.jar
7f2803b7b000-7f2803b7d000 r--s 00022000 08:05 7345236                    /home/idarraga/NetBeansProjects/TPX3JUI/dist/run1847119761/TPX3JUI.jar
7f2803b7d000-7f2803b85000 rw-s 00000000 08:05 3672280                    /tmp/hsperfdata_idarraga/2520
7f2803b85000-7f2803b86000 rw-p 00000000 00:00 0 
7f2803b86000-7f2803b87000 r--p 00000000 00:00 0 
7f2803b87000-7f2803b89000 rw-p 00000000 00:00 0 
7f2803b89000-7f2803b8a000 r--p 00022000 08:05 8388829                    /lib/x86_64-linux-gnu/ld-2.15.so
7f2803b8a000-7f2803b8c000 rw-p 00023000 08:05 8388829                    /lib/x86_64-linux-gnu/ld-2.15.so
7fffeab64000-7fffeab85000 rw-p 00000000 00:00 0                          [stack]
7fffeabfe000-7fffeac00000 r-xp 00000000 00:00 0                          [vdso]
ffffffffff600000-ffffffffff601000 r-xp 00000000 00:00 0                  [vsyscall]

VM Arguments:
jvm_args: -Dfile.encoding=UTF-8 -Djava.library.path=/home/idarraga/daq/SPIDR/software/trunk/Release:/home/idarraga/NetBeansProjects/TPX3JUI/src/tpx3jui 
java_command: /home/idarraga/NetBeansProjects/TPX3JUI/dist/run1847119761/TPX3JUI.jar
Launcher Type: SUN_STANDARD

Environment Variables:
PATH=/usr/lib/lightdm/lightdm:/usr/local/sbin:/usr/local/bin:/usr/sbin:/usr/bin:/sbin:/bin:/usr/games
LD_LIBRARY_PATH=/usr/lib/jvm/java-7-openjdk-amd64/jre/lib/amd64:/usr/lib/jvm/java-7-openjdk-amd64/jre/lib/i386:
SHELL=/bin/bash
DISPLAY=:0.0

Signal Handlers:
SIGSEGV: [libjvm.so+0x9935b0], sa_mask[0]=0x7ffbfeff, sa_flags=0x10000004
SIGBUS: [libjvm.so+0x9935b0], sa_mask[0]=0x7ffbfeff, sa_flags=0x10000004
SIGFPE: [libjvm.so+0x810330], sa_mask[0]=0x7ffbfeff, sa_flags=0x10000004
SIGPIPE: SIG_IGN, sa_mask[0]=0x00001000, sa_flags=0x10000000
SIGXFSZ: [libjvm.so+0x810330], sa_mask[0]=0x7ffbfeff, sa_flags=0x10000004
SIGILL: [libjvm.so+0x810330], sa_mask[0]=0x7ffbfeff, sa_flags=0x10000004
SIGUSR1: SIG_DFL, sa_mask[0]=0x00000000, sa_flags=0x00000000
SIGUSR2: [libjvm.so+0x811820], sa_mask[0]=0x00000004, sa_flags=0x10000004
SIGHUP: [libjvm.so+0x812790], sa_mask[0]=0x7ffbfeff, sa_flags=0x10000004
SIGINT: SIG_IGN, sa_mask[0]=0x00000000, sa_flags=0x00000000
SIGTERM: [libjvm.so+0x812790], sa_mask[0]=0x7ffbfeff, sa_flags=0x10000004
SIGQUIT: [libjvm.so+0x812790], sa_mask[0]=0x7ffbfeff, sa_flags=0x10000004


---------------  S Y S T E M  ---------------

OS:wheezy/sid

uname:Linux 3.8.0-35-generic #50~precise1-Ubuntu SMP Wed Dec 4 17:25:51 UTC 2013 x86_64
libc:glibc 2.15 NPTL 2.15 
rlimit: STACK 8192k, CORE 0k, NPROC 62922, NOFILE 4096, AS infinity
load average:0.03 0.04 0.05

/proc/meminfo:
MemTotal:        8073024 kB
MemFree:          733456 kB
Buffers:          422868 kB
Cached:          1885540 kB
SwapCached:            0 kB
Active:          5601272 kB
Inactive:        1338040 kB
Active(anon):    4644760 kB
Inactive(anon):   220964 kB
Active(file):     956512 kB
Inactive(file):  1117076 kB
Unevictable:          16 kB
Mlocked:              16 kB
SwapTotal:       8282108 kB
SwapFree:        8282108 kB
Dirty:               104 kB
Writeback:             0 kB
AnonPages:       4631024 kB
Mapped:           256036 kB
Shmem:            234812 kB
Slab:             250764 kB
SReclaimable:     217000 kB
SUnreclaim:        33764 kB
KernelStack:        5088 kB
PageTables:        41256 kB
NFS_Unstable:          0 kB
Bounce:                0 kB
WritebackTmp:          0 kB
CommitLimit:    12318620 kB
Committed_AS:    7221792 kB
VmallocTotal:   34359738367 kB
VmallocUsed:      361232 kB
VmallocChunk:   34359374000 kB
HardwareCorrupted:     0 kB
AnonHugePages:         0 kB
HugePages_Total:       0
HugePages_Free:        0
HugePages_Rsvd:        0
HugePages_Surp:        0
Hugepagesize:       2048 kB
DirectMap4k:       53248 kB
DirectMap2M:     8243200 kB


CPU:total 4 (4 cores per cpu, 2 threads per core) family 6 model 58 stepping 9, cmov, cx8, fxsr, mmx, sse, sse2, sse3, ssse3, sse4.1, sse4.2, popcnt, avx, aes, erms, ht, tsc, tscinvbit, tscinv

/proc/cpuinfo:
processor	: 0
vendor_id	: GenuineIntel
cpu family	: 6
model		: 58
model name	: Intel(R) Core(TM) i7-3770 CPU @ 3.40GHz
stepping	: 9
microcode	: 0x16
cpu MHz		: 1600.000
cache size	: 8192 KB
physical id	: 0
siblings	: 4
core id		: 0
cpu cores	: 4
apicid		: 0
initial apicid	: 0
fpu		: yes
fpu_exception	: yes
cpuid level	: 13
wp		: yes
flags		: fpu vme de pse tsc msr pae mce cx8 apic sep mtrr pge mca cmov pat pse36 clflush dts acpi mmx fxsr sse sse2 ss ht tm pbe syscall nx rdtscp lm constant_tsc arch_perfmon pebs bts rep_good nopl xtopology nonstop_tsc aperfmperf eagerfpu pni pclmulqdq dtes64 monitor ds_cpl vmx smx est tm2 ssse3 cx16 xtpr pdcm pcid sse4_1 sse4_2 x2apic popcnt tsc_deadline_timer aes xsave avx f16c rdrand lahf_lm ida arat epb xsaveopt pln pts dtherm tpr_shadow vnmi flexpriority ept vpid fsgsbase smep erms
bogomips	: 6799.82
clflush size	: 64
cache_alignment	: 64
address sizes	: 36 bits physical, 48 bits virtual
power management:

processor	: 1
vendor_id	: GenuineIntel
cpu family	: 6
model		: 58
model name	: Intel(R) Core(TM) i7-3770 CPU @ 3.40GHz
stepping	: 9
microcode	: 0x16
cpu MHz		: 1600.000
cache size	: 8192 KB
physical id	: 0
siblings	: 4
core id		: 1
cpu cores	: 4
apicid		: 2
initial apicid	: 2
fpu		: yes
fpu_exception	: yes
cpuid level	: 13
wp		: yes
flags		: fpu vme de pse tsc msr pae mce cx8 apic sep mtrr pge mca cmov pat pse36 clflush dts acpi mmx fxsr sse sse2 ss ht tm pbe syscall nx rdtscp lm constant_tsc arch_perfmon pebs bts rep_good nopl xtopology nonstop_tsc aperfmperf eagerfpu pni pclmulqdq dtes64 monitor ds_cpl vmx smx est tm2 ssse3 cx16 xtpr pdcm pcid sse4_1 sse4_2 x2apic popcnt tsc_deadline_timer aes xsave avx f16c rdrand lahf_lm ida arat epb xsaveopt pln pts dtherm tpr_shadow vnmi flexpriority ept vpid fsgsbase smep erms
bogomips	: 6799.82
clflush size	: 64
cache_alignment	: 64
address sizes	: 36 bits physical, 48 bits virtual
power management:

processor	: 2
vendor_id	: GenuineIntel
cpu family	: 6
model		: 58
model name	: Intel(R) Core(TM) i7-3770 CPU @ 3.40GHz
stepping	: 9
microcode	: 0x16
cpu MHz		: 3401.000
cache size	: 8192 KB
physical id	: 0
siblings	: 4
core id		: 2
cpu cores	: 4
apicid		: 4
initial apicid	: 4
fpu		: yes
fpu_exception	: yes
cpuid level	: 13
wp		: yes
flags		: fpu vme de pse tsc msr pae mce cx8 apic sep mtrr pge mca cmov pat pse36 clflush dts acpi mmx fxsr sse sse2 ss ht tm pbe syscall nx rdtscp lm constant_tsc arch_perfmon pebs bts rep_good nopl xtopology nonstop_tsc aperfmperf eagerfpu pni pclmulqdq dtes64 monitor ds_cpl vmx smx est tm2 ssse3 cx16 xtpr pdcm pcid sse4_1 sse4_2 x2apic popcnt tsc_deadline_timer aes xsave avx f16c rdrand lahf_lm ida arat epb xsaveopt pln pts dtherm tpr_shadow vnmi flexpriority ept vpid fsgsbase smep erms
bogomips	: 6799.82
clflush size	: 64
cache_alignment	: 64
address sizes	: 36 bits physical, 48 bits virtual
power management:

processor	: 3
vendor_id	: GenuineIntel
cpu family	: 6
model		: 58
model name	: Intel(R) Core(TM) i7-3770 CPU @ 3.40GHz
stepping	: 9
microcode	: 0x16
cpu MHz		: 3401.000
cache size	: 8192 KB
physical id	: 0
siblings	: 4
core id		: 3
cpu cores	: 4
apicid		: 6
initial apicid	: 6
fpu		: yes
fpu_exception	: yes
cpuid level	: 13
wp		: yes
flags		: fpu vme de pse tsc msr pae mce cx8 apic sep mtrr pge mca cmov pat pse36 clflush dts acpi mmx fxsr sse sse2 ss ht tm pbe syscall nx rdtscp lm constant_tsc arch_perfmon pebs bts rep_good nopl xtopology nonstop_tsc aperfmperf eagerfpu pni pclmulqdq dtes64 monitor ds_cpl vmx smx est tm2 ssse3 cx16 xtpr pdcm pcid sse4_1 sse4_2 x2apic popcnt tsc_deadline_timer aes xsave avx f16c rdrand lahf_lm ida arat epb xsaveopt pln pts dtherm tpr_shadow vnmi flexpriority ept vpid fsgsbase smep erms
bogomips	: 6799.82
clflush size	: 64
cache_alignment	: 64
address sizes	: 36 bits physical, 48 bits virtual
power management:



Memory: 4k page, physical 8073024k(733456k free), swap 8282108k(8282108k free)

vm_info: Java HotSpot(TM) 64-Bit Server VM (24.45-b08) for linux-amd64 JRE (1.7.0_45-b18), built on Oct  8 2013 05:44:25 by "java_re" with gcc 4.3.0 20080428 (Red Hat 4.3.0-8)

time: Thu Jan  9 12:58:40 2014
elapsed time: 3341 seconds

