#
# A fatal error has been detected by the Java Runtime Environment:
#
#  SIGSEGV (0xb) at pc=0x00007f376f3a6cd8, pid=16059, tid=139876069213952
#
# JRE version: Java(TM) SE Runtime Environment (7.0_45-b18) (build 1.7.0_45-b18)
# Java VM: Java HotSpot(TM) 64-Bit Server VM (24.45-b08 mixed mode linux-amd64 compressed oops)
# Problematic frame:
# C  [libSpidrTpx3Lib.so.1.0.0+0x8cd8]  SpidrController::requestSetInt(int, int, int)+0x8
#
# Failed to write core dump. Core dumps have been disabled. To enable core dumping, try "ulimit -c unlimited" before starting Java again
#
# If you would like to submit a bug report, please visit:
#   http://bugreport.sun.com/bugreport/crash.jsp
# The crash happened outside the Java Virtual Machine in native code.
# See problematic frame for where to report the bug.
#

---------------  T H R E A D  ---------------

Current thread (0x00007f37840e8000):  JavaThread "JavaFX Application Thread" [_thread_in_native, id=16083, stack(0x00007f376f5b0000,0x00007f376f6b1000)]

siginfo:si_signo=SIGSEGV: si_errno=0, si_code=1 (SEGV_MAPERR), si_addr=0x000000000000001c

Registers:
RAX=0x0000000000000000, RBX=0x00000007801733a0, RCX=0x0000000001000000, RDX=0x0000000000000000
RSP=0x00007f376f6ac458, RBP=0x00007f376f6ac490, RSI=0x0000000000000338, RDI=0x0000000000000000
R8 =0x0000000000000014, R9 =0x0000000000000000, R10=0x00007f376f6ac1f0, R11=0x00007f376f3a6cd0
R12=0x0000000000000000, R13=0x00000007801733a0, R14=0x00007f376f6ac528, R15=0x00007f37840e8000
RIP=0x00007f376f3a6cd8, EFLAGS=0x0000000000010202, CSGSFS=0x0000000000000033, ERR=0x0000000000000006
  TRAPNO=0x000000000000000e

Top of Stack: (sp=0x00007f376f6ac458)
0x00007f376f6ac458:   00007f376e97d90f 00000007801733a0
0x00007f376f6ac468:   0000000000000001 00007f376f6ac528
0x00007f376f6ac478:   00007f37840e81e8 00007f376f6ac4f8
0x00007f376f6ac488:   00007f37c9012b6d 00007f376f6ac4f8
0x00007f376f6ac498:   00007f37c9012cd8 00007f37900a2198
0x00007f376f6ac4a8:   00007f3780ad6ec8 00007f37840e8000
0x00007f376f6ac4b8:   00007f376f6ac4b8 00000007801733a0
0x00007f376f6ac4c8:   00007f376f6ac528 0000000780174370
0x00007f376f6ac4d8:   0000000000000000 00000007801733a0
0x00007f376f6ac4e8:   0000000000000000 00007f376f6ac518
0x00007f376f6ac4f8:   00007f376f6ac570 00007f37c9006350
0x00007f376f6ac508:   0000000000000000 00007f37c900ecc0
0x00007f376f6ac518:   0000000000000001 0000000000000000
0x00007f376f6ac528:   00000007d8f8b4d0 00007f376f6ac530
0x00007f376f6ac538:   000000078016f0b0 00007f376f6ac598
0x00007f376f6ac548:   00000007801707e0 0000000000000000
0x00007f376f6ac558:   000000078016f118 00007f376f6ac518
0x00007f376f6ac568:   00007f376f6ac590 00007f376f6ac600
0x00007f376f6ac578:   00007f37c90004e7 0000000000000000
0x00007f376f6ac588:   0000000000000000 00000007d83c0698
0x00007f376f6ac598:   00000007d8f8b2e0 0000000700001fa0
0x00007f376f6ac5a8:   00007f376f6ac910 00007f376f6ac680
0x00007f376f6ac5b8:   00007f376f6ac810 00007f37840e8000
0x00007f376f6ac5c8:   00007f37900a2180 00007f376f6ac640
0x00007f376f6ac5d8:   00007f376f6ac918 00007f370000000a
0x00007f376f6ac5e8:   000000078016f118 00007f37c90102a0
0x00007f376f6ac5f8:   00007f376f6ac818 00007f376f6ac6f0
0x00007f376f6ac608:   00007f37d214f485 00007f3700000002
0x00007f376f6ac618:   00007f37840e8000 0000000000000042
0x00007f376f6ac628:   00007f376f6ac640 00007f37c90102a0
0x00007f376f6ac638:   000000000000000a 00007f37840e8000
0x00007f376f6ac648:   00007f3760002640 000000078016f118 

Instructions: (pc=0x00007f376f3a6cd8)
0x00007f376f3a6cb8:   0c b9 04 00 00 00 49 89 e0 31 d2 e8 08 e7 ff ff
0x00007f376f3a6cc8:   48 83 c4 18 c3 90 66 90 0f c9 41 b8 14 00 00 00
0x00007f376f3a6cd8:   89 4f 1c b9 14 00 00 00 e9 2b e7 ff ff 90 66 2e
0x00007f376f3a6ce8:   0f 1f 84 00 00 00 00 00 89 f2 31 c9 be 63 05 00 

Register to memory mapping:

RAX=0x0000000000000000 is an unknown value
RBX=0x00000007801733a0 is an oop
{method} 
 - klass: {other class}
RCX=0x0000000001000000 is an unknown value
RDX=0x0000000000000000 is an unknown value
RSP=0x00007f376f6ac458 is pointing into the stack for thread: 0x00007f37840e8000
RBP=0x00007f376f6ac490 is pointing into the stack for thread: 0x00007f37840e8000
RSI=0x0000000000000338 is an unknown value
RDI=0x0000000000000000 is an unknown value
R8 =0x0000000000000014 is an unknown value
R9 =0x0000000000000000 is an unknown value
R10=0x00007f376f6ac1f0 is pointing into the stack for thread: 0x00007f37840e8000
R11=0x00007f376f3a6cd0: _ZN15SpidrController13requestSetIntEiii+0 in /home/idarraga/daq/SPIDR/software/trunk/Release/libSpidrTpx3Lib.so.1.0.0 at 0x00007f376f39e000
R12=0x0000000000000000 is an unknown value
R13=0x00000007801733a0 is an oop
{method} 
 - klass: {other class}
R14=0x00007f376f6ac528 is pointing into the stack for thread: 0x00007f37840e8000
R15=0x00007f37840e8000 is a thread


Stack: [0x00007f376f5b0000,0x00007f376f6b1000],  sp=0x00007f376f6ac458,  free space=1009k
Native frames: (J=compiled Java code, j=interpreted, Vv=VM code, C=native code)
C  [libSpidrTpx3Lib.so.1.0.0+0x8cd8]  SpidrController::requestSetInt(int, int, int)+0x8
j  tpx3jui.SpidrDaqJ.setSenseDac(II)Z+0
j  tpx3jui.FXMLDocumentController.handleSenseDACButtonAction(Ljavafx/event/ActionEvent;)V+16
v  ~StubRoutines::call_stub
V  [libjvm.so+0x5f8485]  JavaCalls::call_helper(JavaValue*, methodHandle*, JavaCallArguments*, Thread*)+0x365
V  [libjvm.so+0x5f6ee8]  JavaCalls::call(JavaValue*, methodHandle, JavaCallArguments*, Thread*)+0x28
V  [libjvm.so+0x888f6f]  Reflection::invoke(instanceKlassHandle, methodHandle, Handle, bool, objArrayHandle, BasicType, objArrayHandle, bool, Thread*)+0x47f
V  [libjvm.so+0x889d20]  Reflection::invoke_method(oopDesc*, Handle, objArrayHandle, Thread*)+0x160
V  [libjvm.so+0x67fb14]  JVM_InvokeMethod+0x224
j  sun.reflect.NativeMethodAccessorImpl.invoke0(Ljava/lang/reflect/Method;Ljava/lang/Object;[Ljava/lang/Object;)Ljava/lang/Object;+0
j  sun.reflect.NativeMethodAccessorImpl.invoke(Ljava/lang/Object;[Ljava/lang/Object;)Ljava/lang/Object;+87
j  sun.reflect.DelegatingMethodAccessorImpl.invoke(Ljava/lang/Object;[Ljava/lang/Object;)Ljava/lang/Object;+6
j  java.lang.reflect.Method.invoke(Ljava/lang/Object;[Ljava/lang/Object;)Ljava/lang/Object;+57
j  sun.reflect.misc.Trampoline.invoke(Ljava/lang/reflect/Method;Ljava/lang/Object;[Ljava/lang/Object;)Ljava/lang/Object;+7
j  sun.reflect.GeneratedMethodAccessor1.invoke(Ljava/lang/Object;[Ljava/lang/Object;)Ljava/lang/Object;+40
j  sun.reflect.DelegatingMethodAccessorImpl.invoke(Ljava/lang/Object;[Ljava/lang/Object;)Ljava/lang/Object;+6
j  java.lang.reflect.Method.invoke(Ljava/lang/Object;[Ljava/lang/Object;)Ljava/lang/Object;+57
j  sun.reflect.misc.MethodUtil.invoke(Ljava/lang/reflect/Method;Ljava/lang/Object;[Ljava/lang/Object;)Ljava/lang/Object;+20
j  javafx.fxml.FXMLLoader$ControllerMethodEventHandler.handle(Ljavafx/event/Event;)V+23
j  com.sun.javafx.event.CompositeEventHandler.dispatchBubblingEvent(Ljavafx/event/Event;)V+62
j  com.sun.javafx.event.EventHandlerManager.dispatchBubblingEvent(Ljavafx/event/EventType;Ljavafx/event/Event;)Ljavafx/event/Event;+29
j  com.sun.javafx.event.EventHandlerManager.dispatchBubblingEvent(Ljavafx/event/Event;)Ljavafx/event/Event;+8
j  com.sun.javafx.event.CompositeEventDispatcher.dispatchBubblingEvent(Ljavafx/event/Event;)Ljavafx/event/Event;+11
j  com.sun.javafx.event.BasicEventDispatcher.dispatchEvent(Ljavafx/event/Event;Ljavafx/event/EventDispatchChain;)Ljavafx/event/Event;+29
j  com.sun.javafx.event.EventDispatchChainImpl.dispatchEvent(Ljavafx/event/Event;)Ljavafx/event/Event;+69
j  com.sun.javafx.event.BasicEventDispatcher.dispatchEvent(Ljavafx/event/Event;Ljavafx/event/EventDispatchChain;)Ljavafx/event/Event;+17
j  com.sun.javafx.event.EventDispatchChainImpl.dispatchEvent(Ljavafx/event/Event;)Ljavafx/event/Event;+69
j  com.sun.javafx.event.BasicEventDispatcher.dispatchEvent(Ljavafx/event/Event;Ljavafx/event/EventDispatchChain;)Ljavafx/event/Event;+17
j  com.sun.javafx.event.EventDispatchChainImpl.dispatchEvent(Ljavafx/event/Event;)Ljavafx/event/Event;+69
j  com.sun.javafx.event.BasicEventDispatcher.dispatchEvent(Ljavafx/event/Event;Ljavafx/event/EventDispatchChain;)Ljavafx/event/Event;+17
j  com.sun.javafx.event.EventDispatchChainImpl.dispatchEvent(Ljavafx/event/Event;)Ljavafx/event/Event;+69
j  com.sun.javafx.event.BasicEventDispatcher.dispatchEvent(Ljavafx/event/Event;Ljavafx/event/EventDispatchChain;)Ljavafx/event/Event;+17
j  com.sun.javafx.event.EventDispatchChainImpl.dispatchEvent(Ljavafx/event/Event;)Ljavafx/event/Event;+69
j  com.sun.javafx.event.EventUtil.fireEventImpl(Ljavafx/event/EventDispatchChain;Ljavafx/event/EventTarget;Ljavafx/event/Event;)Ljavafx/event/Event;+10
j  com.sun.javafx.event.EventUtil.fireEvent(Ljavafx/event/EventTarget;Ljavafx/event/Event;)Ljavafx/event/Event;+37
j  javafx.event.Event.fireEvent(Ljavafx/event/EventTarget;Ljavafx/event/Event;)V+30
j  javafx.scene.Node.fireEvent(Ljavafx/event/Event;)V+86
j  javafx.scene.control.Button.fire()V+8
j  com.sun.javafx.scene.control.behavior.ButtonBehavior.mouseReleased(Ljavafx/scene/input/MouseEvent;)V+23
j  com.sun.javafx.scene.control.skin.SkinBase$4.handle(Ljavafx/scene/input/MouseEvent;)V+83
j  com.sun.javafx.scene.control.skin.SkinBase$4.handle(Ljavafx/event/Event;)V+5
j  com.sun.javafx.event.CompositeEventHandler.dispatchBubblingEvent(Ljavafx/event/Event;)V+42
j  com.sun.javafx.event.EventHandlerManager.dispatchBubblingEvent(Ljavafx/event/EventType;Ljavafx/event/Event;)Ljavafx/event/Event;+29
j  com.sun.javafx.event.EventHandlerManager.dispatchBubblingEvent(Ljavafx/event/Event;)Ljavafx/event/Event;+8
j  com.sun.javafx.event.CompositeEventDispatcher.dispatchBubblingEvent(Ljavafx/event/Event;)Ljavafx/event/Event;+11
j  com.sun.javafx.event.BasicEventDispatcher.dispatchEvent(Ljavafx/event/Event;Ljavafx/event/EventDispatchChain;)Ljavafx/event/Event;+29
j  com.sun.javafx.event.EventDispatchChainImpl.dispatchEvent(Ljavafx/event/Event;)Ljavafx/event/Event;+69
j  com.sun.javafx.event.BasicEventDispatcher.dispatchEvent(Ljavafx/event/Event;Ljavafx/event/EventDispatchChain;)Ljavafx/event/Event;+17
j  com.sun.javafx.event.EventDispatchChainImpl.dispatchEvent(Ljavafx/event/Event;)Ljavafx/event/Event;+69
j  com.sun.javafx.event.BasicEventDispatcher.dispatchEvent(Ljavafx/event/Event;Ljavafx/event/EventDispatchChain;)Ljavafx/event/Event;+17
j  com.sun.javafx.event.EventDispatchChainImpl.dispatchEvent(Ljavafx/event/Event;)Ljavafx/event/Event;+69
j  com.sun.javafx.event.BasicEventDispatcher.dispatchEvent(Ljavafx/event/Event;Ljavafx/event/EventDispatchChain;)Ljavafx/event/Event;+17
j  com.sun.javafx.event.EventDispatchChainImpl.dispatchEvent(Ljavafx/event/Event;)Ljavafx/event/Event;+69
j  com.sun.javafx.event.BasicEventDispatcher.dispatchEvent(Ljavafx/event/Event;Ljavafx/event/EventDispatchChain;)Ljavafx/event/Event;+17
j  com.sun.javafx.event.EventDispatchChainImpl.dispatchEvent(Ljavafx/event/Event;)Ljavafx/event/Event;+69
j  com.sun.javafx.event.BasicEventDispatcher.dispatchEvent(Ljavafx/event/Event;Ljavafx/event/EventDispatchChain;)Ljavafx/event/Event;+17
j  com.sun.javafx.event.EventDispatchChainImpl.dispatchEvent(Ljavafx/event/Event;)Ljavafx/event/Event;+69
j  com.sun.javafx.event.EventUtil.fireEventImpl(Ljavafx/event/EventDispatchChain;Ljavafx/event/EventTarget;Ljavafx/event/Event;)Ljavafx/event/Event;+10
j  com.sun.javafx.event.EventUtil.fireEvent(Ljavafx/event/EventTarget;Ljavafx/event/Event;)Ljavafx/event/Event;+46
j  javafx.event.Event.fireEvent(Ljavafx/event/EventTarget;Ljavafx/event/Event;)V+30
j  javafx.scene.Scene$MouseHandler.process(Ljavafx/scene/input/MouseEvent;Z)V+405
j  javafx.scene.Scene$MouseHandler.process(Ljavafx/scene/input/MouseEvent;)V+3
j  javafx.scene.Scene$MouseHandler.access$1900(Ljavafx/scene/Scene$MouseHandler;Ljavafx/scene/input/MouseEvent;)V+2
j  javafx.scene.Scene.impl_processMouseEvent(Ljavafx/scene/input/MouseEvent;)V+16
j  javafx.scene.Scene$ScenePeerListener.mouseEvent(Ljava/lang/Object;)V+11
j  com.sun.javafx.tk.quantum.GlassViewEventHandler$MouseEventNotification.run()Ljava/lang/Void;+329
j  com.sun.javafx.tk.quantum.GlassViewEventHandler$MouseEventNotification.run()Ljava/lang/Object;+1
v  ~StubRoutines::call_stub
V  [libjvm.so+0x5f8485]  JavaCalls::call_helper(JavaValue*, methodHandle*, JavaCallArguments*, Thread*)+0x365
V  [libjvm.so+0x5f6ee8]  JavaCalls::call(JavaValue*, methodHandle, JavaCallArguments*, Thread*)+0x28
V  [libjvm.so+0x67cc84]  JVM_DoPrivileged+0x2a4
j  java.security.AccessController.doPrivileged(Ljava/security/PrivilegedAction;Ljava/security/AccessControlContext;)Ljava/lang/Object;+0
j  com.sun.javafx.tk.quantum.GlassViewEventHandler.handleMouseEvent(Lcom/sun/glass/ui/View;JIIIIIIIIZZ)V+117
j  com.sun.glass.ui.View.handleMouseEvent(JIIIIIIIIZZ)V+38
j  com.sun.glass.ui.View.notifyMouse(IIIIIIIZZ)V+184
v  ~StubRoutines::call_stub
V  [libjvm.so+0x5f8485]  JavaCalls::call_helper(JavaValue*, methodHandle*, JavaCallArguments*, Thread*)+0x365
V  [libjvm.so+0x5f6ee8]  JavaCalls::call(JavaValue*, methodHandle, JavaCallArguments*, Thread*)+0x28
V  [libjvm.so+0x630ba4]  jni_invoke_nonstatic(JNIEnv_*, JavaValue*, _jobject*, JNICallType, _jmethodID*, JNI_ArgumentPusher*, Thread*)+0x2b4
V  [libjvm.so+0x63fc8c]  jni_CallVoidMethodV+0xec
C  [libglass.so+0x12b58]  JNIEnv_::CallVoidMethod(_jobject*, _jmethodID*, ...)+0x98
C  [libglass.so+0x197b2]  WindowContextBase::process_mouse_button(_GdkEventButton*)+0x132
C  [libglass.so+0x1276f]  process_events(_GdkEvent*, void*)+0x25f

Java frames: (J=compiled Java code, j=interpreted, Vv=VM code)
j  tpx3jui.SpidrDaqJ.setSenseDac(II)Z+0
j  tpx3jui.FXMLDocumentController.handleSenseDACButtonAction(Ljavafx/event/ActionEvent;)V+16
v  ~StubRoutines::call_stub
j  sun.reflect.NativeMethodAccessorImpl.invoke0(Ljava/lang/reflect/Method;Ljava/lang/Object;[Ljava/lang/Object;)Ljava/lang/Object;+0
j  sun.reflect.NativeMethodAccessorImpl.invoke(Ljava/lang/Object;[Ljava/lang/Object;)Ljava/lang/Object;+87
j  sun.reflect.DelegatingMethodAccessorImpl.invoke(Ljava/lang/Object;[Ljava/lang/Object;)Ljava/lang/Object;+6
j  java.lang.reflect.Method.invoke(Ljava/lang/Object;[Ljava/lang/Object;)Ljava/lang/Object;+57
j  sun.reflect.misc.Trampoline.invoke(Ljava/lang/reflect/Method;Ljava/lang/Object;[Ljava/lang/Object;)Ljava/lang/Object;+7
j  sun.reflect.GeneratedMethodAccessor1.invoke(Ljava/lang/Object;[Ljava/lang/Object;)Ljava/lang/Object;+40
j  sun.reflect.DelegatingMethodAccessorImpl.invoke(Ljava/lang/Object;[Ljava/lang/Object;)Ljava/lang/Object;+6
j  java.lang.reflect.Method.invoke(Ljava/lang/Object;[Ljava/lang/Object;)Ljava/lang/Object;+57
j  sun.reflect.misc.MethodUtil.invoke(Ljava/lang/reflect/Method;Ljava/lang/Object;[Ljava/lang/Object;)Ljava/lang/Object;+20
j  javafx.fxml.FXMLLoader$ControllerMethodEventHandler.handle(Ljavafx/event/Event;)V+23
j  com.sun.javafx.event.CompositeEventHandler.dispatchBubblingEvent(Ljavafx/event/Event;)V+62
j  com.sun.javafx.event.EventHandlerManager.dispatchBubblingEvent(Ljavafx/event/EventType;Ljavafx/event/Event;)Ljavafx/event/Event;+29
j  com.sun.javafx.event.EventHandlerManager.dispatchBubblingEvent(Ljavafx/event/Event;)Ljavafx/event/Event;+8
j  com.sun.javafx.event.CompositeEventDispatcher.dispatchBubblingEvent(Ljavafx/event/Event;)Ljavafx/event/Event;+11
j  com.sun.javafx.event.BasicEventDispatcher.dispatchEvent(Ljavafx/event/Event;Ljavafx/event/EventDispatchChain;)Ljavafx/event/Event;+29
j  com.sun.javafx.event.EventDispatchChainImpl.dispatchEvent(Ljavafx/event/Event;)Ljavafx/event/Event;+69
j  com.sun.javafx.event.BasicEventDispatcher.dispatchEvent(Ljavafx/event/Event;Ljavafx/event/EventDispatchChain;)Ljavafx/event/Event;+17
j  com.sun.javafx.event.EventDispatchChainImpl.dispatchEvent(Ljavafx/event/Event;)Ljavafx/event/Event;+69
j  com.sun.javafx.event.BasicEventDispatcher.dispatchEvent(Ljavafx/event/Event;Ljavafx/event/EventDispatchChain;)Ljavafx/event/Event;+17
j  com.sun.javafx.event.EventDispatchChainImpl.dispatchEvent(Ljavafx/event/Event;)Ljavafx/event/Event;+69
j  com.sun.javafx.event.BasicEventDispatcher.dispatchEvent(Ljavafx/event/Event;Ljavafx/event/EventDispatchChain;)Ljavafx/event/Event;+17
j  com.sun.javafx.event.EventDispatchChainImpl.dispatchEvent(Ljavafx/event/Event;)Ljavafx/event/Event;+69
j  com.sun.javafx.event.BasicEventDispatcher.dispatchEvent(Ljavafx/event/Event;Ljavafx/event/EventDispatchChain;)Ljavafx/event/Event;+17
j  com.sun.javafx.event.EventDispatchChainImpl.dispatchEvent(Ljavafx/event/Event;)Ljavafx/event/Event;+69
j  com.sun.javafx.event.EventUtil.fireEventImpl(Ljavafx/event/EventDispatchChain;Ljavafx/event/EventTarget;Ljavafx/event/Event;)Ljavafx/event/Event;+10
j  com.sun.javafx.event.EventUtil.fireEvent(Ljavafx/event/EventTarget;Ljavafx/event/Event;)Ljavafx/event/Event;+37
j  javafx.event.Event.fireEvent(Ljavafx/event/EventTarget;Ljavafx/event/Event;)V+30
j  javafx.scene.Node.fireEvent(Ljavafx/event/Event;)V+86
j  javafx.scene.control.Button.fire()V+8
j  com.sun.javafx.scene.control.behavior.ButtonBehavior.mouseReleased(Ljavafx/scene/input/MouseEvent;)V+23
j  com.sun.javafx.scene.control.skin.SkinBase$4.handle(Ljavafx/scene/input/MouseEvent;)V+83
j  com.sun.javafx.scene.control.skin.SkinBase$4.handle(Ljavafx/event/Event;)V+5
j  com.sun.javafx.event.CompositeEventHandler.dispatchBubblingEvent(Ljavafx/event/Event;)V+42
j  com.sun.javafx.event.EventHandlerManager.dispatchBubblingEvent(Ljavafx/event/EventType;Ljavafx/event/Event;)Ljavafx/event/Event;+29
j  com.sun.javafx.event.EventHandlerManager.dispatchBubblingEvent(Ljavafx/event/Event;)Ljavafx/event/Event;+8
j  com.sun.javafx.event.CompositeEventDispatcher.dispatchBubblingEvent(Ljavafx/event/Event;)Ljavafx/event/Event;+11
j  com.sun.javafx.event.BasicEventDispatcher.dispatchEvent(Ljavafx/event/Event;Ljavafx/event/EventDispatchChain;)Ljavafx/event/Event;+29
j  com.sun.javafx.event.EventDispatchChainImpl.dispatchEvent(Ljavafx/event/Event;)Ljavafx/event/Event;+69
j  com.sun.javafx.event.BasicEventDispatcher.dispatchEvent(Ljavafx/event/Event;Ljavafx/event/EventDispatchChain;)Ljavafx/event/Event;+17
j  com.sun.javafx.event.EventDispatchChainImpl.dispatchEvent(Ljavafx/event/Event;)Ljavafx/event/Event;+69
j  com.sun.javafx.event.BasicEventDispatcher.dispatchEvent(Ljavafx/event/Event;Ljavafx/event/EventDispatchChain;)Ljavafx/event/Event;+17
j  com.sun.javafx.event.EventDispatchChainImpl.dispatchEvent(Ljavafx/event/Event;)Ljavafx/event/Event;+69
j  com.sun.javafx.event.BasicEventDispatcher.dispatchEvent(Ljavafx/event/Event;Ljavafx/event/EventDispatchChain;)Ljavafx/event/Event;+17
j  com.sun.javafx.event.EventDispatchChainImpl.dispatchEvent(Ljavafx/event/Event;)Ljavafx/event/Event;+69
j  com.sun.javafx.event.BasicEventDispatcher.dispatchEvent(Ljavafx/event/Event;Ljavafx/event/EventDispatchChain;)Ljavafx/event/Event;+17
j  com.sun.javafx.event.EventDispatchChainImpl.dispatchEvent(Ljavafx/event/Event;)Ljavafx/event/Event;+69
j  com.sun.javafx.event.BasicEventDispatcher.dispatchEvent(Ljavafx/event/Event;Ljavafx/event/EventDispatchChain;)Ljavafx/event/Event;+17
j  com.sun.javafx.event.EventDispatchChainImpl.dispatchEvent(Ljavafx/event/Event;)Ljavafx/event/Event;+69
j  com.sun.javafx.event.EventUtil.fireEventImpl(Ljavafx/event/EventDispatchChain;Ljavafx/event/EventTarget;Ljavafx/event/Event;)Ljavafx/event/Event;+10
j  com.sun.javafx.event.EventUtil.fireEvent(Ljavafx/event/EventTarget;Ljavafx/event/Event;)Ljavafx/event/Event;+46
j  javafx.event.Event.fireEvent(Ljavafx/event/EventTarget;Ljavafx/event/Event;)V+30
j  javafx.scene.Scene$MouseHandler.process(Ljavafx/scene/input/MouseEvent;Z)V+405
j  javafx.scene.Scene$MouseHandler.process(Ljavafx/scene/input/MouseEvent;)V+3
j  javafx.scene.Scene$MouseHandler.access$1900(Ljavafx/scene/Scene$MouseHandler;Ljavafx/scene/input/MouseEvent;)V+2
j  javafx.scene.Scene.impl_processMouseEvent(Ljavafx/scene/input/MouseEvent;)V+16
j  javafx.scene.Scene$ScenePeerListener.mouseEvent(Ljava/lang/Object;)V+11
j  com.sun.javafx.tk.quantum.GlassViewEventHandler$MouseEventNotification.run()Ljava/lang/Void;+329
j  com.sun.javafx.tk.quantum.GlassViewEventHandler$MouseEventNotification.run()Ljava/lang/Object;+1
v  ~StubRoutines::call_stub
j  java.security.AccessController.doPrivileged(Ljava/security/PrivilegedAction;Ljava/security/AccessControlContext;)Ljava/lang/Object;+0
j  com.sun.javafx.tk.quantum.GlassViewEventHandler.handleMouseEvent(Lcom/sun/glass/ui/View;JIIIIIIIIZZ)V+117
j  com.sun.glass.ui.View.handleMouseEvent(JIIIIIIIIZZ)V+38
j  com.sun.glass.ui.View.notifyMouse(IIIIIIIZZ)V+184
v  ~StubRoutines::call_stub
j  com.sun.glass.ui.gtk.GtkApplication._runLoop([Ljava/lang/String;Lcom/sun/glass/ui/Launchable;Z)V+0
j  com.sun.glass.ui.gtk.GtkApplication$3$1.run()V+38
j  java.lang.Thread.run()V+11
v  ~StubRoutines::call_stub

---------------  P R O C E S S  ---------------

Java Threads: ( => current thread )
  0x00007f37782a9800 JavaThread "Java2D Disposer" daemon [_thread_blocked, id=16085, stack(0x00007f376dff5000,0x00007f376e0f6000)]
  0x00007f3760188000 JavaThread "Prism Font Disposer" daemon [_thread_blocked, id=16084, stack(0x00007f376e61d000,0x00007f376e71e000)]
=>0x00007f37840e8000 JavaThread "JavaFX Application Thread" [_thread_in_native, id=16083, stack(0x00007f376f5b0000,0x00007f376f6b1000)]
  0x00007f37840e7000 JavaThread "Thread-3" daemon [_thread_blocked, id=16082, stack(0x00007f376f6b1000,0x00007f376f7b2000)]
  0x00007f378403e000 JavaThread "Disposer" daemon [_thread_blocked, id=16079, stack(0x00007f37c00a4000,0x00007f37c01a5000)]
  0x00007f378403d000 JavaThread "QuantumRenderer-0" daemon [_thread_blocked, id=16078, stack(0x00007f37c21d8000,0x00007f37c22d9000)]
  0x00007f37cc264800 JavaThread "JavaFX-Launcher" [_thread_blocked, id=16077, stack(0x00007f37c22d9000,0x00007f37c23da000)]
  0x00007f37cc25e000 JavaThread "traceMsgQueueThread" daemon [_thread_blocked, id=16076, stack(0x00007f37c260a000,0x00007f37c270b000)]
  0x00007f37cc15d800 JavaThread "Service Thread" daemon [_thread_blocked, id=16074, stack(0x00007f37c280c000,0x00007f37c290d000)]
  0x00007f37cc15b000 JavaThread "C2 CompilerThread1" daemon [_thread_blocked, id=16073, stack(0x00007f37c290d000,0x00007f37c2a0e000)]
  0x00007f37cc158000 JavaThread "C2 CompilerThread0" daemon [_thread_blocked, id=16072, stack(0x00007f37c2a0e000,0x00007f37c2b0f000)]
  0x00007f37cc14e000 JavaThread "Signal Dispatcher" daemon [_thread_blocked, id=16071, stack(0x00007f37c2b0f000,0x00007f37c2c10000)]
  0x00007f37cc137000 JavaThread "Finalizer" daemon [_thread_blocked, id=16070, stack(0x00007f37c32f3000,0x00007f37c33f4000)]
  0x00007f37cc133000 JavaThread "Reference Handler" daemon [_thread_blocked, id=16069, stack(0x00007f37c33f4000,0x00007f37c34f5000)]
  0x00007f37cc00a000 JavaThread "main" [_thread_blocked, id=16063, stack(0x00007f37d34b2000,0x00007f37d35b3000)]

Other Threads:
  0x00007f37cc130800 VMThread [stack: 0x00007f37c34f5000,0x00007f37c35f6000] [id=16068]
  0x00007f37cc168000 WatcherThread [stack: 0x00007f37c270b000,0x00007f37c280c000] [id=16075]

VM state:not at safepoint (normal execution)

VM Mutex/Monitor currently owned by a thread: None

Heap
 PSYoungGen      total 37376K, used 26689K [0x00000007d6e80000, 0x00000007d9800000, 0x0000000800000000)
  eden space 32256K, 71% used [0x00000007d6e80000,0x00000007d8522ab8,0x00000007d8e00000)
  from space 5120K, 68% used [0x00000007d8e00000,0x00000007d916dc78,0x00000007d9300000)
  to   space 5120K, 0% used [0x00000007d9300000,0x00000007d9300000,0x00000007d9800000)
 ParOldGen       total 83968K, used 8K [0x0000000784c00000, 0x0000000789e00000, 0x00000007d6e80000)
  object space 83968K, 0% used [0x0000000784c00000,0x0000000784c02000,0x0000000789e00000)
 PSPermGen       total 21504K, used 17246K [0x000000077fa00000, 0x0000000780f00000, 0x0000000784c00000)
  object space 21504K, 80% used [0x000000077fa00000,0x0000000780ad7a90,0x0000000780f00000)

Card table byte_map: [0x00007f37d03bf000,0x00007f37d07c3000] byte_map_base: 0x00007f37cc7c2000

Polling page: 0x00007f37d35d4000

Code Cache  [0x00007f37c9000000, 0x00007f37c9270000, 0x00007f37cc000000)
 total_blobs=801 nmethods=238 adapters=516 free_code_cache=47897Kb largest_free_block=49011264

Compilation events (10 events):
Event: 2.904 Thread 0x00007f37cc15b000  234             com.sun.javafx.geom.RectBounds::getMinX (5 bytes)
Event: 2.904 Thread 0x00007f37cc15b000 nmethod 234 0x00007f37c912de50 code [0x00007f37c912df80, 0x00007f37c912dfd8]
Event: 2.957 Thread 0x00007f37cc158000  235             com.sun.javafx.css.Style::getDeclaration (5 bytes)
Event: 2.958 Thread 0x00007f37cc158000 nmethod 235 0x00007f37c912dc50 code [0x00007f37c912dd80, 0x00007f37c912ddf8]
Event: 2.959 Thread 0x00007f37cc15b000  236             com.sun.javafx.geom.RectBounds::getMinY (5 bytes)
Event: 2.959 Thread 0x00007f37cc15b000 nmethod 236 0x00007f37c912da10 code [0x00007f37c912db40, 0x00007f37c912db98]
Event: 3.000 Thread 0x00007f37cc158000  237             java.lang.Math::min (46 bytes)
Event: 3.001 Thread 0x00007f37cc158000 nmethod 237 0x00007f37c9136150 code [0x00007f37c91362a0, 0x00007f37c9136338]
Event: 3.270 Thread 0x00007f37cc15b000  238             com.sun.javafx.geom.RectBounds::getMaxX (5 bytes)
Event: 3.271 Thread 0x00007f37cc15b000 nmethod 238 0x00007f37c913af50 code [0x00007f37c913b080, 0x00007f37c913b0d8]

GC Heap History (2 events):
Event: 0.619 GC heap before
{Heap before GC invocations=1 (full 0):
 PSYoungGen      total 37376K, used 32256K [0x00000007d6e80000, 0x00000007d9800000, 0x0000000800000000)
  eden space 32256K, 100% used [0x00000007d6e80000,0x00000007d8e00000,0x00000007d8e00000)
  from space 5120K, 0% used [0x00000007d9300000,0x00000007d9300000,0x00000007d9800000)
  to   space 5120K, 0% used [0x00000007d8e00000,0x00000007d8e00000,0x00000007d9300000)
 ParOldGen       total 83968K, used 0K [0x0000000784c00000, 0x0000000789e00000, 0x00000007d6e80000)
  object space 83968K, 0% used [0x0000000784c00000,0x0000000784c00000,0x0000000789e00000)
 PSPermGen       total 21504K, used 10398K [0x000000077fa00000, 0x0000000780f00000, 0x0000000784c00000)
  object space 21504K, 48% used [0x000000077fa00000,0x0000000780427a60,0x0000000780f00000)
Event: 0.623 GC heap after
Heap after GC invocations=1 (full 0):
 PSYoungGen      total 37376K, used 3511K [0x00000007d6e80000, 0x00000007d9800000, 0x0000000800000000)
  eden space 32256K, 0% used [0x00000007d6e80000,0x00000007d6e80000,0x00000007d8e00000)
  from space 5120K, 68% used [0x00000007d8e00000,0x00000007d916dc78,0x00000007d9300000)
  to   space 5120K, 0% used [0x00000007d9300000,0x00000007d9300000,0x00000007d9800000)
 ParOldGen       total 83968K, used 8K [0x0000000784c00000, 0x0000000789e00000, 0x00000007d6e80000)
  object space 83968K, 0% used [0x0000000784c00000,0x0000000784c02000,0x0000000789e00000)
 PSPermGen       total 21504K, used 10398K [0x000000077fa00000, 0x0000000780f00000, 0x0000000784c00000)
  object space 21504K, 48% used [0x000000077fa00000,0x0000000780427a60,0x0000000780f00000)
}

Deoptimization events (10 events):
Event: 1.048 Thread 0x00007f378403d000 Uncommon trap: reason=bimorphic action=maybe_recompile pc=0x00007f37c90a3944 method=java.util.HashMap.put(Ljava/lang/Object;Ljava/lang/Object;)Ljava/lang/Object; @ 137
Event: 1.048 Thread 0x00007f378403d000 Uncommon trap: reason=bimorphic action=maybe_recompile pc=0x00007f37c90a8114 method=java.util.HashMap.addEntry(ILjava/lang/Object;Ljava/lang/Object;I)V @ 65
Event: 1.049 Thread 0x00007f378403d000 Uncommon trap: reason=bimorphic action=maybe_recompile pc=0x00007f37c90a3944 method=java.util.HashMap.put(Ljava/lang/Object;Ljava/lang/Object;)Ljava/lang/Object; @ 137
Event: 1.049 Thread 0x00007f378403d000 Uncommon trap: reason=bimorphic action=maybe_recompile pc=0x00007f37c90a8114 method=java.util.HashMap.addEntry(ILjava/lang/Object;Ljava/lang/Object;I)V @ 65
Event: 1.049 Thread 0x00007f378403d000 Uncommon trap: reason=bimorphic action=maybe_recompile pc=0x00007f37c90a3944 method=java.util.HashMap.put(Ljava/lang/Object;Ljava/lang/Object;)Ljava/lang/Object; @ 137
Event: 1.049 Thread 0x00007f378403d000 Uncommon trap: reason=bimorphic action=maybe_recompile pc=0x00007f37c90a8114 method=java.util.HashMap.addEntry(ILjava/lang/Object;Ljava/lang/Object;I)V @ 65
Event: 1.052 Thread 0x00007f378403d000 Uncommon trap: reason=bimorphic action=maybe_recompile pc=0x00007f37c90ce1f8 method=java.util.Collections$UnmodifiableCollection.size()I @ 4
Event: 1.099 Thread 0x00007f378403d000 Uncommon trap: reason=class_check action=maybe_recompile pc=0x00007f37c9066384 method=java.util.Properties$LineReader.readLine()I @ 62
Event: 1.099 Thread 0x00007f378403d000 Uncommon trap: reason=class_check action=maybe_recompile pc=0x00007f37c9066384 method=java.util.Properties$LineReader.readLine()I @ 62
Event: 1.137 Thread 0x00007f378403d000 Uncommon trap: reason=unreached action=reinterpret pc=0x00007f37c90a17b0 method=java.lang.ref.SoftReference.get()Ljava/lang/Object; @ 6

Internal exceptions (10 events):
Event: 1.053 Thread 0x00007f378403d000 Threw 0x00000007d7e13c20 at /HUDSON/workspace/7u-2-build-linux-amd64/jdk7u45/229/hotspot/src/share/vm/prims/jni.cpp:717
Event: 1.055 Thread 0x00007f378403d000 Threw 0x00000007d7e15e98 at /HUDSON/workspace/7u-2-build-linux-amd64/jdk7u45/229/hotspot/src/share/vm/prims/jvm.cpp:1244
Event: 1.055 Thread 0x00007f378403d000 Threw 0x00000007d7e16538 at /HUDSON/workspace/7u-2-build-linux-amd64/jdk7u45/229/hotspot/src/share/vm/prims/jvm.cpp:1244
Event: 1.055 Thread 0x00007f378403d000 Threw 0x00000007d7e17528 at /HUDSON/workspace/7u-2-build-linux-amd64/jdk7u45/229/hotspot/src/share/vm/prims/jvm.cpp:1244
Event: 1.055 Thread 0x00007f378403d000 Threw 0x00000007d7e17be0 at /HUDSON/workspace/7u-2-build-linux-amd64/jdk7u45/229/hotspot/src/share/vm/prims/jvm.cpp:1244
Event: 1.145 Thread 0x00007f378403d000 Threw 0x00000007d8190e38 at /HUDSON/workspace/7u-2-build-linux-amd64/jdk7u45/229/hotspot/src/share/vm/prims/jvm.cpp:1244
Event: 1.153 Thread 0x00007f378403d000 Threw 0x00000007d81b56e8 at /HUDSON/workspace/7u-2-build-linux-amd64/jdk7u45/229/hotspot/src/share/vm/interpreter/linkResolver.cpp:883
Event: 1.992 Thread 0x00007f378403d000 Threw 0x00000007d8331508 at /HUDSON/workspace/7u-2-build-linux-amd64/jdk7u45/229/hotspot/src/share/vm/interpreter/linkResolver.cpp:883
Event: 2.218 Thread 0x00007f378403d000 Threw 0x00000007d843d040 at /HUDSON/workspace/7u-2-build-linux-amd64/jdk7u45/229/hotspot/src/share/vm/interpreter/linkResolver.cpp:883
Event: 2.457 Thread 0x00007f378403d000 Threw 0x00000007d847f590 at /HUDSON/workspace/7u-2-build-linux-amd64/jdk7u45/229/hotspot/src/share/vm/interpreter/linkResolver.cpp:883

Events (10 events):
Event: 2.183 loading class 0x00007f3760217870
Event: 2.183 loading class 0x00007f3760217870 done
Event: 2.183 loading class 0x00007f37602178c0
Event: 2.183 loading class 0x00007f37602178c0 done
Event: 2.192 loading class 0x00007f37904858b0
Event: 2.192 loading class 0x00007f37904858b0 done
Event: 2.193 loading class 0x00007f3790485e90
Event: 2.193 loading class 0x00007f379426a940
Event: 2.193 loading class 0x00007f379426a940 done
Event: 2.193 loading class 0x00007f3790485e90 done


Dynamic libraries:
00400000-00401000 r-xp 00000000 08:05 274205                             /usr/lib/jvm/jdk1.7.0_45/bin/java
00600000-00601000 rw-p 00000000 08:05 274205                             /usr/lib/jvm/jdk1.7.0_45/bin/java
007bf000-007e0000 rw-p 00000000 00:00 0                                  [heap]
77fa00000-780f00000 rw-p 00000000 00:00 0 
780f00000-784c00000 rw-p 00000000 00:00 0 
784c00000-789e00000 rw-p 00000000 00:00 0 
789e00000-7d6e80000 rw-p 00000000 00:00 0 
7d6e80000-7d9800000 rw-p 00000000 00:00 0 
7d9800000-800000000 rw-p 00000000 00:00 0 
7f3758000000-7f3758021000 rw-p 00000000 00:00 0 
7f3758021000-7f375c000000 ---p 00000000 00:00 0 
7f3760000000-7f3760477000 rw-p 00000000 00:00 0 
7f3760477000-7f3764000000 ---p 00000000 00:00 0 
7f3764000000-7f3764021000 rw-p 00000000 00:00 0 
7f3764021000-7f3768000000 ---p 00000000 00:00 0 
7f3768000000-7f3768021000 rw-p 00000000 00:00 0 
7f3768021000-7f376c000000 ---p 00000000 00:00 0 
7f376d4ad000-7f376d515000 r-xp 00000000 08:05 273998                     /usr/lib/jvm/jdk1.7.0_45/jre/lib/amd64/libt2k.so
7f376d515000-7f376d715000 ---p 00068000 08:05 273998                     /usr/lib/jvm/jdk1.7.0_45/jre/lib/amd64/libt2k.so
7f376d715000-7f376d71c000 rw-p 00068000 08:05 273998                     /usr/lib/jvm/jdk1.7.0_45/jre/lib/amd64/libt2k.so
7f376d71c000-7f376d72c000 rw-p 00000000 00:00 0 
7f376d72c000-7f376d73c000 r-xp 00000000 08:05 273996                     /usr/lib/jvm/jdk1.7.0_45/jre/lib/amd64/libnio.so
7f376d73c000-7f376d93c000 ---p 00010000 08:05 273996                     /usr/lib/jvm/jdk1.7.0_45/jre/lib/amd64/libnio.so
7f376d93c000-7f376d93d000 rw-p 00010000 08:05 273996                     /usr/lib/jvm/jdk1.7.0_45/jre/lib/amd64/libnio.so
7f376d93d000-7f376d953000 r-xp 00000000 08:05 273997                     /usr/lib/jvm/jdk1.7.0_45/jre/lib/amd64/libnet.so
7f376d953000-7f376db53000 ---p 00016000 08:05 273997                     /usr/lib/jvm/jdk1.7.0_45/jre/lib/amd64/libnet.so
7f376db53000-7f376db54000 rw-p 00016000 08:05 273997                     /usr/lib/jvm/jdk1.7.0_45/jre/lib/amd64/libnet.so
7f376db54000-7f376dbb4000 r-xp 00000000 08:05 273662                     /usr/lib/jvm/jdk1.7.0_45/jre/lib/amd64/libfontmanager.so
7f376dbb4000-7f376ddb3000 ---p 00060000 08:05 273662                     /usr/lib/jvm/jdk1.7.0_45/jre/lib/amd64/libfontmanager.so
7f376ddb3000-7f376ddb7000 rw-p 0005f000 08:05 273662                     /usr/lib/jvm/jdk1.7.0_45/jre/lib/amd64/libfontmanager.so
7f376ddb7000-7f376ddc8000 rw-p 00000000 00:00 0 
7f376ddc8000-7f376ddf2000 r-xp 00000000 08:05 273940                     /usr/lib/jvm/jdk1.7.0_45/jre/lib/amd64/libdcpr.so
7f376ddf2000-7f376dff2000 ---p 0002a000 08:05 273940                     /usr/lib/jvm/jdk1.7.0_45/jre/lib/amd64/libdcpr.so
7f376dff2000-7f376dff5000 rw-p 0002a000 08:05 273940                     /usr/lib/jvm/jdk1.7.0_45/jre/lib/amd64/libdcpr.so
7f376dff5000-7f376dff8000 ---p 00000000 00:00 0 
7f376dff8000-7f376e0f6000 rw-p 00000000 00:00 0                          [stack:16085]
7f376e0f6000-7f376e146000 r-xp 00000000 08:05 273709                     /usr/lib/jvm/jdk1.7.0_45/jre/lib/amd64/xawt/libmawt.so
7f376e146000-7f376e346000 ---p 00050000 08:05 273709                     /usr/lib/jvm/jdk1.7.0_45/jre/lib/amd64/xawt/libmawt.so
7f376e346000-7f376e34a000 rw-p 00050000 08:05 273709                     /usr/lib/jvm/jdk1.7.0_45/jre/lib/amd64/xawt/libmawt.so
7f376e34a000-7f376e34b000 rw-p 00000000 00:00 0 
7f376e34b000-7f376e3ed000 r-xp 00000000 08:05 273999                     /usr/lib/jvm/jdk1.7.0_45/jre/lib/amd64/libawt.so
7f376e3ed000-7f376e5ed000 ---p 000a2000 08:05 273999                     /usr/lib/jvm/jdk1.7.0_45/jre/lib/amd64/libawt.so
7f376e5ed000-7f376e5f9000 rw-p 000a2000 08:05 273999                     /usr/lib/jvm/jdk1.7.0_45/jre/lib/amd64/libawt.so
7f376e5f9000-7f376e61d000 rw-p 00000000 00:00 0 
7f376e61d000-7f376e620000 ---p 00000000 00:00 0 
7f376e620000-7f376e71e000 rw-p 00000000 00:00 0                          [stack:16084]
7f376e71e000-7f376e776000 r-xp 00000000 08:05 273661                     /usr/lib/jvm/jdk1.7.0_45/jre/lib/amd64/libjavafx-font.so
7f376e776000-7f376e975000 ---p 00058000 08:05 273661                     /usr/lib/jvm/jdk1.7.0_45/jre/lib/amd64/libjavafx-font.so
7f376e975000-7f376e97a000 r--p 00057000 08:05 273661                     /usr/lib/jvm/jdk1.7.0_45/jre/lib/amd64/libjavafx-font.so
7f376e97a000-7f376e97b000 rw-p 0005c000 08:05 273661                     /usr/lib/jvm/jdk1.7.0_45/jre/lib/amd64/libjavafx-font.so
7f376e97b000-7f376e97c000 rw-p 00000000 00:00 0 
7f376e97c000-7f376e97f000 r-xp 00000000 08:05 7345465                    /home/idarraga/NetBeansProjects/TPX3JUI/src/tpx3jui/libSpidrDaqJ.so
7f376e97f000-7f376eb7e000 ---p 00003000 08:05 7345465                    /home/idarraga/NetBeansProjects/TPX3JUI/src/tpx3jui/libSpidrDaqJ.so
7f376eb7e000-7f376eb7f000 r--p 00002000 08:05 7345465                    /home/idarraga/NetBeansProjects/TPX3JUI/src/tpx3jui/libSpidrDaqJ.so
7f376eb7f000-7f376eb80000 rw-p 00003000 08:05 7345465                    /home/idarraga/NetBeansProjects/TPX3JUI/src/tpx3jui/libSpidrDaqJ.so
7f376eb80000-7f376ee46000 r-xp 00000000 08:05 8655425                    /usr/lib/x86_64-linux-gnu/libQtCore.so.4.8.1
7f376ee46000-7f376f045000 ---p 002c6000 08:05 8655425                    /usr/lib/x86_64-linux-gnu/libQtCore.so.4.8.1
7f376f045000-7f376f050000 r--p 002c5000 08:05 8655425                    /usr/lib/x86_64-linux-gnu/libQtCore.so.4.8.1
7f376f050000-7f376f051000 rw-p 002d0000 08:05 8655425                    /usr/lib/x86_64-linux-gnu/libQtCore.so.4.8.1
7f376f051000-7f376f052000 rw-p 00000000 00:00 0 
7f376f052000-7f376f196000 r-xp 00000000 08:05 8655420                    /usr/lib/x86_64-linux-gnu/libQtNetwork.so.4.8.1
7f376f196000-7f376f396000 ---p 00144000 08:05 8655420                    /usr/lib/x86_64-linux-gnu/libQtNetwork.so.4.8.1
7f376f396000-7f376f39c000 r--p 00144000 08:05 8655420                    /usr/lib/x86_64-linux-gnu/libQtNetwork.so.4.8.1
7f376f39c000-7f376f39e000 rw-p 0014a000 08:05 8655420                    /usr/lib/x86_64-linux-gnu/libQtNetwork.so.4.8.1
7f376f39e000-7f376f3ae000 r-xp 00000000 08:05 3146545                    /home/idarraga/daq/SPIDR/software/trunk/Release/libSpidrTpx3Lib.so.1.0.0
7f376f3ae000-7f376f5ae000 ---p 00010000 08:05 3146545                    /home/idarraga/daq/SPIDR/software/trunk/Release/libSpidrTpx3Lib.so.1.0.0
7f376f5ae000-7f376f5af000 r--p 00010000 08:05 3146545                    /home/idarraga/daq/SPIDR/software/trunk/Release/libSpidrTpx3Lib.so.1.0.0
7f376f5af000-7f376f5b0000 rw-p 00011000 08:05 3146545                    /home/idarraga/daq/SPIDR/software/trunk/Release/libSpidrTpx3Lib.so.1.0.0
7f376f5b0000-7f376f5b3000 ---p 00000000 00:00 0 
7f376f5b3000-7f376f6b1000 rw-p 00000000 00:00 0                          [stack:16083]
7f376f6b1000-7f376f6b4000 ---p 00000000 00:00 0 
7f376f6b4000-7f376f7b2000 rw-p 00000000 00:00 0                          [stack:16082]
7f376f7b2000-7f376f7b8000 r-xp 00000000 08:05 8655889                    /usr/lib/x86_64-linux-gnu/libogg.so.0.7.1
7f376f7b8000-7f376f9b7000 ---p 00006000 08:05 8655889                    /usr/lib/x86_64-linux-gnu/libogg.so.0.7.1
7f376f9b7000-7f376f9b8000 r--p 00005000 08:05 8655889                    /usr/lib/x86_64-linux-gnu/libogg.so.0.7.1
7f376f9b8000-7f376f9b9000 rw-p 00006000 08:05 8655889                    /usr/lib/x86_64-linux-gnu/libogg.so.0.7.1
7f376f9b9000-7f376f9e4000 r-xp 00000000 08:05 8656039                    /usr/lib/x86_64-linux-gnu/libvorbis.so.0.4.5
7f376f9e4000-7f376fbe3000 ---p 0002b000 08:05 8656039                    /usr/lib/x86_64-linux-gnu/libvorbis.so.0.4.5
7f376fbe3000-7f376fbe4000 r--p 0002a000 08:05 8656039                    /usr/lib/x86_64-linux-gnu/libvorbis.so.0.4.5
7f376fbe4000-7f376fbe5000 rw-p 0002b000 08:05 8656039                    /usr/lib/x86_64-linux-gnu/libvorbis.so.0.4.5
7f376fbe5000-7f376fbed000 r-xp 00000000 08:05 8655847                    /usr/lib/x86_64-linux-gnu/libltdl.so.7.3.0
7f376fbed000-7f376fded000 ---p 00008000 08:05 8655847                    /usr/lib/x86_64-linux-gnu/libltdl.so.7.3.0
7f376fded000-7f376fdee000 r--p 00008000 08:05 8655847                    /usr/lib/x86_64-linux-gnu/libltdl.so.7.3.0
7f376fdee000-7f376fdef000 rw-p 00009000 08:05 8655847                    /usr/lib/x86_64-linux-gnu/libltdl.so.7.3.0
7f376fdef000-7f376fdff000 r-xp 00000000 08:05 8656014                    /usr/lib/x86_64-linux-gnu/libtdb.so.1.2.9
7f376fdff000-7f376fffe000 ---p 00010000 08:05 8656014                    /usr/lib/x86_64-linux-gnu/libtdb.so.1.2.9
7f376fffe000-7f376ffff000 r--p 0000f000 08:05 8656014                    /usr/lib/x86_64-linux-gnu/libtdb.so.1.2.9
7f376ffff000-7f3770000000 rw-p 00010000 08:05 8656014                    /usr/lib/x86_64-linux-gnu/libtdb.so.1.2.9
7f3770000000-7f3770022000 rw-p 00000000 00:00 0 
7f3770022000-7f3774000000 ---p 00000000 00:00 0 
7f3774000000-7f3774022000 rw-p 00000000 00:00 0 
7f3774022000-7f3778000000 ---p 00000000 00:00 0 
7f3778000000-7f37782e6000 rw-p 00000000 00:00 0 
7f37782e6000-7f377c000000 ---p 00000000 00:00 0 
7f377c000000-7f377c021000 rw-p 00000000 00:00 0 
7f377c021000-7f3780000000 ---p 00000000 00:00 0 
7f3780000000-7f3780021000 rw-p 00000000 00:00 0 
7f3780021000-7f3784000000 ---p 00000000 00:00 0 
7f3784000000-7f37840ea000 rw-p 00000000 00:00 0 
7f37840ea000-7f3788000000 ---p 00000000 00:00 0 
7f3788000000-7f3788021000 rw-p 00000000 00:00 0 
7f3788021000-7f378c000000 ---p 00000000 00:00 0 
7f378c000000-7f378c021000 rw-p 00000000 00:00 0 
7f378c021000-7f3790000000 ---p 00000000 00:00 0 
7f3790000000-7f37909ca000 rw-p 00000000 00:00 0 
7f37909ca000-7f3794000000 ---p 00000000 00:00 0 
7f3794000000-7f3794c0f000 rw-p 00000000 00:00 0 
7f3794c0f000-7f3798000000 ---p 00000000 00:00 0 
7f3798000000-7f3798021000 rw-p 00000000 00:00 0 
7f3798021000-7f379c000000 ---p 00000000 00:00 0 
7f379c000000-7f379c021000 rw-p 00000000 00:00 0 
7f379c021000-7f37a0000000 ---p 00000000 00:00 0 
7f37a0000000-7f37a0021000 rw-p 00000000 00:00 0 
7f37a0021000-7f37a4000000 ---p 00000000 00:00 0 
7f37a4063000-7f37a407c000 r--s 00000000 08:05 527448                     /usr/share/fonts/type1/gsfonts/n022004l.pfb
7f37a407c000-7f37a408f000 r--s 00000000 08:05 531721                     /usr/share/fonts/type1/t1-xfree86-nonfree/l047013t.pfa
7f37a408f000-7f37a40ad000 r--s 00000000 08:05 531720                     /usr/share/fonts/type1/t1-xfree86-nonfree/couri.pfa
7f37a40ad000-7f37a40c6000 r--s 00000000 08:05 527433                     /usr/share/fonts/type1/gsfonts/n021003l.pfb
7f37a40c6000-7f37a40dc000 r--s 00000000 08:05 527442                     /usr/share/fonts/type1/gsfonts/n021024l.pfb
7f37a40dc000-7f37a40ee000 r--s 00000000 08:05 531726                     /usr/share/fonts/type1/t1-xfree86-nonfree/l048016t.pfa
7f37a40ee000-7f37a40f5000 r-xp 00000000 08:05 8656043                    /usr/lib/x86_64-linux-gnu/libvorbisfile.so.3.3.4
7f37a40f5000-7f37a42f4000 ---p 00007000 08:05 8656043                    /usr/lib/x86_64-linux-gnu/libvorbisfile.so.3.3.4
7f37a42f4000-7f37a42f5000 r--p 00006000 08:05 8656043                    /usr/lib/x86_64-linux-gnu/libvorbisfile.so.3.3.4
7f37a42f5000-7f37a42f6000 rw-p 00007000 08:05 8656043                    /usr/lib/x86_64-linux-gnu/libvorbisfile.so.3.3.4
7f37a42f6000-7f37a4305000 r-xp 00000000 08:05 8655572                    /usr/lib/x86_64-linux-gnu/libcanberra.so.0.2.5
7f37a4305000-7f37a4504000 ---p 0000f000 08:05 8655572                    /usr/lib/x86_64-linux-gnu/libcanberra.so.0.2.5
7f37a4504000-7f37a4505000 r--p 0000e000 08:05 8655572                    /usr/lib/x86_64-linux-gnu/libcanberra.so.0.2.5
7f37a4505000-7f37a4506000 rw-p 0000f000 08:05 8655572                    /usr/lib/x86_64-linux-gnu/libcanberra.so.0.2.5
7f37a4506000-7f37a450a000 r-xp 00000000 08:05 8655568                    /usr/lib/x86_64-linux-gnu/libcanberra-gtk.so.0.1.8
7f37a450a000-7f37a4709000 ---p 00004000 08:05 8655568                    /usr/lib/x86_64-linux-gnu/libcanberra-gtk.so.0.1.8
7f37a4709000-7f37a470a000 r--p 00003000 08:05 8655568                    /usr/lib/x86_64-linux-gnu/libcanberra-gtk.so.0.1.8
7f37a470a000-7f37a470b000 rw-p 00004000 08:05 8655568                    /usr/lib/x86_64-linux-gnu/libcanberra-gtk.so.0.1.8
7f37a470b000-7f37a4710000 r-xp 00000000 08:05 3037                       /usr/lib/x86_64-linux-gnu/gtk-2.0/modules/libcanberra-gtk-module.so
7f37a4710000-7f37a490f000 ---p 00005000 08:05 3037                       /usr/lib/x86_64-linux-gnu/gtk-2.0/modules/libcanberra-gtk-module.so
7f37a490f000-7f37a4910000 r--p 00004000 08:05 3037                       /usr/lib/x86_64-linux-gnu/gtk-2.0/modules/libcanberra-gtk-module.so
7f37a4910000-7f37a4911000 rw-p 00005000 08:05 3037                       /usr/lib/x86_64-linux-gnu/gtk-2.0/modules/libcanberra-gtk-module.so
7f37a4911000-7f37a4940000 r-xp 00000000 08:05 3015                       /usr/lib/x86_64-linux-gnu/gtk-2.0/2.10.0/engines/libmurrine.so
7f37a4940000-7f37a4b40000 ---p 0002f000 08:05 3015                       /usr/lib/x86_64-linux-gnu/gtk-2.0/2.10.0/engines/libmurrine.so
7f37a4b40000-7f37a4b41000 r--p 0002f000 08:05 3015                       /usr/lib/x86_64-linux-gnu/gtk-2.0/2.10.0/engines/libmurrine.so
7f37a4b41000-7f37a4b42000 rw-p 00030000 08:05 3015                       /usr/lib/x86_64-linux-gnu/gtk-2.0/2.10.0/engines/libmurrine.so
7f37a4b42000-7f37a4b43000 ---p 00000000 00:00 0 
7f37a4b43000-7f37a5343000 rw-p 00000000 00:00 0                          [stack:16081]
7f37a5343000-7f37a5344000 ---p 00000000 00:00 0 
7f37a5344000-7f37a5b44000 rw-p 00000000 00:00 0                          [stack:16080]
7f37a5b44000-7f37a5b4b000 r-xp 00000000 08:05 2877                       /usr/lib/x86_64-linux-gnu/gio/modules/libdconfsettings.so
7f37a5b4b000-7f37a5d4a000 ---p 00007000 08:05 2877                       /usr/lib/x86_64-linux-gnu/gio/modules/libdconfsettings.so
7f37a5d4a000-7f37a5d4b000 r--p 00006000 08:05 2877                       /usr/lib/x86_64-linux-gnu/gio/modules/libdconfsettings.so
7f37a5d4b000-7f37a5d4c000 rw-p 00007000 08:05 2877                       /usr/lib/x86_64-linux-gnu/gio/modules/libdconfsettings.so
7f37a5d4c000-7f37a5d5c000 r-xp 00000000 08:05 8524905                    /usr/lib/liboverlay-scrollbar-0.2.so.0.0.16
7f37a5d5c000-7f37a5f5b000 ---p 00010000 08:05 8524905                    /usr/lib/liboverlay-scrollbar-0.2.so.0.0.16
7f37a5f5b000-7f37a5f5c000 r--p 0000f000 08:05 8524905                    /usr/lib/liboverlay-scrollbar-0.2.so.0.0.16
7f37a5f5c000-7f37a5f5d000 rw-p 00010000 08:05 8524905                    /usr/lib/liboverlay-scrollbar-0.2.so.0.0.16
7f37a5f5d000-7f37a5f99000 r-xp 00000000 08:05 8392453                    /lib/x86_64-linux-gnu/libpcre.so.3.12.1
7f37a5f99000-7f37a6198000 ---p 0003c000 08:05 8392453                    /lib/x86_64-linux-gnu/libpcre.so.3.12.1
7f37a6198000-7f37a6199000 r--p 0003b000 08:05 8392453                    /lib/x86_64-linux-gnu/libpcre.so.3.12.1
7f37a6199000-7f37a619a000 rw-p 0003c000 08:05 8392453                    /lib/x86_64-linux-gnu/libpcre.so.3.12.1
7f37a619a000-7f37a61a1000 r-xp 00000000 08:05 8655656                    /usr/lib/x86_64-linux-gnu/libffi.so.6.0.0
7f37a61a1000-7f37a63a0000 ---p 00007000 08:05 8655656                    /usr/lib/x86_64-linux-gnu/libffi.so.6.0.0
7f37a63a0000-7f37a63a1000 r--p 00006000 08:05 8655656                    /usr/lib/x86_64-linux-gnu/libffi.so.6.0.0
7f37a63a1000-7f37a63a2000 rw-p 00007000 08:05 8655656                    /usr/lib/x86_64-linux-gnu/libffi.so.6.0.0
7f37a63a2000-7f37a63aa000 r-xp 00000000 08:05 8656062                    /usr/lib/x86_64-linux-gnu/libxcb-render.so.0.0.0
7f37a63aa000-7f37a65aa000 ---p 00008000 08:05 8656062                    /usr/lib/x86_64-linux-gnu/libxcb-render.so.0.0.0
7f37a65aa000-7f37a65ab000 r--p 00008000 08:05 8656062                    /usr/lib/x86_64-linux-gnu/libxcb-render.so.0.0.0
7f37a65ab000-7f37a65ac000 rw-p 00009000 08:05 8656062                    /usr/lib/x86_64-linux-gnu/libxcb-render.so.0.0.0
7f37a65ac000-7f37a65ae000 r-xp 00000000 08:05 8656066                    /usr/lib/x86_64-linux-gnu/libxcb-shm.so.0.0.0
7f37a65ae000-7f37a67ad000 ---p 00002000 08:05 8656066                    /usr/lib/x86_64-linux-gnu/libxcb-shm.so.0.0.0
7f37a67ad000-7f37a67ae000 r--p 00001000 08:05 8656066                    /usr/lib/x86_64-linux-gnu/libxcb-shm.so.0.0.0
7f37a67ae000-7f37a67af000 rw-p 00002000 08:05 8656066                    /usr/lib/x86_64-linux-gnu/libxcb-shm.so.0.0.0
7f37a67af000-7f37a67d5000 r-xp 00000000 08:05 8392457                    /lib/x86_64-linux-gnu/libpng12.so.0.46.0
7f37a67d5000-7f37a69d5000 ---p 00026000 08:05 8392457                    /lib/x86_64-linux-gnu/libpng12.so.0.46.0
7f37a69d5000-7f37a69d6000 r--p 00026000 08:05 8392457                    /lib/x86_64-linux-gnu/libpng12.so.0.46.0
7f37a69d6000-7f37a69d7000 rw-p 00027000 08:05 8392457                    /lib/x86_64-linux-gnu/libpng12.so.0.46.0
7f37a69d7000-7f37a6a67000 r-xp 00000000 08:05 8655481                    /usr/lib/x86_64-linux-gnu/libpixman-1.so.0.30.2
7f37a6a67000-7f37a6c66000 ---p 00090000 08:05 8655481                    /usr/lib/x86_64-linux-gnu/libpixman-1.so.0.30.2
7f37a6c66000-7f37a6c6d000 r--p 0008f000 08:05 8655481                    /usr/lib/x86_64-linux-gnu/libpixman-1.so.0.30.2
7f37a6c6d000-7f37a6c6e000 rw-p 00096000 08:05 8655481                    /usr/lib/x86_64-linux-gnu/libpixman-1.so.0.30.2
7f37a6c6e000-7f37a6c86000 r-xp 00000000 08:05 8388822                    /lib/x86_64-linux-gnu/libresolv-2.15.so
7f37a6c86000-7f37a6e86000 ---p 00018000 08:05 8388822                    /lib/x86_64-linux-gnu/libresolv-2.15.so
7f37a6e86000-7f37a6e87000 r--p 00018000 08:05 8388822                    /lib/x86_64-linux-gnu/libresolv-2.15.so
7f37a6e87000-7f37a6e88000 rw-p 00019000 08:05 8388822                    /lib/x86_64-linux-gnu/libresolv-2.15.so
7f37a6e88000-7f37a6e8a000 rw-p 00000000 00:00 0 
7f37a6e8a000-7f37a6ea7000 r-xp 00000000 08:05 8392468                    /lib/x86_64-linux-gnu/libselinux.so.1
7f37a6ea7000-7f37a70a6000 ---p 0001d000 08:05 8392468                    /lib/x86_64-linux-gnu/libselinux.so.1
7f37a70a6000-7f37a70a7000 r--p 0001c000 08:05 8392468                    /lib/x86_64-linux-gnu/libselinux.so.1
7f37a70a7000-7f37a70a8000 rw-p 0001d000 08:05 8392468                    /lib/x86_64-linux-gnu/libselinux.so.1
7f37a70a8000-7f37a70a9000 rw-p 00000000 00:00 0 
7f37a70a9000-7f37a70ab000 r-xp 00000000 08:05 8655468                    /usr/lib/x86_64-linux-gnu/libXcomposite.so.1.0.0
7f37a70ab000-7f37a72aa000 ---p 00002000 08:05 8655468                    /usr/lib/x86_64-linux-gnu/libXcomposite.so.1.0.0
7f37a72aa000-7f37a72ab000 r--p 00001000 08:05 8655468                    /usr/lib/x86_64-linux-gnu/libXcomposite.so.1.0.0
7f37a72ab000-7f37a72ac000 rw-p 00002000 08:05 8655468                    /usr/lib/x86_64-linux-gnu/libXcomposite.so.1.0.0
7f37a72ac000-7f37a72b5000 r-xp 00000000 08:05 8655470                    /usr/lib/x86_64-linux-gnu/libXcursor.so.1.0.2
7f37a72b5000-7f37a74b4000 ---p 00009000 08:05 8655470                    /usr/lib/x86_64-linux-gnu/libXcursor.so.1.0.2
7f37a74b4000-7f37a74b5000 r--p 00008000 08:05 8655470                    /usr/lib/x86_64-linux-gnu/libXcursor.so.1.0.2
7f37a74b5000-7f37a74b6000 rw-p 00009000 08:05 8655470                    /usr/lib/x86_64-linux-gnu/libXcursor.so.1.0.2
7f37a74b6000-7f37a74bd000 r-xp 00000000 08:05 8655494                    /usr/lib/x86_64-linux-gnu/libXrandr.so.2.2.0
7f37a74bd000-7f37a76bc000 ---p 00007000 08:05 8655494                    /usr/lib/x86_64-linux-gnu/libXrandr.so.2.2.0
7f37a76bc000-7f37a76bd000 r--p 00006000 08:05 8655494                    /usr/lib/x86_64-linux-gnu/libXrandr.so.2.2.0
7f37a76bd000-7f37a76be000 rw-p 00007000 08:05 8655494                    /usr/lib/x86_64-linux-gnu/libXrandr.so.2.2.0
7f37a76be000-7f37a76cd000 r-xp 00000000 08:05 8655477                    /usr/lib/x86_64-linux-gnu/libXi.so.6.1.0
7f37a76cd000-7f37a78cc000 ---p 0000f000 08:05 8655477                    /usr/lib/x86_64-linux-gnu/libXi.so.6.1.0
7f37a78cc000-7f37a78cd000 r--p 0000e000 08:05 8655477                    /usr/lib/x86_64-linux-gnu/libXi.so.6.1.0
7f37a78cd000-7f37a78ce000 rw-p 0000f000 08:05 8655477                    /usr/lib/x86_64-linux-gnu/libXi.so.6.1.0
7f37a78ce000-7f37a78d0000 r-xp 00000000 08:05 8655484                    /usr/lib/x86_64-linux-gnu/libXinerama.so.1.0.0
7f37a78d0000-7f37a7acf000 ---p 00002000 08:05 8655484                    /usr/lib/x86_64-linux-gnu/libXinerama.so.1.0.0
7f37a7acf000-7f37a7ad0000 r--p 00001000 08:05 8655484                    /usr/lib/x86_64-linux-gnu/libXinerama.so.1.0.0
7f37a7ad0000-7f37a7ad1000 rw-p 00002000 08:05 8655484                    /usr/lib/x86_64-linux-gnu/libXinerama.so.1.0.0
7f37a7ad1000-7f37a7ada000 r-xp 00000000 08:05 8655498                    /usr/lib/x86_64-linux-gnu/libXrender.so.1.3.0
7f37a7ada000-7f37a7cd9000 ---p 00009000 08:05 8655498                    /usr/lib/x86_64-linux-gnu/libXrender.so.1.3.0
7f37a7cd9000-7f37a7cda000 r--p 00008000 08:05 8655498                    /usr/lib/x86_64-linux-gnu/libXrender.so.1.3.0
7f37a7cda000-7f37a7cdb000 rw-p 00009000 08:05 8655498                    /usr/lib/x86_64-linux-gnu/libXrender.so.1.3.0
7f37a7cdb000-7f37a7dcd000 r-xp 00000000 08:05 8388612                    /lib/x86_64-linux-gnu/libglib-2.0.so.0.3200.4
7f37a7dcd000-7f37a7fcd000 ---p 000f2000 08:05 8388612                    /lib/x86_64-linux-gnu/libglib-2.0.so.0.3200.4
7f37a7fcd000-7f37a7fce000 r--p 000f2000 08:05 8388612                    /lib/x86_64-linux-gnu/libglib-2.0.so.0.3200.4
7f37a7fce000-7f37a7fcf000 rw-p 000f3000 08:05 8388612                    /lib/x86_64-linux-gnu/libglib-2.0.so.0.3200.4
7f37a7fcf000-7f37ac000000 rw-p 00000000 00:00 0 
7f37ac000000-7f37ac021000 rw-p 00000000 00:00 0 
7f37ac021000-7f37b0000000 ---p 00000000 00:00 0 
7f37b0000000-7f37b0021000 rw-p 00000000 00:00 0 
7f37b0021000-7f37b4000000 ---p 00000000 00:00 0 
7f37b4000000-7f37b4021000 rw-p 00000000 00:00 0 
7f37b4021000-7f37b8000000 ---p 00000000 00:00 0 
7f37b800a000-7f37b800b000 rw-p 00000000 00:00 0 
7f37b800b000-7f37b801d000 r--s 00000000 08:05 531725                     /usr/share/fonts/type1/t1-xfree86-nonfree/l048013t.pfa
7f37b801d000-7f37b802f000 r--s 00000000 08:05 531728                     /usr/share/fonts/type1/t1-xfree86-nonfree/l048036t.pfa
7f37b802f000-7f37b8049000 r--s 00000000 08:05 531731                     /usr/share/fonts/type1/t1-xfree86-nonfree/l049033t.pfa
7f37b8049000-7f37b805f000 r--s 00000000 08:05 527451                     /usr/share/fonts/type1/gsfonts/n022023l.pfb
7f37b805f000-7f37b807e000 r--s 00000000 08:05 531719                     /usr/share/fonts/type1/t1-xfree86-nonfree/courbi.pfa
7f37b807e000-7f37b8092000 r--s 00000000 08:05 531724                     /usr/share/fonts/type1/t1-xfree86-nonfree/l047036t.pfa
7f37b8092000-7f37b80a9000 r--s 00000000 08:05 531730                     /usr/share/fonts/type1/t1-xfree86-nonfree/l049016t.pfa
7f37b80a9000-7f37b80c0000 r--s 00000000 08:05 527439                     /usr/share/fonts/type1/gsfonts/n021023l.pfb
7f37b80c0000-7f37b80ca000 r--s 00000000 08:05 527475                     /usr/share/fonts/type1/mathml/Symbol.pfb
7f37b80ca000-7f37b80e9000 r--s 00000000 08:05 531717                     /usr/share/fonts/type1/t1-xfree86-nonfree/cour.pfa
7f37b80e9000-7f37b80ee000 r-xp 00000000 08:05 8655502                    /usr/lib/x86_64-linux-gnu/libXtst.so.6.1.0
7f37b80ee000-7f37b82ed000 ---p 00005000 08:05 8655502                    /usr/lib/x86_64-linux-gnu/libXtst.so.6.1.0
7f37b82ed000-7f37b82ee000 r--p 00004000 08:05 8655502                    /usr/lib/x86_64-linux-gnu/libXtst.so.6.1.0
7f37b82ee000-7f37b82ef000 rw-p 00005000 08:05 8655502                    /usr/lib/x86_64-linux-gnu/libXtst.so.6.1.0
7f37b82ef000-7f37b82f0000 r-xp 00000000 08:05 8655038                    /usr/lib/x86_64-linux-gnu/libgthread-2.0.so.0.3200.4
7f37b82f0000-7f37b84ef000 ---p 00001000 08:05 8655038                    /usr/lib/x86_64-linux-gnu/libgthread-2.0.so.0.3200.4
7f37b84ef000-7f37b84f0000 r--p 00000000 08:05 8655038                    /usr/lib/x86_64-linux-gnu/libgthread-2.0.so.0.3200.4
7f37b84f0000-7f37b84f1000 rw-p 00001000 08:05 8655038                    /usr/lib/x86_64-linux-gnu/libgthread-2.0.so.0.3200.4
7f37b84f1000-7f37b84f4000 r-xp 00000000 08:05 8655037                    /usr/lib/x86_64-linux-gnu/libgmodule-2.0.so.0.3200.4
7f37b84f4000-7f37b86f3000 ---p 00003000 08:05 8655037                    /usr/lib/x86_64-linux-gnu/libgmodule-2.0.so.0.3200.4
7f37b86f3000-7f37b86f4000 r--p 00002000 08:05 8655037                    /usr/lib/x86_64-linux-gnu/libgmodule-2.0.so.0.3200.4
7f37b86f4000-7f37b86f5000 rw-p 00003000 08:05 8655037                    /usr/lib/x86_64-linux-gnu/libgmodule-2.0.so.0.3200.4
7f37b86f5000-7f37b8742000 r-xp 00000000 08:05 8655040                    /usr/lib/x86_64-linux-gnu/libgobject-2.0.so.0.3200.4
7f37b8742000-7f37b8942000 ---p 0004d000 08:05 8655040                    /usr/lib/x86_64-linux-gnu/libgobject-2.0.so.0.3200.4
7f37b8942000-7f37b8943000 r--p 0004d000 08:05 8655040                    /usr/lib/x86_64-linux-gnu/libgobject-2.0.so.0.3200.4
7f37b8943000-7f37b8944000 rw-p 0004e000 08:05 8655040                    /usr/lib/x86_64-linux-gnu/libgobject-2.0.so.0.3200.4
7f37b8944000-7f37b8978000 r-xp 00000000 08:05 8655658                    /usr/lib/x86_64-linux-gnu/libfontconfig.so.1.4.4
7f37b8978000-7f37b8b78000 ---p 00034000 08:05 8655658                    /usr/lib/x86_64-linux-gnu/libfontconfig.so.1.4.4
7f37b8b78000-7f37b8b79000 r--p 00034000 08:05 8655658                    /usr/lib/x86_64-linux-gnu/libfontconfig.so.1.4.4
7f37b8b79000-7f37b8b7a000 rw-p 00035000 08:05 8655658                    /usr/lib/x86_64-linux-gnu/libfontconfig.so.1.4.4
7f37b8b7a000-7f37b8c10000 r-xp 00000000 08:05 8655666                    /usr/lib/x86_64-linux-gnu/libfreetype.so.6.8.0
7f37b8c10000-7f37b8e0f000 ---p 00096000 08:05 8655666                    /usr/lib/x86_64-linux-gnu/libfreetype.so.6.8.0
7f37b8e0f000-7f37b8e15000 r--p 00095000 08:05 8655666                    /usr/lib/x86_64-linux-gnu/libfreetype.so.6.8.0
7f37b8e15000-7f37b8e16000 rw-p 0009b000 08:05 8655666                    /usr/lib/x86_64-linux-gnu/libfreetype.so.6.8.0
7f37b8e16000-7f37b8e5c000 r-xp 00000000 08:05 8655901                    /usr/lib/x86_64-linux-gnu/libpango-1.0.so.0.3000.0
7f37b8e5c000-7f37b905c000 ---p 00046000 08:05 8655901                    /usr/lib/x86_64-linux-gnu/libpango-1.0.so.0.3000.0
7f37b905c000-7f37b905e000 r--p 00046000 08:05 8655901                    /usr/lib/x86_64-linux-gnu/libpango-1.0.so.0.3000.0
7f37b905e000-7f37b905f000 rw-p 00048000 08:05 8655901                    /usr/lib/x86_64-linux-gnu/libpango-1.0.so.0.3000.0
7f37b905f000-7f37b9118000 r-xp 00000000 08:05 8655564                    /usr/lib/x86_64-linux-gnu/libcairo.so.2.11000.2
7f37b9118000-7f37b9317000 ---p 000b9000 08:05 8655564                    /usr/lib/x86_64-linux-gnu/libcairo.so.2.11000.2
7f37b9317000-7f37b9319000 r--p 000b8000 08:05 8655564                    /usr/lib/x86_64-linux-gnu/libcairo.so.2.11000.2
7f37b9319000-7f37b931a000 rw-p 000ba000 08:05 8655564                    /usr/lib/x86_64-linux-gnu/libcairo.so.2.11000.2
7f37b931a000-7f37b931d000 rw-p 00000000 00:00 0 
7f37b931d000-7f37b9328000 r-xp 00000000 08:05 8655903                    /usr/lib/x86_64-linux-gnu/libpangocairo-1.0.so.0.3000.0
7f37b9328000-7f37b9527000 ---p 0000b000 08:05 8655903                    /usr/lib/x86_64-linux-gnu/libpangocairo-1.0.so.0.3000.0
7f37b9527000-7f37b9528000 r--p 0000a000 08:05 8655903                    /usr/lib/x86_64-linux-gnu/libpangocairo-1.0.so.0.3000.0
7f37b9528000-7f37b9529000 rw-p 0000b000 08:05 8655903                    /usr/lib/x86_64-linux-gnu/libpangocairo-1.0.so.0.3000.0
7f37b9529000-7f37b9547000 r-xp 00000000 08:05 8655687                    /usr/lib/x86_64-linux-gnu/libgdk_pixbuf-2.0.so.0.2600.1
7f37b9547000-7f37b9747000 ---p 0001e000 08:05 8655687                    /usr/lib/x86_64-linux-gnu/libgdk_pixbuf-2.0.so.0.2600.1
7f37b9747000-7f37b9748000 r--p 0001e000 08:05 8655687                    /usr/lib/x86_64-linux-gnu/libgdk_pixbuf-2.0.so.0.2600.1
7f37b9748000-7f37b9749000 rw-p 0001f000 08:05 8655687                    /usr/lib/x86_64-linux-gnu/libgdk_pixbuf-2.0.so.0.2600.1
7f37b9749000-7f37b9772000 r-xp 00000000 08:05 8655905                    /usr/lib/x86_64-linux-gnu/libpangoft2-1.0.so.0.3000.0
7f37b9772000-7f37b9971000 ---p 00029000 08:05 8655905                    /usr/lib/x86_64-linux-gnu/libpangoft2-1.0.so.0.3000.0
7f37b9971000-7f37b9972000 r--p 00028000 08:05 8655905                    /usr/lib/x86_64-linux-gnu/libpangoft2-1.0.so.0.3000.0
7f37b9972000-7f37b9973000 rw-p 00029000 08:05 8655905                    /usr/lib/x86_64-linux-gnu/libpangoft2-1.0.so.0.3000.0
7f37b9973000-7f37b9abb000 r-xp 00000000 08:05 8655039                    /usr/lib/x86_64-linux-gnu/libgio-2.0.so.0.3200.4
7f37b9abb000-7f37b9cba000 ---p 00148000 08:05 8655039                    /usr/lib/x86_64-linux-gnu/libgio-2.0.so.0.3200.4
7f37b9cba000-7f37b9cbe000 r--p 00147000 08:05 8655039                    /usr/lib/x86_64-linux-gnu/libgio-2.0.so.0.3200.4
7f37b9cbe000-7f37b9cc0000 rw-p 0014b000 08:05 8655039                    /usr/lib/x86_64-linux-gnu/libgio-2.0.so.0.3200.4
7f37b9cc0000-7f37b9cc2000 rw-p 00000000 00:00 0 
7f37b9cc2000-7f37b9ce1000 r-xp 00000000 08:05 8655526                    /usr/lib/x86_64-linux-gnu/libatk-1.0.so.0.20409.1
7f37b9ce1000-7f37b9ee1000 ---p 0001f000 08:05 8655526                    /usr/lib/x86_64-linux-gnu/libatk-1.0.so.0.20409.1
7f37b9ee1000-7f37b9ee3000 r--p 0001f000 08:05 8655526                    /usr/lib/x86_64-linux-gnu/libatk-1.0.so.0.20409.1
7f37b9ee3000-7f37b9ee4000 rw-p 00021000 08:05 8655526                    /usr/lib/x86_64-linux-gnu/libatk-1.0.so.0.20409.1
7f37b9ee4000-7f37b9f91000 r-xp 00000000 08:05 8655685                    /usr/lib/x86_64-linux-gnu/libgdk-x11-2.0.so.0.2400.10
7f37b9f91000-7f37ba190000 ---p 000ad000 08:05 8655685                    /usr/lib/x86_64-linux-gnu/libgdk-x11-2.0.so.0.2400.10
7f37ba190000-7f37ba194000 r--p 000ac000 08:05 8655685                    /usr/lib/x86_64-linux-gnu/libgdk-x11-2.0.so.0.2400.10
7f37ba194000-7f37ba196000 rw-p 000b0000 08:05 8655685                    /usr/lib/x86_64-linux-gnu/libgdk-x11-2.0.so.0.2400.10
7f37ba196000-7f37ba5c3000 r-xp 00000000 08:05 8655784                    /usr/lib/x86_64-linux-gnu/libgtk-x11-2.0.so.0.2400.10
7f37ba5c3000-7f37ba7c3000 ---p 0042d000 08:05 8655784                    /usr/lib/x86_64-linux-gnu/libgtk-x11-2.0.so.0.2400.10
7f37ba7c3000-7f37ba7ca000 r--p 0042d000 08:05 8655784                    /usr/lib/x86_64-linux-gnu/libgtk-x11-2.0.so.0.2400.10
7f37ba7ca000-7f37ba7ce000 rw-p 00434000 08:05 8655784                    /usr/lib/x86_64-linux-gnu/libgtk-x11-2.0.so.0.2400.10
7f37ba7ce000-7f37ba7d0000 rw-p 00000000 00:00 0 
7f37ba7d0000-7f37ba7f5000 r-xp 00000000 08:05 273881                     /usr/lib/jvm/jdk1.7.0_45/jre/lib/amd64/libglass.so
7f37ba7f5000-7f37ba9f5000 ---p 00025000 08:05 273881                     /usr/lib/jvm/jdk1.7.0_45/jre/lib/amd64/libglass.so
7f37ba9f5000-7f37ba9f6000 r--p 00025000 08:05 273881                     /usr/lib/jvm/jdk1.7.0_45/jre/lib/amd64/libglass.so
7f37ba9f6000-7f37ba9f7000 rw-p 00026000 08:05 273881                     /usr/lib/jvm/jdk1.7.0_45/jre/lib/amd64/libglass.so
7f37ba9f7000-7f37baa0d000 r-xp 00000000 08:05 8392491                    /lib/x86_64-linux-gnu/libz.so.1.2.3.4
7f37baa0d000-7f37bac0c000 ---p 00016000 08:05 8392491                    /lib/x86_64-linux-gnu/libz.so.1.2.3.4
7f37bac0c000-7f37bac0d000 r--p 00015000 08:05 8392491                    /lib/x86_64-linux-gnu/libz.so.1.2.3.4
7f37bac0d000-7f37bac0e000 rw-p 00016000 08:05 8392491                    /lib/x86_64-linux-gnu/libz.so.1.2.3.4
7f37bac0e000-7f37bac16000 r-xp 00000000 08:05 8655915                    /usr/lib/x86_64-linux-gnu/libpciaccess.so.0.11.0
7f37bac16000-7f37bae15000 ---p 00008000 08:05 8655915                    /usr/lib/x86_64-linux-gnu/libpciaccess.so.0.11.0
7f37bae15000-7f37bae16000 r--p 00007000 08:05 8655915                    /usr/lib/x86_64-linux-gnu/libpciaccess.so.0.11.0
7f37bae16000-7f37bae17000 rw-p 00008000 08:05 8655915                    /usr/lib/x86_64-linux-gnu/libpciaccess.so.0.11.0
7f37bae17000-7f37bae2c000 r-xp 00000000 08:05 8392401                    /lib/x86_64-linux-gnu/libgcc_s.so.1
7f37bae2c000-7f37bb02b000 ---p 00015000 08:05 8392401                    /lib/x86_64-linux-gnu/libgcc_s.so.1
7f37bb02b000-7f37bb02c000 r--p 00014000 08:05 8392401                    /lib/x86_64-linux-gnu/libgcc_s.so.1
7f37bb02c000-7f37bb02d000 rw-p 00015000 08:05 8392401                    /lib/x86_64-linux-gnu/libgcc_s.so.1
7f37bb02d000-7f37bb10f000 r-xp 00000000 08:05 8656006                    /usr/lib/x86_64-linux-gnu/libstdc++.so.6.0.16
7f37bb10f000-7f37bb30e000 ---p 000e2000 08:05 8656006                    /usr/lib/x86_64-linux-gnu/libstdc++.so.6.0.16
7f37bb30e000-7f37bb316000 r--p 000e1000 08:05 8656006                    /usr/lib/x86_64-linux-gnu/libstdc++.so.6.0.16
7f37bb316000-7f37bb318000 rw-p 000e9000 08:05 8656006                    /usr/lib/x86_64-linux-gnu/libstdc++.so.6.0.16
7f37bb318000-7f37bb32d000 rw-p 00000000 00:00 0 
7f37bb32d000-7f37bb34d000 r-xp 00000000 08:05 8657513                    /usr/lib/x86_64-linux-gnu/libdrm_intel.so.1.0.0
7f37bb34d000-7f37bb54c000 ---p 00020000 08:05 8657513                    /usr/lib/x86_64-linux-gnu/libdrm_intel.so.1.0.0
7f37bb54c000-7f37bb54d000 r--p 0001f000 08:05 8657513                    /usr/lib/x86_64-linux-gnu/libdrm_intel.so.1.0.0
7f37bb54d000-7f37bb54e000 rw-p 00020000 08:05 8657513                    /usr/lib/x86_64-linux-gnu/libdrm_intel.so.1.0.0
7f37bb54e000-7f37bb575000 r-xp 00000000 08:05 8392398                    /lib/x86_64-linux-gnu/libexpat.so.1.5.2
7f37bb575000-7f37bb775000 ---p 00027000 08:05 8392398                    /lib/x86_64-linux-gnu/libexpat.so.1.5.2
7f37bb775000-7f37bb777000 r--p 00027000 08:05 8392398                    /lib/x86_64-linux-gnu/libexpat.so.1.5.2
7f37bb777000-7f37bb778000 rw-p 00029000 08:05 8392398                    /lib/x86_64-linux-gnu/libexpat.so.1.5.2
7f37bb778000-7f37bbb0d000 r-xp 00000000 08:05 8655329                    /usr/lib/x86_64-linux-gnu/libdricore9.1.7.so.1.0.0
7f37bbb0d000-7f37bbd0c000 ---p 00395000 08:05 8655329                    /usr/lib/x86_64-linux-gnu/libdricore9.1.7.so.1.0.0
7f37bbd0c000-7f37bbd1d000 r--p 00394000 08:05 8655329                    /usr/lib/x86_64-linux-gnu/libdricore9.1.7.so.1.0.0
7f37bbd1d000-7f37bbd25000 rw-p 003a5000 08:05 8655329                    /usr/lib/x86_64-linux-gnu/libdricore9.1.7.so.1.0.0
7f37bbd25000-7f37bbd3b000 rw-p 00000000 00:00 0 
7f37bbd3b000-7f37bbdfa000 r-xp 00000000 08:05 2829                       /usr/lib/x86_64-linux-gnu/dri/i965_dri.so
7f37bbdfa000-7f37bbffa000 ---p 000bf000 08:05 2829                       /usr/lib/x86_64-linux-gnu/dri/i965_dri.so
7f37bbffa000-7f37bbffd000 r--p 000bf000 08:05 2829                       /usr/lib/x86_64-linux-gnu/dri/i965_dri.so
7f37bbffd000-7f37bbfff000 rw-p 000c2000 08:05 2829                       /usr/lib/x86_64-linux-gnu/dri/i965_dri.so
7f37bbfff000-7f37bc000000 rw-p 00000000 00:00 0 
7f37bc000000-7f37bc021000 rw-p 00000000 00:00 0 
7f37bc021000-7f37c0000000 ---p 00000000 00:00 0 
7f37c0000000-7f37c0001000 rw-p 00000000 00:00 0 
7f37c0001000-7f37c0013000 r--s 00000000 08:05 531727                     /usr/share/fonts/type1/t1-xfree86-nonfree/l048033t.pfa
7f37c0013000-7f37c0024000 r--s 00000000 08:05 527415                     /usr/share/fonts/type1/gsfonts/n019023l.pfb
7f37c0024000-7f37c0038000 r--s 00000000 08:05 527409                     /usr/share/fonts/type1/gsfonts/n019003l.pfb
7f37c0038000-7f37c0057000 r--s 00000000 08:05 531718                     /usr/share/fonts/type1/t1-xfree86-nonfree/courb.pfa
7f37c0057000-7f37c005b000 r--s 000f7000 08:05 273618                     /usr/lib/jvm/jdk1.7.0_45/jre/lib/ext/localedata.jar
7f37c005b000-7f37c005f000 r--s 00000000 08:05 2228442                    /var/cache/fontconfig/5e10083637a12ecd1bff191eb66bfa2f-le64.cache-3
7f37c005f000-7f37c0060000 r--s 00000000 08:05 2228438                    /var/cache/fontconfig/c05880de57d1f5e948fdfacc138775d9-le64.cache-3
7f37c0060000-7f37c0069000 r--s 00000000 08:05 2228433                    /var/cache/fontconfig/945677eb7aeaf62f1d50efc3fb3ec7d8-le64.cache-3
7f37c0069000-7f37c006b000 r--s 00000000 08:05 2228434                    /var/cache/fontconfig/99e8ed0e538f840c565b6ed5dad60d56-le64.cache-3
7f37c006b000-7f37c006f000 r--s 00000000 08:05 2228420                    /var/cache/fontconfig/2cd17615ca594fa2959ae173292e504c-le64.cache-3
7f37c006f000-7f37c0076000 r--s 00000000 08:05 2240007                    /var/cache/fontconfig/bddabcf04192498a6a74911686fc6962-le64.cache-3
7f37c0076000-7f37c007a000 r--s 00000000 08:05 2239934                    /var/cache/fontconfig/a46337af8a0b4c9b317ad981ec3bdf87-le64.cache-3
7f37c007a000-7f37c007d000 r--s 00000000 08:05 2241843                    /var/cache/fontconfig/b5ea634b0fb353b8ea17632d1f9ef766-le64.cache-3
7f37c007d000-7f37c0083000 r--s 00000000 08:05 2228435                    /var/cache/fontconfig/a755afe4a08bf5b97852ceb7400b47bc-le64.cache-3
7f37c0083000-7f37c008c000 r--s 00000000 08:05 2241500                    /var/cache/fontconfig/6d41288fd70b0be22e8c3a91e032eec0-le64.cache-3
7f37c008c000-7f37c009c000 r--s 00000000 08:05 2228417                    /var/cache/fontconfig/04aabc0a78ac019cf9454389977116d2-le64.cache-3
7f37c009c000-7f37c009f000 r--s 00000000 08:05 2228423                    /var/cache/fontconfig/385c0604a188198f04d133e54aba7fe7-le64.cache-3
7f37c009f000-7f37c00a4000 r--s 00000000 08:05 2228421                    /var/cache/fontconfig/3047814df9a2f067bd2d96a2b9c36e5a-le64.cache-3
7f37c00a4000-7f37c00a7000 ---p 00000000 00:00 0 
7f37c00a7000-7f37c01a5000 rw-p 00000000 00:00 0                          [stack:16079]
7f37c01a5000-7f37c01aa000 r-xp 00000000 08:05 8655474                    /usr/lib/x86_64-linux-gnu/libXdmcp.so.6.0.0
7f37c01aa000-7f37c03a9000 ---p 00005000 08:05 8655474                    /usr/lib/x86_64-linux-gnu/libXdmcp.so.6.0.0
7f37c03a9000-7f37c03aa000 r--p 00004000 08:05 8655474                    /usr/lib/x86_64-linux-gnu/libXdmcp.so.6.0.0
7f37c03aa000-7f37c03ab000 rw-p 00005000 08:05 8655474                    /usr/lib/x86_64-linux-gnu/libXdmcp.so.6.0.0
7f37c03ab000-7f37c03ad000 r-xp 00000000 08:05 8655463                    /usr/lib/x86_64-linux-gnu/libXau.so.6.0.0
7f37c03ad000-7f37c05ac000 ---p 00002000 08:05 8655463                    /usr/lib/x86_64-linux-gnu/libXau.so.6.0.0
7f37c05ac000-7f37c05ad000 r--p 00001000 08:05 8655463                    /usr/lib/x86_64-linux-gnu/libXau.so.6.0.0
7f37c05ad000-7f37c05ae000 rw-p 00002000 08:05 8655463                    /usr/lib/x86_64-linux-gnu/libXau.so.6.0.0
7f37c05ae000-7f37c05b8000 r-xp 00000000 08:05 8661130                    /usr/lib/x86_64-linux-gnu/libdrm.so.2.4.0
7f37c05b8000-7f37c07b7000 ---p 0000a000 08:05 8661130                    /usr/lib/x86_64-linux-gnu/libdrm.so.2.4.0
7f37c07b7000-7f37c07b8000 r--p 00009000 08:05 8661130                    /usr/lib/x86_64-linux-gnu/libdrm.so.2.4.0
7f37c07b8000-7f37c07b9000 rw-p 0000a000 08:05 8661130                    /usr/lib/x86_64-linux-gnu/libdrm.so.2.4.0
7f37c07b9000-7f37c07bc000 r-xp 00000000 08:05 8656058                    /usr/lib/x86_64-linux-gnu/libxcb-dri2.so.0.0.0
7f37c07bc000-7f37c09bc000 ---p 00003000 08:05 8656058                    /usr/lib/x86_64-linux-gnu/libxcb-dri2.so.0.0.0
7f37c09bc000-7f37c09bd000 r--p 00003000 08:05 8656058                    /usr/lib/x86_64-linux-gnu/libxcb-dri2.so.0.0.0
7f37c09bd000-7f37c09be000 rw-p 00004000 08:05 8656058                    /usr/lib/x86_64-linux-gnu/libxcb-dri2.so.0.0.0
7f37c09be000-7f37c09d3000 r-xp 00000000 08:05 8656060                    /usr/lib/x86_64-linux-gnu/libxcb-glx.so.0.0.0
7f37c09d3000-7f37c0bd2000 ---p 00015000 08:05 8656060                    /usr/lib/x86_64-linux-gnu/libxcb-glx.so.0.0.0
7f37c0bd2000-7f37c0bd4000 r--p 00014000 08:05 8656060                    /usr/lib/x86_64-linux-gnu/libxcb-glx.so.0.0.0
7f37c0bd4000-7f37c0bd5000 rw-p 00016000 08:05 8656060                    /usr/lib/x86_64-linux-gnu/libxcb-glx.so.0.0.0
7f37c0bd5000-7f37c0bd6000 r-xp 00000000 08:05 8655102                    /usr/lib/x86_64-linux-gnu/libX11-xcb.so.1.0.0
7f37c0bd6000-7f37c0dd5000 ---p 00001000 08:05 8655102                    /usr/lib/x86_64-linux-gnu/libX11-xcb.so.1.0.0
7f37c0dd5000-7f37c0dd6000 r--p 00000000 08:05 8655102                    /usr/lib/x86_64-linux-gnu/libX11-xcb.so.1.0.0
7f37c0dd6000-7f37c0dd7000 rw-p 00001000 08:05 8655102                    /usr/lib/x86_64-linux-gnu/libX11-xcb.so.1.0.0
7f37c0dd7000-7f37c0ddc000 r-xp 00000000 08:05 8655682                    /usr/lib/x86_64-linux-gnu/libXfixes.so.3.1.0
7f37c0ddc000-7f37c0fdb000 ---p 00005000 08:05 8655682                    /usr/lib/x86_64-linux-gnu/libXfixes.so.3.1.0
7f37c0fdb000-7f37c0fdc000 r--p 00004000 08:05 8655682                    /usr/lib/x86_64-linux-gnu/libXfixes.so.3.1.0
7f37c0fdc000-7f37c0fdd000 rw-p 00005000 08:05 8655682                    /usr/lib/x86_64-linux-gnu/libXfixes.so.3.1.0
7f37c0fdd000-7f37c0fdf000 r-xp 00000000 08:05 8655472                    /usr/lib/x86_64-linux-gnu/libXdamage.so.1.1.0
7f37c0fdf000-7f37c11de000 ---p 00002000 08:05 8655472                    /usr/lib/x86_64-linux-gnu/libXdamage.so.1.1.0
7f37c11de000-7f37c11df000 r--p 00001000 08:05 8655472                    /usr/lib/x86_64-linux-gnu/libXdamage.so.1.1.0
7f37c11df000-7f37c11e0000 rw-p 00002000 08:05 8655472                    /usr/lib/x86_64-linux-gnu/libXdamage.so.1.1.0
7f37c11e0000-7f37c1201000 r-xp 00000000 08:05 8655088                    /usr/lib/x86_64-linux-gnu/libglapi.so.0.0.0
7f37c1201000-7f37c1400000 ---p 00021000 08:05 8655088                    /usr/lib/x86_64-linux-gnu/libglapi.so.0.0.0
7f37c1400000-7f37c1403000 r--p 00020000 08:05 8655088                    /usr/lib/x86_64-linux-gnu/libglapi.so.0.0.0
7f37c1403000-7f37c1404000 rw-p 00023000 08:05 8655088                    /usr/lib/x86_64-linux-gnu/libglapi.so.0.0.0
7f37c1404000-7f37c1405000 rw-p 00000000 00:00 0 
7f37c1405000-7f37c1415000 r-xp 00000000 08:05 8655476                    /usr/lib/x86_64-linux-gnu/libXext.so.6.4.0
7f37c1415000-7f37c1614000 ---p 00010000 08:05 8655476                    /usr/lib/x86_64-linux-gnu/libXext.so.6.4.0
7f37c1614000-7f37c1615000 r--p 0000f000 08:05 8655476                    /usr/lib/x86_64-linux-gnu/libXext.so.6.4.0
7f37c1615000-7f37c1616000 rw-p 00010000 08:05 8655476                    /usr/lib/x86_64-linux-gnu/libXext.so.6.4.0
7f37c1616000-7f37c1633000 r-xp 00000000 08:05 8656070                    /usr/lib/x86_64-linux-gnu/libxcb.so.1.1.0
7f37c1633000-7f37c1832000 ---p 0001d000 08:05 8656070                    /usr/lib/x86_64-linux-gnu/libxcb.so.1.1.0
7f37c1832000-7f37c1833000 r--p 0001c000 08:05 8656070                    /usr/lib/x86_64-linux-gnu/libxcb.so.1.1.0
7f37c1833000-7f37c1834000 rw-p 0001d000 08:05 8656070                    /usr/lib/x86_64-linux-gnu/libxcb.so.1.1.0
7f37c1834000-7f37c1890000 r-xp 00000000 08:05 48                         /usr/lib/x86_64-linux-gnu/mesa/libGL.so.1.2.0
7f37c1890000-7f37c1a90000 ---p 0005c000 08:05 48                         /usr/lib/x86_64-linux-gnu/mesa/libGL.so.1.2.0
7f37c1a90000-7f37c1a92000 r--p 0005c000 08:05 48                         /usr/lib/x86_64-linux-gnu/mesa/libGL.so.1.2.0
7f37c1a92000-7f37c1a93000 rw-p 0005e000 08:05 48                         /usr/lib/x86_64-linux-gnu/mesa/libGL.so.1.2.0
7f37c1a93000-7f37c1a94000 rw-p 00000000 00:00 0 
7f37c1a94000-7f37c1a98000 r-xp 00000000 08:05 8655506                    /usr/lib/x86_64-linux-gnu/libXxf86vm.so.1.0.0
7f37c1a98000-7f37c1c97000 ---p 00004000 08:05 8655506                    /usr/lib/x86_64-linux-gnu/libXxf86vm.so.1.0.0
7f37c1c97000-7f37c1c98000 r--p 00003000 08:05 8655506                    /usr/lib/x86_64-linux-gnu/libXxf86vm.so.1.0.0
7f37c1c98000-7f37c1c99000 rw-p 00004000 08:05 8655506                    /usr/lib/x86_64-linux-gnu/libXxf86vm.so.1.0.0
7f37c1c99000-7f37c1dc9000 r-xp 00000000 08:05 8655629                    /usr/lib/x86_64-linux-gnu/libX11.so.6.3.0
7f37c1dc9000-7f37c1fc9000 ---p 00130000 08:05 8655629                    /usr/lib/x86_64-linux-gnu/libX11.so.6.3.0
7f37c1fc9000-7f37c1fca000 r--p 00130000 08:05 8655629                    /usr/lib/x86_64-linux-gnu/libX11.so.6.3.0
7f37c1fca000-7f37c1fce000 rw-p 00131000 08:05 8655629                    /usr/lib/x86_64-linux-gnu/libX11.so.6.3.0
7f37c1fce000-7f37c1fd7000 r-xp 00000000 08:05 273707                     /usr/lib/jvm/jdk1.7.0_45/jre/lib/amd64/libprism-es2.so
7f37c1fd7000-7f37c21d6000 ---p 00009000 08:05 273707                     /usr/lib/jvm/jdk1.7.0_45/jre/lib/amd64/libprism-es2.so
7f37c21d6000-7f37c21d7000 r--p 00008000 08:05 273707                     /usr/lib/jvm/jdk1.7.0_45/jre/lib/amd64/libprism-es2.so
7f37c21d7000-7f37c21d8000 rw-p 00009000 08:05 273707                     /usr/lib/jvm/jdk1.7.0_45/jre/lib/amd64/libprism-es2.so
7f37c21d8000-7f37c21db000 ---p 00000000 00:00 0 
7f37c21db000-7f37c22d9000 rw-p 00000000 00:00 0                          [stack:16078]
7f37c22d9000-7f37c22dc000 ---p 00000000 00:00 0 
7f37c22dc000-7f37c23da000 rw-p 00000000 00:00 0                          [stack:16077]
7f37c23da000-7f37c23f8000 r-xp 00000000 08:05 273838                     /usr/lib/jvm/jdk1.7.0_45/jre/lib/amd64/libdeploy.so
7f37c23f8000-7f37c25f8000 ---p 0001e000 08:05 273838                     /usr/lib/jvm/jdk1.7.0_45/jre/lib/amd64/libdeploy.so
7f37c25f8000-7f37c25fa000 rw-p 0001e000 08:05 273838                     /usr/lib/jvm/jdk1.7.0_45/jre/lib/amd64/libdeploy.so
7f37c25fa000-7f37c260a000 rw-p 00000000 00:00 0 
7f37c260a000-7f37c260d000 ---p 00000000 00:00 0 
7f37c260d000-7f37c270b000 rw-p 00000000 00:00 0                          [stack:16076]
7f37c270b000-7f37c270c000 ---p 00000000 00:00 0 
7f37c270c000-7f37c280c000 rw-p 00000000 00:00 0                          [stack:16075]
7f37c280c000-7f37c280f000 ---p 00000000 00:00 0 
7f37c280f000-7f37c290d000 rw-p 00000000 00:00 0                          [stack:16074]
7f37c290d000-7f37c2910000 ---p 00000000 00:00 0 
7f37c2910000-7f37c2a0e000 rw-p 00000000 00:00 0                          [stack:16073]
7f37c2a0e000-7f37c2a11000 ---p 00000000 00:00 0 
7f37c2a11000-7f37c2b0f000 rw-p 00000000 00:00 0                          [stack:16072]
7f37c2b0f000-7f37c2b12000 ---p 00000000 00:00 0 
7f37c2b12000-7f37c2c10000 rw-p 00000000 00:00 0                          [stack:16071]
7f37c2c10000-7f37c32f3000 r--p 00000000 08:05 8654417                    /usr/lib/locale/locale-archive
7f37c32f3000-7f37c32f6000 ---p 00000000 00:00 0 
7f37c32f6000-7f37c33f4000 rw-p 00000000 00:00 0                          [stack:16070]
7f37c33f4000-7f37c33f7000 ---p 00000000 00:00 0 
7f37c33f7000-7f37c34f5000 rw-p 00000000 00:00 0                          [stack:16069]
7f37c34f5000-7f37c34f6000 ---p 00000000 00:00 0 
7f37c34f6000-7f37c4000000 rw-p 00000000 00:00 0                          [stack:16068]
7f37c4000000-7f37c4021000 rw-p 00000000 00:00 0 
7f37c4021000-7f37c8000000 ---p 00000000 00:00 0 
7f37c8000000-7f37c8001000 r--s 00000000 08:05 2228445                    /var/cache/fontconfig/e7071f4a29fa870f4323321c154eba04-le64.cache-3
7f37c8001000-7f37c8002000 r--s 00000000 08:05 2228418                    /var/cache/fontconfig/0d8c3b2ac0904cb8a57a757ad11a4a08-le64.cache-3
7f37c8002000-7f37c8003000 r--s 00000000 08:05 2234328                    /var/cache/fontconfig/4794a0821666d79190d59a36cb4f44b5-le64.cache-3
7f37c8003000-7f37c8008000 r--s 00000000 08:05 2228436                    /var/cache/fontconfig/b47c4e1ecd0709278f4910c18777a504-le64.cache-3
7f37c8008000-7f37c8018000 r--s 00000000 08:05 2228441                    /var/cache/fontconfig/d52a8644073d54c13679302ca1180695-le64.cache-3
7f37c8018000-7f37c801c000 r--s 00000000 08:05 2241841                    /var/cache/fontconfig/7ef2298fde41cc6eeb7af42e48b7d293-le64.cache-3
7f37c801c000-7f37c8026000 r--s 00250000 08:05 8672025                    /usr/lib/jvm/jdk1.7.0_45/jre/lib/resources.jar
7f37c8026000-7f37c804c000 r--p 00000000 08:05 525768                     /usr/share/glib-2.0/schemas/gschemas.compiled
7f37c804c000-7f37c8053000 r--s 00000000 08:05 6673                       /usr/lib/x86_64-linux-gnu/gconv/gconv-modules.cache
7f37c8053000-7f37c8066000 r--s 000d0000 08:05 8672033                    /usr/lib/jvm/jdk1.7.0_45/jre/lib/plugin.jar
7f37c8066000-7f37c80f4000 r--s 00ddd000 08:05 8672039                    /usr/lib/jvm/jdk1.7.0_45/jre/lib/jfxrt.jar
7f37c80f4000-7f37c8644000 rw-p 00000000 00:00 0 
7f37c8644000-7f37c8800000 r--s 039b2000 08:05 8672055                    /usr/lib/jvm/jdk1.7.0_45/jre/lib/rt.jar
7f37c8800000-7f37c8cfd000 rw-p 00000000 00:00 0 
7f37c8cfd000-7f37c8cfe000 ---p 00000000 00:00 0 
7f37c8cfe000-7f37c8dfe000 rw-p 00000000 00:00 0                          [stack:16067]
7f37c8dfe000-7f37c8dff000 ---p 00000000 00:00 0 
7f37c8dff000-7f37c8eff000 rw-p 00000000 00:00 0                          [stack:16066]
7f37c8eff000-7f37c8f00000 ---p 00000000 00:00 0 
7f37c8f00000-7f37c9000000 rw-p 00000000 00:00 0                          [stack:16065]
7f37c9000000-7f37c9270000 rwxp 00000000 00:00 0 
7f37c9270000-7f37cc29f000 rw-p 00000000 00:00 0 
7f37cc29f000-7f37d0000000 ---p 00000000 00:00 0 
7f37d0000000-7f37d0003000 r--s 00000000 08:05 2228432                    /var/cache/fontconfig/8801497958630a81b71ace7c5f9b32a8-le64.cache-3
7f37d0003000-7f37d0004000 ---p 00000000 00:00 0 
7f37d0004000-7f37d010f000 rw-p 00000000 00:00 0                          [stack:16064]
7f37d010f000-7f37d012d000 rw-p 00000000 00:00 0 
7f37d012d000-7f37d0156000 rw-p 00000000 00:00 0 
7f37d0156000-7f37d03bf000 rw-p 00000000 00:00 0 
7f37d03bf000-7f37d03ca000 rw-p 00000000 00:00 0 
7f37d03ca000-7f37d03e8000 rw-p 00000000 00:00 0 
7f37d03e8000-7f37d0411000 rw-p 00000000 00:00 0 
7f37d0411000-7f37d0679000 rw-p 00000000 00:00 0 
7f37d0679000-7f37d068e000 rw-p 00000000 00:00 0 
7f37d068e000-7f37d07c2000 rw-p 00000000 00:00 0 
7f37d07c2000-7f37d07c3000 rw-p 00000000 00:00 0 
7f37d07c3000-7f37d07dd000 r-xp 00000000 08:05 273995                     /usr/lib/jvm/jdk1.7.0_45/jre/lib/amd64/libzip.so
7f37d07dd000-7f37d09dd000 ---p 0001a000 08:05 273995                     /usr/lib/jvm/jdk1.7.0_45/jre/lib/amd64/libzip.so
7f37d09dd000-7f37d09de000 rw-p 0001a000 08:05 273995                     /usr/lib/jvm/jdk1.7.0_45/jre/lib/amd64/libzip.so
7f37d09de000-7f37d09ea000 r-xp 00000000 08:05 8388821                    /lib/x86_64-linux-gnu/libnss_files-2.15.so
7f37d09ea000-7f37d0be9000 ---p 0000c000 08:05 8388821                    /lib/x86_64-linux-gnu/libnss_files-2.15.so
7f37d0be9000-7f37d0bea000 r--p 0000b000 08:05 8388821                    /lib/x86_64-linux-gnu/libnss_files-2.15.so
7f37d0bea000-7f37d0beb000 rw-p 0000c000 08:05 8388821                    /lib/x86_64-linux-gnu/libnss_files-2.15.so
7f37d0beb000-7f37d0bf5000 r-xp 00000000 08:05 8388825                    /lib/x86_64-linux-gnu/libnss_nis-2.15.so
7f37d0bf5000-7f37d0df5000 ---p 0000a000 08:05 8388825                    /lib/x86_64-linux-gnu/libnss_nis-2.15.so
7f37d0df5000-7f37d0df6000 r--p 0000a000 08:05 8388825                    /lib/x86_64-linux-gnu/libnss_nis-2.15.so
7f37d0df6000-7f37d0df7000 rw-p 0000b000 08:05 8388825                    /lib/x86_64-linux-gnu/libnss_nis-2.15.so
7f37d0df7000-7f37d0e0e000 r-xp 00000000 08:05 8388837                    /lib/x86_64-linux-gnu/libnsl-2.15.so
7f37d0e0e000-7f37d100d000 ---p 00017000 08:05 8388837                    /lib/x86_64-linux-gnu/libnsl-2.15.so
7f37d100d000-7f37d100e000 r--p 00016000 08:05 8388837                    /lib/x86_64-linux-gnu/libnsl-2.15.so
7f37d100e000-7f37d100f000 rw-p 00017000 08:05 8388837                    /lib/x86_64-linux-gnu/libnsl-2.15.so
7f37d100f000-7f37d1011000 rw-p 00000000 00:00 0 
7f37d1011000-7f37d1019000 r-xp 00000000 08:05 8388819                    /lib/x86_64-linux-gnu/libnss_compat-2.15.so
7f37d1019000-7f37d1218000 ---p 00008000 08:05 8388819                    /lib/x86_64-linux-gnu/libnss_compat-2.15.so
7f37d1218000-7f37d1219000 r--p 00007000 08:05 8388819                    /lib/x86_64-linux-gnu/libnss_compat-2.15.so
7f37d1219000-7f37d121a000 rw-p 00008000 08:05 8388819                    /lib/x86_64-linux-gnu/libnss_compat-2.15.so
7f37d121a000-7f37d1243000 r-xp 00000000 08:05 273942                     /usr/lib/jvm/jdk1.7.0_45/jre/lib/amd64/libjava.so
7f37d1243000-7f37d1443000 ---p 00029000 08:05 273942                     /usr/lib/jvm/jdk1.7.0_45/jre/lib/amd64/libjava.so
7f37d1443000-7f37d1445000 rw-p 00029000 08:05 273942                     /usr/lib/jvm/jdk1.7.0_45/jre/lib/amd64/libjava.so
7f37d1445000-7f37d1452000 r-xp 00000000 08:05 273837                     /usr/lib/jvm/jdk1.7.0_45/jre/lib/amd64/libverify.so
7f37d1452000-7f37d1651000 ---p 0000d000 08:05 273837                     /usr/lib/jvm/jdk1.7.0_45/jre/lib/amd64/libverify.so
7f37d1651000-7f37d1653000 rw-p 0000c000 08:05 273837                     /usr/lib/jvm/jdk1.7.0_45/jre/lib/amd64/libverify.so
7f37d1653000-7f37d165a000 r-xp 00000000 08:05 8388824                    /lib/x86_64-linux-gnu/librt-2.15.so
7f37d165a000-7f37d1859000 ---p 00007000 08:05 8388824                    /lib/x86_64-linux-gnu/librt-2.15.so
7f37d1859000-7f37d185a000 r--p 00006000 08:05 8388824                    /lib/x86_64-linux-gnu/librt-2.15.so
7f37d185a000-7f37d185b000 rw-p 00007000 08:05 8388824                    /lib/x86_64-linux-gnu/librt-2.15.so
7f37d185b000-7f37d1956000 r-xp 00000000 08:05 8388828                    /lib/x86_64-linux-gnu/libm-2.15.so
7f37d1956000-7f37d1b55000 ---p 000fb000 08:05 8388828                    /lib/x86_64-linux-gnu/libm-2.15.so
7f37d1b55000-7f37d1b56000 r--p 000fa000 08:05 8388828                    /lib/x86_64-linux-gnu/libm-2.15.so
7f37d1b56000-7f37d1b57000 rw-p 000fb000 08:05 8388828                    /lib/x86_64-linux-gnu/libm-2.15.so
7f37d1b57000-7f37d26b9000 r-xp 00000000 08:05 273676                     /usr/lib/jvm/jdk1.7.0_45/jre/lib/amd64/server/libjvm.so
7f37d26b9000-7f37d28b9000 ---p 00b62000 08:05 273676                     /usr/lib/jvm/jdk1.7.0_45/jre/lib/amd64/server/libjvm.so
7f37d28b9000-7f37d297c000 rw-p 00b62000 08:05 273676                     /usr/lib/jvm/jdk1.7.0_45/jre/lib/amd64/server/libjvm.so
7f37d297c000-7f37d29bd000 rw-p 00000000 00:00 0 
7f37d29bd000-7f37d2b72000 r-xp 00000000 08:05 8388817                    /lib/x86_64-linux-gnu/libc-2.15.so
7f37d2b72000-7f37d2d72000 ---p 001b5000 08:05 8388817                    /lib/x86_64-linux-gnu/libc-2.15.so
7f37d2d72000-7f37d2d76000 r--p 001b5000 08:05 8388817                    /lib/x86_64-linux-gnu/libc-2.15.so
7f37d2d76000-7f37d2d78000 rw-p 001b9000 08:05 8388817                    /lib/x86_64-linux-gnu/libc-2.15.so
7f37d2d78000-7f37d2d7d000 rw-p 00000000 00:00 0 
7f37d2d7d000-7f37d2d7f000 r-xp 00000000 08:05 8388832                    /lib/x86_64-linux-gnu/libdl-2.15.so
7f37d2d7f000-7f37d2f7f000 ---p 00002000 08:05 8388832                    /lib/x86_64-linux-gnu/libdl-2.15.so
7f37d2f7f000-7f37d2f80000 r--p 00002000 08:05 8388832                    /lib/x86_64-linux-gnu/libdl-2.15.so
7f37d2f80000-7f37d2f81000 rw-p 00003000 08:05 8388832                    /lib/x86_64-linux-gnu/libdl-2.15.so
7f37d2f81000-7f37d2f97000 r-xp 00000000 08:05 14692                      /usr/lib/jvm/jdk1.7.0_45/lib/amd64/jli/libjli.so
7f37d2f97000-7f37d3197000 ---p 00016000 08:05 14692                      /usr/lib/jvm/jdk1.7.0_45/lib/amd64/jli/libjli.so
7f37d3197000-7f37d3198000 rw-p 00016000 08:05 14692                      /usr/lib/jvm/jdk1.7.0_45/lib/amd64/jli/libjli.so
7f37d3198000-7f37d31b0000 r-xp 00000000 08:05 8388826                    /lib/x86_64-linux-gnu/libpthread-2.15.so
7f37d31b0000-7f37d33af000 ---p 00018000 08:05 8388826                    /lib/x86_64-linux-gnu/libpthread-2.15.so
7f37d33af000-7f37d33b0000 r--p 00017000 08:05 8388826                    /lib/x86_64-linux-gnu/libpthread-2.15.so
7f37d33b0000-7f37d33b1000 rw-p 00018000 08:05 8388826                    /lib/x86_64-linux-gnu/libpthread-2.15.so
7f37d33b1000-7f37d33b5000 rw-p 00000000 00:00 0 
7f37d33b5000-7f37d33d7000 r-xp 00000000 08:05 8388829                    /lib/x86_64-linux-gnu/ld-2.15.so
7f37d33d7000-7f37d33da000 r--s 00000000 08:05 2235401                    /var/cache/fontconfig/e13b20fdb08344e0e664864cc2ede53d-le64.cache-3
7f37d33da000-7f37d33f2000 r--s 001cd000 08:05 8672034                    /usr/lib/jvm/jdk1.7.0_45/jre/lib/deploy.jar
7f37d33f2000-7f37d33fc000 rw-p 00000000 00:00 0 
7f37d33fc000-7f37d34b2000 rw-p 00000000 00:00 0 
7f37d34b2000-7f37d34b5000 ---p 00000000 00:00 0 
7f37d34b5000-7f37d35b7000 rw-p 00000000 00:00 0                          [stack:16063]
7f37d35b7000-7f37d35b8000 r--s 00000000 08:05 2228426                    /var/cache/fontconfig/56cf4f4769d0f4abc89a4895d7bd3ae1-le64.cache-3
7f37d35b8000-7f37d35b9000 r--s 00000000 08:05 2228437                    /var/cache/fontconfig/b9d506c9ac06c20b433354fa67a72993-le64.cache-3
7f37d35b9000-7f37d35bc000 r--p 00000000 08:05 788319                     /home/idarraga/.config/dconf/user
7f37d35bc000-7f37d35bd000 r--s 00000000 08:05 665109                     /home/idarraga/.cache/dconf/user
7f37d35bd000-7f37d35c6000 r--s 00064000 08:05 8672035                    /usr/lib/jvm/jdk1.7.0_45/jre/lib/javaws.jar
7f37d35c6000-7f37d35ca000 r--s 0008a000 08:05 8672042                    /usr/lib/jvm/jdk1.7.0_45/jre/lib/jsse.jar
7f37d35ca000-7f37d35cb000 r--s 00023000 08:05 7345358                    /home/idarraga/NetBeansProjects/TPX3JUI/dist/run482490619/TPX3JUI.jar
7f37d35cb000-7f37d35d3000 rw-s 00000000 08:05 3672299                    /tmp/hsperfdata_idarraga/16059
7f37d35d3000-7f37d35d4000 rw-p 00000000 00:00 0 
7f37d35d4000-7f37d35d5000 r--p 00000000 00:00 0 
7f37d35d5000-7f37d35d7000 rw-p 00000000 00:00 0 
7f37d35d7000-7f37d35d8000 r--p 00022000 08:05 8388829                    /lib/x86_64-linux-gnu/ld-2.15.so
7f37d35d8000-7f37d35da000 rw-p 00023000 08:05 8388829                    /lib/x86_64-linux-gnu/ld-2.15.so
7fffcb75a000-7fffcb77b000 rw-p 00000000 00:00 0                          [stack]
7fffcb782000-7fffcb784000 r-xp 00000000 00:00 0                          [vdso]
ffffffffff600000-ffffffffff601000 r-xp 00000000 00:00 0                  [vsyscall]

VM Arguments:
jvm_args: -Dfile.encoding=UTF-8 -Djava.library.path=/home/idarraga/daq/SPIDR/software/trunk/Release:/home/idarraga/NetBeansProjects/TPX3JUI/src/tpx3jui 
java_command: /home/idarraga/NetBeansProjects/TPX3JUI/dist/run482490619/TPX3JUI.jar
Launcher Type: SUN_STANDARD

Environment Variables:
PATH=/usr/lib/lightdm/lightdm:/usr/local/sbin:/usr/local/bin:/usr/sbin:/usr/bin:/sbin:/bin:/usr/games
LD_LIBRARY_PATH=/usr/lib/jvm/java-7-openjdk-amd64/jre/lib/amd64:/usr/lib/jvm/java-7-openjdk-amd64/jre/lib/i386:
SHELL=/bin/bash
DISPLAY=:0.0

Signal Handlers:
SIGSEGV: [libjvm.so+0x9935b0], sa_mask[0]=0x7ffbfeff, sa_flags=0x10000004
SIGBUS: [libjvm.so+0x9935b0], sa_mask[0]=0x7ffbfeff, sa_flags=0x10000004
SIGFPE: [libjvm.so+0x810330], sa_mask[0]=0x7ffbfeff, sa_flags=0x10000004
SIGPIPE: SIG_IGN, sa_mask[0]=0x00001000, sa_flags=0x10000000
SIGXFSZ: [libjvm.so+0x810330], sa_mask[0]=0x7ffbfeff, sa_flags=0x10000004
SIGILL: [libjvm.so+0x810330], sa_mask[0]=0x7ffbfeff, sa_flags=0x10000004
SIGUSR1: SIG_DFL, sa_mask[0]=0x00000000, sa_flags=0x00000000
SIGUSR2: [libjvm.so+0x811820], sa_mask[0]=0x00000004, sa_flags=0x10000004
SIGHUP: [libjvm.so+0x812790], sa_mask[0]=0x7ffbfeff, sa_flags=0x10000004
SIGINT: SIG_IGN, sa_mask[0]=0x00000000, sa_flags=0x00000000
SIGTERM: [libjvm.so+0x812790], sa_mask[0]=0x7ffbfeff, sa_flags=0x10000004
SIGQUIT: [libjvm.so+0x812790], sa_mask[0]=0x7ffbfeff, sa_flags=0x10000004


---------------  S Y S T E M  ---------------

OS:wheezy/sid

uname:Linux 3.8.0-35-generic #50~precise1-Ubuntu SMP Wed Dec 4 17:25:51 UTC 2013 x86_64
libc:glibc 2.15 NPTL 2.15 
rlimit: STACK 8192k, CORE 0k, NPROC 62922, NOFILE 4096, AS infinity
load average:0.21 0.10 0.10

/proc/meminfo:
MemTotal:        8073024 kB
MemFree:          591396 kB
Buffers:          428960 kB
Cached:          1889764 kB
SwapCached:            0 kB
Active:          5708424 kB
Inactive:        1370152 kB
Active(anon):    4697700 kB
Inactive(anon):   289564 kB
Active(file):    1010724 kB
Inactive(file):  1080588 kB
Unevictable:          16 kB
Mlocked:              16 kB
SwapTotal:       8282108 kB
SwapFree:        8282108 kB
Dirty:               756 kB
Writeback:             0 kB
AnonPages:       4760156 kB
Mapped:           269796 kB
Shmem:            227412 kB
Slab:             255260 kB
SReclaimable:     221536 kB
SUnreclaim:        33724 kB
KernelStack:        5376 kB
PageTables:        41592 kB
NFS_Unstable:          0 kB
Bounce:                0 kB
WritebackTmp:          0 kB
CommitLimit:    12318620 kB
Committed_AS:    7217064 kB
VmallocTotal:   34359738367 kB
VmallocUsed:      361232 kB
VmallocChunk:   34359374000 kB
HardwareCorrupted:     0 kB
AnonHugePages:         0 kB
HugePages_Total:       0
HugePages_Free:        0
HugePages_Rsvd:        0
HugePages_Surp:        0
Hugepagesize:       2048 kB
DirectMap4k:       53248 kB
DirectMap2M:     8243200 kB


CPU:total 4 (4 cores per cpu, 2 threads per core) family 6 model 58 stepping 9, cmov, cx8, fxsr, mmx, sse, sse2, sse3, ssse3, sse4.1, sse4.2, popcnt, avx, aes, erms, ht, tsc, tscinvbit, tscinv

/proc/cpuinfo:
processor	: 0
vendor_id	: GenuineIntel
cpu family	: 6
model		: 58
model name	: Intel(R) Core(TM) i7-3770 CPU @ 3.40GHz
stepping	: 9
microcode	: 0x16
cpu MHz		: 1600.000
cache size	: 8192 KB
physical id	: 0
siblings	: 4
core id		: 0
cpu cores	: 4
apicid		: 0
initial apicid	: 0
fpu		: yes
fpu_exception	: yes
cpuid level	: 13
wp		: yes
flags		: fpu vme de pse tsc msr pae mce cx8 apic sep mtrr pge mca cmov pat pse36 clflush dts acpi mmx fxsr sse sse2 ss ht tm pbe syscall nx rdtscp lm constant_tsc arch_perfmon pebs bts rep_good nopl xtopology nonstop_tsc aperfmperf eagerfpu pni pclmulqdq dtes64 monitor ds_cpl vmx smx est tm2 ssse3 cx16 xtpr pdcm pcid sse4_1 sse4_2 x2apic popcnt tsc_deadline_timer aes xsave avx f16c rdrand lahf_lm ida arat epb xsaveopt pln pts dtherm tpr_shadow vnmi flexpriority ept vpid fsgsbase smep erms
bogomips	: 6799.82
clflush size	: 64
cache_alignment	: 64
address sizes	: 36 bits physical, 48 bits virtual
power management:

processor	: 1
vendor_id	: GenuineIntel
cpu family	: 6
model		: 58
model name	: Intel(R) Core(TM) i7-3770 CPU @ 3.40GHz
stepping	: 9
microcode	: 0x16
cpu MHz		: 1600.000
cache size	: 8192 KB
physical id	: 0
siblings	: 4
core id		: 1
cpu cores	: 4
apicid		: 2
initial apicid	: 2
fpu		: yes
fpu_exception	: yes
cpuid level	: 13
wp		: yes
flags		: fpu vme de pse tsc msr pae mce cx8 apic sep mtrr pge mca cmov pat pse36 clflush dts acpi mmx fxsr sse sse2 ss ht tm pbe syscall nx rdtscp lm constant_tsc arch_perfmon pebs bts rep_good nopl xtopology nonstop_tsc aperfmperf eagerfpu pni pclmulqdq dtes64 monitor ds_cpl vmx smx est tm2 ssse3 cx16 xtpr pdcm pcid sse4_1 sse4_2 x2apic popcnt tsc_deadline_timer aes xsave avx f16c rdrand lahf_lm ida arat epb xsaveopt pln pts dtherm tpr_shadow vnmi flexpriority ept vpid fsgsbase smep erms
bogomips	: 6799.82
clflush size	: 64
cache_alignment	: 64
address sizes	: 36 bits physical, 48 bits virtual
power management:

processor	: 2
vendor_id	: GenuineIntel
cpu family	: 6
model		: 58
model name	: Intel(R) Core(TM) i7-3770 CPU @ 3.40GHz
stepping	: 9
microcode	: 0x16
cpu MHz		: 1600.000
cache size	: 8192 KB
physical id	: 0
siblings	: 4
core id		: 2
cpu cores	: 4
apicid		: 4
initial apicid	: 4
fpu		: yes
fpu_exception	: yes
cpuid level	: 13
wp		: yes
flags		: fpu vme de pse tsc msr pae mce cx8 apic sep mtrr pge mca cmov pat pse36 clflush dts acpi mmx fxsr sse sse2 ss ht tm pbe syscall nx rdtscp lm constant_tsc arch_perfmon pebs bts rep_good nopl xtopology nonstop_tsc aperfmperf eagerfpu pni pclmulqdq dtes64 monitor ds_cpl vmx smx est tm2 ssse3 cx16 xtpr pdcm pcid sse4_1 sse4_2 x2apic popcnt tsc_deadline_timer aes xsave avx f16c rdrand lahf_lm ida arat epb xsaveopt pln pts dtherm tpr_shadow vnmi flexpriority ept vpid fsgsbase smep erms
bogomips	: 6799.82
clflush size	: 64
cache_alignment	: 64
address sizes	: 36 bits physical, 48 bits virtual
power management:

processor	: 3
vendor_id	: GenuineIntel
cpu family	: 6
model		: 58
model name	: Intel(R) Core(TM) i7-3770 CPU @ 3.40GHz
stepping	: 9
microcode	: 0x16
cpu MHz		: 3401.000
cache size	: 8192 KB
physical id	: 0
siblings	: 4
core id		: 3
cpu cores	: 4
apicid		: 6
initial apicid	: 6
fpu		: yes
fpu_exception	: yes
cpuid level	: 13
wp		: yes
flags		: fpu vme de pse tsc msr pae mce cx8 apic sep mtrr pge mca cmov pat pse36 clflush dts acpi mmx fxsr sse sse2 ss ht tm pbe syscall nx rdtscp lm constant_tsc arch_perfmon pebs bts rep_good nopl xtopology nonstop_tsc aperfmperf eagerfpu pni pclmulqdq dtes64 monitor ds_cpl vmx smx est tm2 ssse3 cx16 xtpr pdcm pcid sse4_1 sse4_2 x2apic popcnt tsc_deadline_timer aes xsave avx f16c rdrand lahf_lm ida arat epb xsaveopt pln pts dtherm tpr_shadow vnmi flexpriority ept vpid fsgsbase smep erms
bogomips	: 6799.82
clflush size	: 64
cache_alignment	: 64
address sizes	: 36 bits physical, 48 bits virtual
power management:



Memory: 4k page, physical 8073024k(591396k free), swap 8282108k(8282108k free)

vm_info: Java HotSpot(TM) 64-Bit Server VM (24.45-b08) for linux-amd64 JRE (1.7.0_45-b18), built on Oct  8 2013 05:44:25 by "java_re" with gcc 4.3.0 20080428 (Red Hat 4.3.0-8)

time: Fri Jan 10 14:01:53 2014
elapsed time: 3 seconds

